

================================================================
== Vivado HLS Report for 'video_mandelbrot_generator'
================================================================
* Date:           Sun Feb  9 13:49:51 2020

* Version:        2019.1 (Build 2552052 on Fri May 24 15:28:33 MDT 2019)
* Project:        Video_Mandelbrot_Generator
* Solution:       solution1_base
* Product family: artix7
* Target device:  xc7a35t-cpg236-1


================================================================
== Performance Estimates
================================================================
+ Timing (ns): 
    * Summary: 
    +--------+-------+----------+------------+
    |  Clock | Target| Estimated| Uncertainty|
    +--------+-------+----------+------------+
    |ap_clk  |  10.00|     1.777|        1.25|
    +--------+-------+----------+------------+

+ Latency (clock cycles): 
    * Summary: 
    +-----+-----+-----+-----+---------+
    |  Latency  |  Interval | Pipeline|
    | min | max | min | max |   Type  |
    +-----+-----+-----+-----+---------+
    |  109|  109|  109|  109|   none  |
    +-----+-----+-----+-----+---------+

    + Detail: 
        * Instance: 
        N/A

        * Loop: 
        +----------+-----+-----+----------+-----------+-----------+------+----------+
        |          |  Latency  | Iteration|  Initiation Interval  | Trip |          |
        | Loop Name| min | max |  Latency |  achieved |   target  | Count| Pipelined|
        +----------+-----+-----+----------+-----------+-----------+------+----------+
        |- out     |  108|  108|        18|          -|          -|     6|    no    |
        | + inner  |   16|   16|         2|          -|          -|     8|    no    |
        +----------+-----+-----+----------+-----------+-----------+------+----------+

============================================================
+ Verbose Summary: Synthesis Manager
============================================================
InlineROM: 1
ExposeGlobal: 0
============================================================
+ Verbose Summary: CDFG Model
============================================================
IsTopModel: 1
ResetActiveHigh: 1
IsCombinational: 0
IsDatapathOnly: 0
HasWiredReturn: 1
HasMFsm: 0
HasVarLatency: 1
IsPipeline: 0
IsRtlPipelined: 0
IsInstanceOverlapped: 0
IsDontTouch: 0
HasImplIP: 0
IsGatedGlobalClock: 0


============================================================
+ Verbose Summary: Schedule
============================================================
* Number of FSM states : 4
* Pipeline : 0
* Dataflow Pipeline: 0

* FSM state transitions: 
1 --> 2 
2 --> 3 
3 --> 4 2 
4 --> 3 

* FSM state operations: 

State 1 <SV = 0> <Delay = 1.66>
ST_1 : Operation 5 [1/1] (0.00ns)   --->   "call void (...)* @_ssdm_op_SpecBitsMap(i24* %VIDEO_OUT_V_data_V), !map !153"   --->   Operation 5 'specbitsmap' <Predicate = true> <Delay = 0.00>
ST_1 : Operation 6 [1/1] (0.00ns)   --->   "call void (...)* @_ssdm_op_SpecBitsMap(i3* %VIDEO_OUT_V_keep_V), !map !157"   --->   Operation 6 'specbitsmap' <Predicate = true> <Delay = 0.00>
ST_1 : Operation 7 [1/1] (0.00ns)   --->   "call void (...)* @_ssdm_op_SpecBitsMap(i3* %VIDEO_OUT_V_strb_V), !map !161"   --->   Operation 7 'specbitsmap' <Predicate = true> <Delay = 0.00>
ST_1 : Operation 8 [1/1] (0.00ns)   --->   "call void (...)* @_ssdm_op_SpecBitsMap(i1* %VIDEO_OUT_V_user_V), !map !165"   --->   Operation 8 'specbitsmap' <Predicate = true> <Delay = 0.00>
ST_1 : Operation 9 [1/1] (0.00ns)   --->   "call void (...)* @_ssdm_op_SpecBitsMap(i1* %VIDEO_OUT_V_last_V), !map !169"   --->   Operation 9 'specbitsmap' <Predicate = true> <Delay = 0.00>
ST_1 : Operation 10 [1/1] (0.00ns)   --->   "call void (...)* @_ssdm_op_SpecBitsMap(i1* %VIDEO_OUT_V_id_V), !map !173"   --->   Operation 10 'specbitsmap' <Predicate = true> <Delay = 0.00>
ST_1 : Operation 11 [1/1] (0.00ns)   --->   "call void (...)* @_ssdm_op_SpecBitsMap(i1* %VIDEO_OUT_V_dest_V), !map !177"   --->   Operation 11 'specbitsmap' <Predicate = true> <Delay = 0.00>
ST_1 : Operation 12 [1/1] (0.00ns)   --->   "call void (...)* @_ssdm_op_SpecBitsMap(i18 %re_V), !map !181"   --->   Operation 12 'specbitsmap' <Predicate = true> <Delay = 0.00>
ST_1 : Operation 13 [1/1] (0.00ns)   --->   "call void (...)* @_ssdm_op_SpecBitsMap(i18 %im_V), !map !187"   --->   Operation 13 'specbitsmap' <Predicate = true> <Delay = 0.00>
ST_1 : Operation 14 [1/1] (0.00ns)   --->   "call void (...)* @_ssdm_op_SpecBitsMap(i18 %zoom_factor_V), !map !191"   --->   Operation 14 'specbitsmap' <Predicate = true> <Delay = 0.00>
ST_1 : Operation 15 [1/1] (0.00ns)   --->   "call void (...)* @_ssdm_op_SpecTopModule([27 x i8]* @video_mandelbrot_gen) nounwind"   --->   Operation 15 'spectopmodule' <Predicate = true> <Delay = 0.00>
ST_1 : Operation 16 [1/1] (0.00ns)   --->   "call void (...)* @_ssdm_op_SpecInterface(i32 0, [10 x i8]* @p_str, i32 0, i32 0, [1 x i8]* @p_str1, i32 0, i32 0, [1 x i8]* @p_str1, [1 x i8]* @p_str1, [1 x i8]* @p_str1, i32 0, i32 0, i32 0, i32 0, [1 x i8]* @p_str1, [1 x i8]* @p_str1) nounwind" [src/cpp/video_mandelbrot_generator.cpp:7]   --->   Operation 16 'specinterface' <Predicate = true> <Delay = 0.00>
ST_1 : Operation 17 [1/1] (0.00ns)   --->   "call void (...)* @_ssdm_op_SpecInterface(i32 0, [10 x i8]* @p_str, i32 0, i32 0, [1 x i8]* @p_str1, i32 0, i32 0, [4 x i8]* @p_str2, [1 x i8]* @p_str1, [1 x i8]* @p_str1, i32 0, i32 0, i32 0, i32 0, [1 x i8]* @p_str1, [1 x i8]* @p_str1) nounwind" [src/cpp/video_mandelbrot_generator.cpp:7]   --->   Operation 17 'specinterface' <Predicate = true> <Delay = 0.00>
ST_1 : Operation 18 [1/1] (0.00ns)   --->   "call void (...)* @_ssdm_op_SpecInterface(i18 %re_V, [10 x i8]* @p_str, i32 0, i32 0, [1 x i8]* @p_str1, i32 0, i32 0, [4 x i8]* @p_str2, [1 x i8]* @p_str1, [1 x i8]* @p_str1, i32 0, i32 0, i32 0, i32 0, [1 x i8]* @p_str1, [1 x i8]* @p_str1) nounwind" [src/cpp/video_mandelbrot_generator.cpp:8]   --->   Operation 18 'specinterface' <Predicate = true> <Delay = 0.00>
ST_1 : Operation 19 [1/1] (0.00ns)   --->   "call void (...)* @_ssdm_op_SpecInterface(i18 %im_V, [10 x i8]* @p_str, i32 0, i32 0, [1 x i8]* @p_str1, i32 0, i32 0, [4 x i8]* @p_str2, [1 x i8]* @p_str1, [1 x i8]* @p_str1, i32 0, i32 0, i32 0, i32 0, [1 x i8]* @p_str1, [1 x i8]* @p_str1) nounwind" [src/cpp/video_mandelbrot_generator.cpp:9]   --->   Operation 19 'specinterface' <Predicate = true> <Delay = 0.00>
ST_1 : Operation 20 [1/1] (0.00ns)   --->   "call void (...)* @_ssdm_op_SpecInterface(i18 %zoom_factor_V, [10 x i8]* @p_str, i32 0, i32 0, [1 x i8]* @p_str1, i32 0, i32 0, [4 x i8]* @p_str2, [1 x i8]* @p_str1, [1 x i8]* @p_str1, i32 0, i32 0, i32 0, i32 0, [1 x i8]* @p_str1, [1 x i8]* @p_str1) nounwind" [src/cpp/video_mandelbrot_generator.cpp:10]   --->   Operation 20 'specinterface' <Predicate = true> <Delay = 0.00>
ST_1 : Operation 21 [1/1] (0.00ns)   --->   "call void (...)* @_ssdm_op_SpecInterface(i24* %VIDEO_OUT_V_data_V, i3* %VIDEO_OUT_V_keep_V, i3* %VIDEO_OUT_V_strb_V, i1* %VIDEO_OUT_V_user_V, i1* %VIDEO_OUT_V_last_V, i1* %VIDEO_OUT_V_id_V, i1* %VIDEO_OUT_V_dest_V, [5 x i8]* @p_str3, i32 1, i32 1, [5 x i8]* @p_str4, i32 0, i32 0, [10 x i8]* @p_str5, [1 x i8]* @p_str1, [1 x i8]* @p_str1, i32 0, i32 0, i32 0, i32 0, [1 x i8]* @p_str1, [1 x i8]* @p_str1) nounwind" [src/cpp/video_mandelbrot_generator.cpp:11]   --->   Operation 21 'specinterface' <Predicate = true> <Delay = 0.00>
ST_1 : Operation 22 [1/1] (1.66ns)   --->   "br label %1" [src/cpp/video_mandelbrot_generator.cpp:25]   --->   Operation 22 'br' <Predicate = true> <Delay = 1.66>

State 2 <SV = 1> <Delay = 1.68>
ST_2 : Operation 23 [1/1] (0.00ns)   --->   "%p_Val2_1 = phi i3 [ 0, %0 ], [ %row, %out_end ]"   --->   Operation 23 'phi' 'p_Val2_1' <Predicate = true> <Delay = 0.00>
ST_2 : Operation 24 [1/1] (1.18ns)   --->   "%icmp_ln25 = icmp eq i3 %p_Val2_1, -2" [src/cpp/video_mandelbrot_generator.cpp:25]   --->   Operation 24 'icmp' 'icmp_ln25' <Predicate = true> <Delay = 1.18> <Core = "Cmp">   --->   Core 25 'Cmp' <Latency = 0> <II = 1> <Delay = 1.44> <FuncUnit> <Opcode : 'icmp'> <InPorts = 2> <OutPorts = 1>
ST_2 : Operation 25 [1/1] (0.00ns)   --->   "%empty = call i32 (...)* @_ssdm_op_SpecLoopTripCount(i64 6, i64 6, i64 6)"   --->   Operation 25 'speclooptripcount' 'empty' <Predicate = true> <Delay = 0.00>
ST_2 : Operation 26 [1/1] (1.68ns)   --->   "%row = add i3 %p_Val2_1, 1" [src/cpp/video_mandelbrot_generator.cpp:25]   --->   Operation 26 'add' 'row' <Predicate = true> <Delay = 1.68> <Core = "AddSub">   --->   Core 14 'AddSub' <Latency = 0> <II = 1> <Delay = 1.77> <FuncUnit> <Opcode : 'add' 'sub'> <InPorts = 2> <OutPorts = 1>
ST_2 : Operation 27 [1/1] (0.00ns)   --->   "br i1 %icmp_ln25, label %3, label %out_begin" [src/cpp/video_mandelbrot_generator.cpp:25]   --->   Operation 27 'br' <Predicate = true> <Delay = 0.00>
ST_2 : Operation 28 [1/1] (0.00ns)   --->   "call void (...)* @_ssdm_op_SpecLoopName([4 x i8]* @p_str6) nounwind" [src/cpp/video_mandelbrot_generator.cpp:26]   --->   Operation 28 'specloopname' <Predicate = (!icmp_ln25)> <Delay = 0.00>
ST_2 : Operation 29 [1/1] (0.00ns)   --->   "%tmp = call i32 (...)* @_ssdm_op_SpecRegionBegin([4 x i8]* @p_str6)" [src/cpp/video_mandelbrot_generator.cpp:26]   --->   Operation 29 'specregionbegin' 'tmp' <Predicate = (!icmp_ln25)> <Delay = 0.00>
ST_2 : Operation 30 [1/1] (1.66ns)   --->   "br label %2" [src/cpp/video_mandelbrot_generator.cpp:27]   --->   Operation 30 'br' <Predicate = (!icmp_ln25)> <Delay = 1.66>
ST_2 : Operation 31 [1/1] (0.00ns)   --->   "ret void" [src/cpp/video_mandelbrot_generator.cpp:91]   --->   Operation 31 'ret' <Predicate = (icmp_ln25)> <Delay = 0.00>

State 3 <SV = 2> <Delay = 1.77>
ST_3 : Operation 32 [1/1] (0.00ns)   --->   "%p_Val2_s = phi i4 [ 0, %out_begin ], [ %col, %_ZrsILi16ELb0EEN11ap_int_baseIXT_EXT0_EE5RTypeIXT_EXT0_EE4arg1ERKS1_i.exit2.i.i.i.i856 ]"   --->   Operation 32 'phi' 'p_Val2_s' <Predicate = true> <Delay = 0.00>
ST_3 : Operation 33 [1/1] (0.00ns)   --->   "%trunc_ln27 = trunc i4 %p_Val2_s to i3" [src/cpp/video_mandelbrot_generator.cpp:27]   --->   Operation 33 'trunc' 'trunc_ln27' <Predicate = true> <Delay = 0.00>
ST_3 : Operation 34 [1/1] (1.44ns)   --->   "%icmp_ln27 = icmp eq i4 %p_Val2_s, -8" [src/cpp/video_mandelbrot_generator.cpp:27]   --->   Operation 34 'icmp' 'icmp_ln27' <Predicate = true> <Delay = 1.44> <Core = "Cmp">   --->   Core 25 'Cmp' <Latency = 0> <II = 1> <Delay = 1.44> <FuncUnit> <Opcode : 'icmp'> <InPorts = 2> <OutPorts = 1>
ST_3 : Operation 35 [1/1] (0.00ns)   --->   "%empty_2 = call i32 (...)* @_ssdm_op_SpecLoopTripCount(i64 8, i64 8, i64 8)"   --->   Operation 35 'speclooptripcount' 'empty_2' <Predicate = true> <Delay = 0.00>
ST_3 : Operation 36 [1/1] (1.77ns)   --->   "%col = add i4 1, %p_Val2_s" [src/cpp/video_mandelbrot_generator.cpp:27]   --->   Operation 36 'add' 'col' <Predicate = true> <Delay = 1.77> <Core = "AddSub">   --->   Core 14 'AddSub' <Latency = 0> <II = 1> <Delay = 1.77> <FuncUnit> <Opcode : 'add' 'sub'> <InPorts = 2> <OutPorts = 1>
ST_3 : Operation 37 [1/1] (0.00ns)   --->   "br i1 %icmp_ln27, label %out_end, label %_ZrsILi16ELb0EEN11ap_int_baseIXT_EXT0_EE5RTypeIXT_EXT0_EE4arg1ERKS1_i.exit2.i.i.i.i856" [src/cpp/video_mandelbrot_generator.cpp:27]   --->   Operation 37 'br' <Predicate = true> <Delay = 0.00>
ST_3 : Operation 38 [1/1] (0.00ns) (grouped into LUT with out node tmp_user_V)   --->   "%or_ln30 = or i3 %trunc_ln27, %p_Val2_1" [src/cpp/video_mandelbrot_generator.cpp:30]   --->   Operation 38 'or' 'or_ln30' <Predicate = (!icmp_ln27)> <Delay = 0.00> <Core = "LogicGate">   --->   Core 27 'LogicGate' <Latency = 0> <II = 1> <Delay = 0.99> <FuncUnit> <Opcode : 'and' 'or' 'xor'> <InPorts = 2> <OutPorts = 1>
ST_3 : Operation 39 [1/1] (1.18ns) (out node of the LUT)   --->   "%tmp_user_V = icmp eq i3 %or_ln30, 0" [src/cpp/video_mandelbrot_generator.cpp:30]   --->   Operation 39 'icmp' 'tmp_user_V' <Predicate = (!icmp_ln27)> <Delay = 1.18> <Core = "Cmp">   --->   Core 25 'Cmp' <Latency = 0> <II = 1> <Delay = 1.44> <FuncUnit> <Opcode : 'icmp'> <InPorts = 2> <OutPorts = 1>
ST_3 : Operation 40 [1/1] (1.44ns)   --->   "%tmp_last_V = icmp eq i4 %p_Val2_s, 7" [src/cpp/video_mandelbrot_generator.cpp:36]   --->   Operation 40 'icmp' 'tmp_last_V' <Predicate = (!icmp_ln27)> <Delay = 1.44> <Core = "Cmp">   --->   Core 25 'Cmp' <Latency = 0> <II = 1> <Delay = 1.44> <FuncUnit> <Opcode : 'icmp'> <InPorts = 2> <OutPorts = 1>
ST_3 : Operation 41 [1/1] (0.00ns)   --->   "%pixel_G = zext i4 %p_Val2_s to i8" [src/cpp/video_mandelbrot_generator.cpp:80]   --->   Operation 41 'zext' 'pixel_G' <Predicate = (!icmp_ln27)> <Delay = 0.00>
ST_3 : Operation 42 [1/1] (0.00ns)   --->   "%pixel_out_V = call i24 @_ssdm_op_BitConcatenate.i24.i16.i8(i16 0, i8 %pixel_G)" [src/cpp/video_mandelbrot_generator.cpp:97->src/cpp/video_mandelbrot_generator.cpp:85]   --->   Operation 42 'bitconcatenate' 'pixel_out_V' <Predicate = (!icmp_ln27)> <Delay = 0.00>
ST_3 : Operation 43 [2/2] (0.00ns)   --->   "call void @_ssdm_op_Write.axis.volatile.i24P.i3P.i3P.i1P.i1P.i1P.i1P(i24* %VIDEO_OUT_V_data_V, i3* %VIDEO_OUT_V_keep_V, i3* %VIDEO_OUT_V_strb_V, i1* %VIDEO_OUT_V_user_V, i1* %VIDEO_OUT_V_last_V, i1* %VIDEO_OUT_V_id_V, i1* %VIDEO_OUT_V_dest_V, i24 %pixel_out_V, i3 undef, i3 undef, i1 %tmp_user_V, i1 %tmp_last_V, i1 undef, i1 undef)" [src/cpp/video_mandelbrot_generator.cpp:88]   --->   Operation 43 'write' <Predicate = (!icmp_ln27)> <Delay = 0.00> <Core = "AXI4Stream">   --->   Core 5 'AXI4Stream' <Latency = 0> <II = 1> <Delay = 1.00> <Adapter> <Opcode : >
ST_3 : Operation 44 [1/1] (0.00ns)   --->   "%empty_3 = call i32 (...)* @_ssdm_op_SpecRegionEnd([4 x i8]* @p_str6, i32 %tmp)" [src/cpp/video_mandelbrot_generator.cpp:90]   --->   Operation 44 'specregionend' 'empty_3' <Predicate = (icmp_ln27)> <Delay = 0.00>
ST_3 : Operation 45 [1/1] (0.00ns)   --->   "br label %1" [src/cpp/video_mandelbrot_generator.cpp:25]   --->   Operation 45 'br' <Predicate = (icmp_ln27)> <Delay = 0.00>

State 4 <SV = 3> <Delay = 0.00>
ST_4 : Operation 46 [1/1] (0.00ns)   --->   "call void (...)* @_ssdm_op_SpecLoopName([6 x i8]* @p_str7) nounwind" [src/cpp/video_mandelbrot_generator.cpp:28]   --->   Operation 46 'specloopname' <Predicate = true> <Delay = 0.00>
ST_4 : Operation 47 [1/2] (0.00ns)   --->   "call void @_ssdm_op_Write.axis.volatile.i24P.i3P.i3P.i1P.i1P.i1P.i1P(i24* %VIDEO_OUT_V_data_V, i3* %VIDEO_OUT_V_keep_V, i3* %VIDEO_OUT_V_strb_V, i1* %VIDEO_OUT_V_user_V, i1* %VIDEO_OUT_V_last_V, i1* %VIDEO_OUT_V_id_V, i1* %VIDEO_OUT_V_dest_V, i24 %pixel_out_V, i3 undef, i3 undef, i1 %tmp_user_V, i1 %tmp_last_V, i1 undef, i1 undef)" [src/cpp/video_mandelbrot_generator.cpp:88]   --->   Operation 47 'write' <Predicate = true> <Delay = 0.00> <Core = "AXI4Stream">   --->   Core 5 'AXI4Stream' <Latency = 0> <II = 1> <Delay = 1.00> <Adapter> <Opcode : >
ST_4 : Operation 48 [1/1] (0.00ns)   --->   "br label %2" [src/cpp/video_mandelbrot_generator.cpp:27]   --->   Operation 48 'br' <Predicate = true> <Delay = 0.00>


============================================================
+ Verbose Summary: Binding
============================================================
STG Binding: 
---------------- STG Properties BEGIN ----------------
- Is combinational: 0
- Is one-state seq: 0
- Is datapath-only: 0
- Is pipelined: 0
- Is top level: 1
Port [ Return ] is wired: 1; IO mode=ap_ctrl_hs:ce=0
Port [ VIDEO_OUT_V_data_V]:  wired=1; compound=1; hidden=0; nouse=0; global=0; static=0; extern=0; dir=1; type=0; pingpong=0; private_global=0; IO mode=axis:ce=0
Port [ VIDEO_OUT_V_keep_V]:  wired=1; compound=1; hidden=0; nouse=0; global=0; static=0; extern=0; dir=1; type=0; pingpong=0; private_global=0; IO mode=axis:ce=0
Port [ VIDEO_OUT_V_strb_V]:  wired=1; compound=1; hidden=0; nouse=0; global=0; static=0; extern=0; dir=1; type=0; pingpong=0; private_global=0; IO mode=axis:ce=0
Port [ VIDEO_OUT_V_user_V]:  wired=1; compound=1; hidden=0; nouse=0; global=0; static=0; extern=0; dir=1; type=0; pingpong=0; private_global=0; IO mode=axis:ce=0
Port [ VIDEO_OUT_V_last_V]:  wired=1; compound=1; hidden=0; nouse=0; global=0; static=0; extern=0; dir=1; type=0; pingpong=0; private_global=0; IO mode=axis:ce=0
Port [ VIDEO_OUT_V_id_V]:  wired=1; compound=1; hidden=0; nouse=0; global=0; static=0; extern=0; dir=1; type=0; pingpong=0; private_global=0; IO mode=axis:ce=0
Port [ VIDEO_OUT_V_dest_V]:  wired=1; compound=1; hidden=0; nouse=0; global=0; static=0; extern=0; dir=1; type=0; pingpong=0; private_global=0; IO mode=axis:ce=0
Port [ re_V]:  wired=1; compound=0; hidden=0; nouse=1; global=0; static=0; extern=0; dir=0; type=0; pingpong=0; private_global=0; IO mode=ap_none:ce=0
Port [ im_V]:  wired=1; compound=0; hidden=0; nouse=1; global=0; static=0; extern=0; dir=0; type=0; pingpong=0; private_global=0; IO mode=ap_none:ce=0
Port [ zoom_factor_V]:  wired=1; compound=0; hidden=0; nouse=1; global=0; static=0; extern=0; dir=0; type=0; pingpong=0; private_global=0; IO mode=ap_none:ce=0
---------------- STG Properties END ------------------

---------------- Datapath Model BEGIN ----------------

<LifeTime>
<method=bitvector/>
specbitsmap_ln0    (specbitsmap      ) [ 00000]
specbitsmap_ln0    (specbitsmap      ) [ 00000]
specbitsmap_ln0    (specbitsmap      ) [ 00000]
specbitsmap_ln0    (specbitsmap      ) [ 00000]
specbitsmap_ln0    (specbitsmap      ) [ 00000]
specbitsmap_ln0    (specbitsmap      ) [ 00000]
specbitsmap_ln0    (specbitsmap      ) [ 00000]
specbitsmap_ln0    (specbitsmap      ) [ 00000]
specbitsmap_ln0    (specbitsmap      ) [ 00000]
specbitsmap_ln0    (specbitsmap      ) [ 00000]
spectopmodule_ln0  (spectopmodule    ) [ 00000]
specinterface_ln7  (specinterface    ) [ 00000]
specinterface_ln7  (specinterface    ) [ 00000]
specinterface_ln8  (specinterface    ) [ 00000]
specinterface_ln9  (specinterface    ) [ 00000]
specinterface_ln10 (specinterface    ) [ 00000]
specinterface_ln11 (specinterface    ) [ 00000]
br_ln25            (br               ) [ 01111]
p_Val2_1           (phi              ) [ 00111]
icmp_ln25          (icmp             ) [ 00111]
empty              (speclooptripcount) [ 00000]
row                (add              ) [ 01111]
br_ln25            (br               ) [ 00000]
specloopname_ln26  (specloopname     ) [ 00000]
tmp                (specregionbegin  ) [ 00011]
br_ln27            (br               ) [ 00111]
ret_ln91           (ret              ) [ 00000]
p_Val2_s           (phi              ) [ 00010]
trunc_ln27         (trunc            ) [ 00000]
icmp_ln27          (icmp             ) [ 00111]
empty_2            (speclooptripcount) [ 00000]
col                (add              ) [ 00111]
br_ln27            (br               ) [ 00000]
or_ln30            (or               ) [ 00000]
tmp_user_V         (icmp             ) [ 00001]
tmp_last_V         (icmp             ) [ 00001]
pixel_G            (zext             ) [ 00000]
pixel_out_V        (bitconcatenate   ) [ 00001]
empty_3            (specregionend    ) [ 00000]
br_ln25            (br               ) [ 01111]
specloopname_ln28  (specloopname     ) [ 00000]
write_ln88         (write            ) [ 00000]
br_ln27            (br               ) [ 00111]
</LifeTime>

<model>

<comp_list>
<comp id="0" class="1000" name="VIDEO_OUT_V_data_V">
<pin_list>
<pin id="1" dir="1" index="0" bw="1" slack="0"/>
</pin_list>
<bind>
<StgValue><ssdm name="VIDEO_OUT_V_data_V"/></StgValue>
</bind>
</comp>

<comp id="2" class="1000" name="VIDEO_OUT_V_keep_V">
<pin_list>
<pin id="3" dir="1" index="0" bw="1" slack="0"/>
</pin_list>
<bind>
<StgValue><ssdm name="VIDEO_OUT_V_keep_V"/></StgValue>
</bind>
</comp>

<comp id="4" class="1000" name="VIDEO_OUT_V_strb_V">
<pin_list>
<pin id="5" dir="1" index="0" bw="1" slack="0"/>
</pin_list>
<bind>
<StgValue><ssdm name="VIDEO_OUT_V_strb_V"/></StgValue>
</bind>
</comp>

<comp id="6" class="1000" name="VIDEO_OUT_V_user_V">
<pin_list>
<pin id="7" dir="1" index="0" bw="1" slack="0"/>
</pin_list>
<bind>
<StgValue><ssdm name="VIDEO_OUT_V_user_V"/></StgValue>
</bind>
</comp>

<comp id="8" class="1000" name="VIDEO_OUT_V_last_V">
<pin_list>
<pin id="9" dir="1" index="0" bw="1" slack="0"/>
</pin_list>
<bind>
<StgValue><ssdm name="VIDEO_OUT_V_last_V"/></StgValue>
</bind>
</comp>

<comp id="10" class="1000" name="VIDEO_OUT_V_id_V">
<pin_list>
<pin id="11" dir="1" index="0" bw="1" slack="0"/>
</pin_list>
<bind>
<StgValue><ssdm name="VIDEO_OUT_V_id_V"/></StgValue>
</bind>
</comp>

<comp id="12" class="1000" name="VIDEO_OUT_V_dest_V">
<pin_list>
<pin id="13" dir="1" index="0" bw="1" slack="0"/>
</pin_list>
<bind>
<StgValue><ssdm name="VIDEO_OUT_V_dest_V"/></StgValue>
</bind>
</comp>

<comp id="14" class="1000" name="re_V">
<pin_list>
<pin id="15" dir="1" index="0" bw="1" slack="2147483647"/>
</pin_list>
<bind>
<StgValue><ssdm name="re_V"/></StgValue>
</bind>
</comp>

<comp id="16" class="1000" name="im_V">
<pin_list>
<pin id="17" dir="1" index="0" bw="1" slack="2147483647"/>
</pin_list>
<bind>
<StgValue><ssdm name="im_V"/></StgValue>
</bind>
</comp>

<comp id="18" class="1000" name="zoom_factor_V">
<pin_list>
<pin id="19" dir="1" index="0" bw="1" slack="2147483647"/>
</pin_list>
<bind>
<StgValue><ssdm name="zoom_factor_V"/></StgValue>
</bind>
</comp>

<comp id="20" class="1001" name="const_20">
<pin_list>
<pin id="21" dir="1" index="0" bw="1" slack="2147483647"/>
</pin_list>
<bind>
<StgValue><ssdm name="_ssdm_op_SpecBitsMap"/></StgValue>
</bind>
</comp>

<comp id="22" class="1001" name="const_22">
<pin_list>
<pin id="23" dir="1" index="0" bw="1" slack="2147483647"/>
</pin_list>
<bind>
<StgValue><ssdm name="_ssdm_op_SpecTopModule"/></StgValue>
</bind>
</comp>

<comp id="24" class="1001" name="const_24">
<pin_list>
<pin id="25" dir="1" index="0" bw="1" slack="2147483647"/>
</pin_list>
<bind>
<StgValue><ssdm name="video_mandelbrot_gen"/></StgValue>
</bind>
</comp>

<comp id="26" class="1001" name="const_26">
<pin_list>
<pin id="27" dir="1" index="0" bw="1" slack="2147483647"/>
</pin_list>
<bind>
<StgValue><ssdm name="_ssdm_op_SpecInterface"/></StgValue>
</bind>
</comp>

<comp id="28" class="1001" name="const_28">
<pin_list>
<pin id="29" dir="1" index="0" bw="1" slack="2147483647"/>
</pin_list>
<bind>
<StgValue><ssdm name=""/></StgValue>
</bind>
</comp>

<comp id="30" class="1001" name="const_30">
<pin_list>
<pin id="31" dir="1" index="0" bw="1" slack="2147483647"/>
</pin_list>
<bind>
<StgValue><ssdm name="p_str"/></StgValue>
</bind>
</comp>

<comp id="32" class="1001" name="const_32">
<pin_list>
<pin id="33" dir="1" index="0" bw="1" slack="2147483647"/>
</pin_list>
<bind>
<StgValue><ssdm name="p_str1"/></StgValue>
</bind>
</comp>

<comp id="34" class="1001" name="const_34">
<pin_list>
<pin id="35" dir="1" index="0" bw="1" slack="2147483647"/>
</pin_list>
<bind>
<StgValue><ssdm name="p_str2"/></StgValue>
</bind>
</comp>

<comp id="36" class="1001" name="const_36">
<pin_list>
<pin id="37" dir="1" index="0" bw="1" slack="2147483647"/>
</pin_list>
<bind>
<StgValue><ssdm name="p_str3"/></StgValue>
</bind>
</comp>

<comp id="38" class="1001" name="const_38">
<pin_list>
<pin id="39" dir="1" index="0" bw="1" slack="2147483647"/>
</pin_list>
<bind>
<StgValue><ssdm name=""/></StgValue>
</bind>
</comp>

<comp id="40" class="1001" name="const_40">
<pin_list>
<pin id="41" dir="1" index="0" bw="1" slack="2147483647"/>
</pin_list>
<bind>
<StgValue><ssdm name="p_str4"/></StgValue>
</bind>
</comp>

<comp id="42" class="1001" name="const_42">
<pin_list>
<pin id="43" dir="1" index="0" bw="1" slack="2147483647"/>
</pin_list>
<bind>
<StgValue><ssdm name="p_str5"/></StgValue>
</bind>
</comp>

<comp id="44" class="1001" name="const_44">
<pin_list>
<pin id="45" dir="1" index="0" bw="1" slack="0"/>
</pin_list>
<bind>
<StgValue><ssdm name=""/></StgValue>
</bind>
</comp>

<comp id="46" class="1001" name="const_46">
<pin_list>
<pin id="47" dir="1" index="0" bw="1" slack="0"/>
</pin_list>
<bind>
<StgValue><ssdm name=""/></StgValue>
</bind>
</comp>

<comp id="48" class="1001" name="const_48">
<pin_list>
<pin id="49" dir="1" index="0" bw="1" slack="2147483647"/>
</pin_list>
<bind>
<StgValue><ssdm name="_ssdm_op_SpecLoopTripCount"/></StgValue>
</bind>
</comp>

<comp id="50" class="1001" name="const_50">
<pin_list>
<pin id="51" dir="1" index="0" bw="1" slack="2147483647"/>
</pin_list>
<bind>
<StgValue><ssdm name=""/></StgValue>
</bind>
</comp>

<comp id="52" class="1001" name="const_52">
<pin_list>
<pin id="53" dir="1" index="0" bw="1" slack="0"/>
</pin_list>
<bind>
<StgValue><ssdm name=""/></StgValue>
</bind>
</comp>

<comp id="54" class="1001" name="const_54">
<pin_list>
<pin id="55" dir="1" index="0" bw="1" slack="2147483647"/>
</pin_list>
<bind>
<StgValue><ssdm name="_ssdm_op_SpecLoopName"/></StgValue>
</bind>
</comp>

<comp id="56" class="1001" name="const_56">
<pin_list>
<pin id="57" dir="1" index="0" bw="1" slack="2147483647"/>
</pin_list>
<bind>
<StgValue><ssdm name="p_str6"/></StgValue>
</bind>
</comp>

<comp id="58" class="1001" name="const_58">
<pin_list>
<pin id="59" dir="1" index="0" bw="1" slack="2147483647"/>
</pin_list>
<bind>
<StgValue><ssdm name="_ssdm_op_SpecRegionBegin"/></StgValue>
</bind>
</comp>

<comp id="60" class="1001" name="const_60">
<pin_list>
<pin id="61" dir="1" index="0" bw="1" slack="1"/>
</pin_list>
<bind>
<StgValue><ssdm name=""/></StgValue>
</bind>
</comp>

<comp id="62" class="1001" name="const_62">
<pin_list>
<pin id="63" dir="1" index="0" bw="1" slack="0"/>
</pin_list>
<bind>
<StgValue><ssdm name=""/></StgValue>
</bind>
</comp>

<comp id="64" class="1001" name="const_64">
<pin_list>
<pin id="65" dir="1" index="0" bw="1" slack="2147483647"/>
</pin_list>
<bind>
<StgValue><ssdm name=""/></StgValue>
</bind>
</comp>

<comp id="66" class="1001" name="const_66">
<pin_list>
<pin id="67" dir="1" index="0" bw="1" slack="0"/>
</pin_list>
<bind>
<StgValue><ssdm name=""/></StgValue>
</bind>
</comp>

<comp id="68" class="1001" name="const_68">
<pin_list>
<pin id="69" dir="1" index="0" bw="1" slack="0"/>
</pin_list>
<bind>
<StgValue><ssdm name=""/></StgValue>
</bind>
</comp>

<comp id="70" class="1001" name="const_70">
<pin_list>
<pin id="71" dir="1" index="0" bw="1" slack="0"/>
</pin_list>
<bind>
<StgValue><ssdm name="_ssdm_op_BitConcatenate.i24.i16.i8"/></StgValue>
</bind>
</comp>

<comp id="72" class="1001" name="const_72">
<pin_list>
<pin id="73" dir="1" index="0" bw="1" slack="0"/>
</pin_list>
<bind>
<StgValue><ssdm name=""/></StgValue>
</bind>
</comp>

<comp id="74" class="1001" name="const_74">
<pin_list>
<pin id="75" dir="1" index="0" bw="1" slack="0"/>
</pin_list>
<bind>
<StgValue><ssdm name="_ssdm_op_Write.axis.volatile.i24P.i3P.i3P.i1P.i1P.i1P.i1P"/></StgValue>
</bind>
</comp>

<comp id="76" class="1001" name="const_76">
<pin_list>
<pin id="77" dir="1" index="0" bw="1" slack="0"/>
</pin_list>
<bind>
<StgValue><ssdm name=""/></StgValue>
</bind>
</comp>

<comp id="78" class="1001" name="const_78">
<pin_list>
<pin id="79" dir="1" index="0" bw="1" slack="0"/>
</pin_list>
<bind>
<StgValue><ssdm name=""/></StgValue>
</bind>
</comp>

<comp id="80" class="1001" name="const_80">
<pin_list>
<pin id="81" dir="1" index="0" bw="1" slack="2147483647"/>
</pin_list>
<bind>
<StgValue><ssdm name="_ssdm_op_SpecRegionEnd"/></StgValue>
</bind>
</comp>

<comp id="82" class="1001" name="const_82">
<pin_list>
<pin id="83" dir="1" index="0" bw="1" slack="2147483647"/>
</pin_list>
<bind>
<StgValue><ssdm name="p_str7"/></StgValue>
</bind>
</comp>

<comp id="84" class="1004" name="grp_write_fu_84">
<pin_list>
<pin id="85" dir="0" index="0" bw="0" slack="0"/>
<pin id="86" dir="0" index="1" bw="24" slack="0"/>
<pin id="87" dir="0" index="2" bw="3" slack="0"/>
<pin id="88" dir="0" index="3" bw="3" slack="0"/>
<pin id="89" dir="0" index="4" bw="1" slack="0"/>
<pin id="90" dir="0" index="5" bw="1" slack="0"/>
<pin id="91" dir="0" index="6" bw="1" slack="0"/>
<pin id="92" dir="0" index="7" bw="1" slack="0"/>
<pin id="93" dir="0" index="8" bw="24" slack="0"/>
<pin id="94" dir="0" index="9" bw="1" slack="0"/>
<pin id="95" dir="0" index="10" bw="1" slack="0"/>
<pin id="96" dir="0" index="11" bw="1" slack="0"/>
<pin id="97" dir="0" index="12" bw="1" slack="0"/>
<pin id="98" dir="0" index="13" bw="1" slack="0"/>
<pin id="99" dir="0" index="14" bw="1" slack="0"/>
<pin id="100" dir="1" index="15" bw="0" slack="2147483647"/>
</pin_list>
<bind>
<opcode="write(1151) " fcode="write"/>
<opset="write_ln88/3 "/>
</bind>
</comp>

<comp id="113" class="1005" name="p_Val2_1_reg_113">
<pin_list>
<pin id="114" dir="0" index="0" bw="3" slack="1"/>
<pin id="115" dir="1" index="1" bw="3" slack="1"/>
</pin_list>
<bind>
<opset="p_Val2_1 (phireg) "/>
</bind>
</comp>

<comp id="117" class="1004" name="p_Val2_1_phi_fu_117">
<pin_list>
<pin id="118" dir="0" index="0" bw="1" slack="1"/>
<pin id="119" dir="0" index="1" bw="0" slack="2147483647"/>
<pin id="120" dir="0" index="2" bw="3" slack="0"/>
<pin id="121" dir="0" index="3" bw="0" slack="2147483647"/>
<pin id="122" dir="1" index="4" bw="3" slack="0"/>
</pin_list>
<bind>
<opcode="phi(47) " fcode="phi"/>
<opset="p_Val2_1/2 "/>
</bind>
</comp>

<comp id="125" class="1005" name="p_Val2_s_reg_125">
<pin_list>
<pin id="126" dir="0" index="0" bw="4" slack="1"/>
<pin id="127" dir="1" index="1" bw="4" slack="1"/>
</pin_list>
<bind>
<opset="p_Val2_s (phireg) "/>
</bind>
</comp>

<comp id="129" class="1004" name="p_Val2_s_phi_fu_129">
<pin_list>
<pin id="130" dir="0" index="0" bw="1" slack="1"/>
<pin id="131" dir="0" index="1" bw="0" slack="2147483647"/>
<pin id="132" dir="0" index="2" bw="4" slack="0"/>
<pin id="133" dir="0" index="3" bw="0" slack="2147483647"/>
<pin id="134" dir="1" index="4" bw="4" slack="0"/>
</pin_list>
<bind>
<opcode="phi(47) " fcode="phi"/>
<opset="p_Val2_s/3 "/>
</bind>
</comp>

<comp id="136" class="1004" name="icmp_ln25_fu_136">
<pin_list>
<pin id="137" dir="0" index="0" bw="3" slack="0"/>
<pin id="138" dir="0" index="1" bw="2" slack="0"/>
<pin id="139" dir="1" index="2" bw="1" slack="2147483647"/>
</pin_list>
<bind>
<opcode="icmp(45) " fcode="icmp"/>
<opset="icmp_ln25/2 "/>
</bind>
</comp>

<comp id="142" class="1004" name="row_fu_142">
<pin_list>
<pin id="143" dir="0" index="0" bw="3" slack="0"/>
<pin id="144" dir="0" index="1" bw="1" slack="0"/>
<pin id="145" dir="1" index="2" bw="3" slack="0"/>
</pin_list>
<bind>
<opcode="add(8) " fcode="add"/>
<opset="row/2 "/>
</bind>
</comp>

<comp id="148" class="1004" name="trunc_ln27_fu_148">
<pin_list>
<pin id="149" dir="0" index="0" bw="4" slack="0"/>
<pin id="150" dir="1" index="1" bw="3" slack="0"/>
</pin_list>
<bind>
<opcode="trunc(33) " fcode="trunc"/>
<opset="trunc_ln27/3 "/>
</bind>
</comp>

<comp id="152" class="1004" name="icmp_ln27_fu_152">
<pin_list>
<pin id="153" dir="0" index="0" bw="4" slack="0"/>
<pin id="154" dir="0" index="1" bw="4" slack="0"/>
<pin id="155" dir="1" index="2" bw="1" slack="2147483647"/>
</pin_list>
<bind>
<opcode="icmp(45) " fcode="icmp"/>
<opset="icmp_ln27/3 "/>
</bind>
</comp>

<comp id="158" class="1004" name="col_fu_158">
<pin_list>
<pin id="159" dir="0" index="0" bw="1" slack="0"/>
<pin id="160" dir="0" index="1" bw="4" slack="0"/>
<pin id="161" dir="1" index="2" bw="4" slack="0"/>
</pin_list>
<bind>
<opcode="add(8) " fcode="add"/>
<opset="col/3 "/>
</bind>
</comp>

<comp id="164" class="1004" name="or_ln30_fu_164">
<pin_list>
<pin id="165" dir="0" index="0" bw="3" slack="0"/>
<pin id="166" dir="0" index="1" bw="3" slack="1"/>
<pin id="167" dir="1" index="2" bw="3" slack="0"/>
</pin_list>
<bind>
<opcode="or(24) " fcode="or"/>
<opset="or_ln30/3 "/>
</bind>
</comp>

<comp id="170" class="1004" name="tmp_user_V_fu_170">
<pin_list>
<pin id="171" dir="0" index="0" bw="3" slack="0"/>
<pin id="172" dir="0" index="1" bw="1" slack="0"/>
<pin id="173" dir="1" index="2" bw="1" slack="0"/>
</pin_list>
<bind>
<opcode="icmp(45) " fcode="icmp"/>
<opset="tmp_user_V/3 "/>
</bind>
</comp>

<comp id="177" class="1004" name="tmp_last_V_fu_177">
<pin_list>
<pin id="178" dir="0" index="0" bw="4" slack="0"/>
<pin id="179" dir="0" index="1" bw="4" slack="0"/>
<pin id="180" dir="1" index="2" bw="1" slack="0"/>
</pin_list>
<bind>
<opcode="icmp(45) " fcode="icmp"/>
<opset="tmp_last_V/3 "/>
</bind>
</comp>

<comp id="184" class="1004" name="pixel_G_fu_184">
<pin_list>
<pin id="185" dir="0" index="0" bw="4" slack="0"/>
<pin id="186" dir="1" index="1" bw="8" slack="0"/>
</pin_list>
<bind>
<opcode="zext(34) " fcode="zext"/>
<opset="pixel_G/3 "/>
</bind>
</comp>

<comp id="188" class="1004" name="pixel_out_V_fu_188">
<pin_list>
<pin id="189" dir="0" index="0" bw="24" slack="0"/>
<pin id="190" dir="0" index="1" bw="1" slack="0"/>
<pin id="191" dir="0" index="2" bw="4" slack="0"/>
<pin id="192" dir="1" index="3" bw="24" slack="0"/>
</pin_list>
<bind>
<opcode="bitconcatenate(1004) " fcode="bitconcatenate"/>
<opset="pixel_out_V/3 "/>
</bind>
</comp>

<comp id="200" class="1005" name="row_reg_200">
<pin_list>
<pin id="201" dir="0" index="0" bw="3" slack="0"/>
<pin id="202" dir="1" index="1" bw="3" slack="0"/>
</pin_list>
<bind>
<opset="row "/>
</bind>
</comp>

<comp id="208" class="1005" name="col_reg_208">
<pin_list>
<pin id="209" dir="0" index="0" bw="4" slack="0"/>
<pin id="210" dir="1" index="1" bw="4" slack="0"/>
</pin_list>
<bind>
<opset="col "/>
</bind>
</comp>

<comp id="213" class="1005" name="tmp_user_V_reg_213">
<pin_list>
<pin id="214" dir="0" index="0" bw="1" slack="1"/>
<pin id="215" dir="1" index="1" bw="1" slack="1"/>
</pin_list>
<bind>
<opset="tmp_user_V "/>
</bind>
</comp>

<comp id="218" class="1005" name="tmp_last_V_reg_218">
<pin_list>
<pin id="219" dir="0" index="0" bw="1" slack="1"/>
<pin id="220" dir="1" index="1" bw="1" slack="1"/>
</pin_list>
<bind>
<opset="tmp_last_V "/>
</bind>
</comp>

<comp id="223" class="1005" name="pixel_out_V_reg_223">
<pin_list>
<pin id="224" dir="0" index="0" bw="24" slack="1"/>
<pin id="225" dir="1" index="1" bw="24" slack="1"/>
</pin_list>
<bind>
<opset="pixel_out_V "/>
</bind>
</comp>

</comp_list>

<net_list>
<net id="101"><net_src comp="74" pin="0"/><net_sink comp="84" pin=0"/></net>

<net id="102"><net_src comp="0" pin="0"/><net_sink comp="84" pin=1"/></net>

<net id="103"><net_src comp="2" pin="0"/><net_sink comp="84" pin=2"/></net>

<net id="104"><net_src comp="4" pin="0"/><net_sink comp="84" pin=3"/></net>

<net id="105"><net_src comp="6" pin="0"/><net_sink comp="84" pin=4"/></net>

<net id="106"><net_src comp="8" pin="0"/><net_sink comp="84" pin=5"/></net>

<net id="107"><net_src comp="10" pin="0"/><net_sink comp="84" pin=6"/></net>

<net id="108"><net_src comp="12" pin="0"/><net_sink comp="84" pin=7"/></net>

<net id="109"><net_src comp="76" pin="0"/><net_sink comp="84" pin=9"/></net>

<net id="110"><net_src comp="76" pin="0"/><net_sink comp="84" pin=10"/></net>

<net id="111"><net_src comp="78" pin="0"/><net_sink comp="84" pin=13"/></net>

<net id="112"><net_src comp="78" pin="0"/><net_sink comp="84" pin=14"/></net>

<net id="116"><net_src comp="44" pin="0"/><net_sink comp="113" pin=0"/></net>

<net id="123"><net_src comp="113" pin="1"/><net_sink comp="117" pin=0"/></net>

<net id="124"><net_src comp="117" pin="4"/><net_sink comp="113" pin=0"/></net>

<net id="128"><net_src comp="60" pin="0"/><net_sink comp="125" pin=0"/></net>

<net id="135"><net_src comp="125" pin="1"/><net_sink comp="129" pin=0"/></net>

<net id="140"><net_src comp="117" pin="4"/><net_sink comp="136" pin=0"/></net>

<net id="141"><net_src comp="46" pin="0"/><net_sink comp="136" pin=1"/></net>

<net id="146"><net_src comp="117" pin="4"/><net_sink comp="142" pin=0"/></net>

<net id="147"><net_src comp="52" pin="0"/><net_sink comp="142" pin=1"/></net>

<net id="151"><net_src comp="129" pin="4"/><net_sink comp="148" pin=0"/></net>

<net id="156"><net_src comp="129" pin="4"/><net_sink comp="152" pin=0"/></net>

<net id="157"><net_src comp="62" pin="0"/><net_sink comp="152" pin=1"/></net>

<net id="162"><net_src comp="66" pin="0"/><net_sink comp="158" pin=0"/></net>

<net id="163"><net_src comp="129" pin="4"/><net_sink comp="158" pin=1"/></net>

<net id="168"><net_src comp="148" pin="1"/><net_sink comp="164" pin=0"/></net>

<net id="169"><net_src comp="113" pin="1"/><net_sink comp="164" pin=1"/></net>

<net id="174"><net_src comp="164" pin="2"/><net_sink comp="170" pin=0"/></net>

<net id="175"><net_src comp="44" pin="0"/><net_sink comp="170" pin=1"/></net>

<net id="176"><net_src comp="170" pin="2"/><net_sink comp="84" pin=11"/></net>

<net id="181"><net_src comp="129" pin="4"/><net_sink comp="177" pin=0"/></net>

<net id="182"><net_src comp="68" pin="0"/><net_sink comp="177" pin=1"/></net>

<net id="183"><net_src comp="177" pin="2"/><net_sink comp="84" pin=12"/></net>

<net id="187"><net_src comp="129" pin="4"/><net_sink comp="184" pin=0"/></net>

<net id="193"><net_src comp="70" pin="0"/><net_sink comp="188" pin=0"/></net>

<net id="194"><net_src comp="72" pin="0"/><net_sink comp="188" pin=1"/></net>

<net id="195"><net_src comp="184" pin="1"/><net_sink comp="188" pin=2"/></net>

<net id="196"><net_src comp="188" pin="3"/><net_sink comp="84" pin=8"/></net>

<net id="203"><net_src comp="142" pin="2"/><net_sink comp="200" pin=0"/></net>

<net id="204"><net_src comp="200" pin="1"/><net_sink comp="117" pin=2"/></net>

<net id="211"><net_src comp="158" pin="2"/><net_sink comp="208" pin=0"/></net>

<net id="212"><net_src comp="208" pin="1"/><net_sink comp="129" pin=2"/></net>

<net id="216"><net_src comp="170" pin="2"/><net_sink comp="213" pin=0"/></net>

<net id="217"><net_src comp="213" pin="1"/><net_sink comp="84" pin=11"/></net>

<net id="221"><net_src comp="177" pin="2"/><net_sink comp="218" pin=0"/></net>

<net id="222"><net_src comp="218" pin="1"/><net_sink comp="84" pin=12"/></net>

<net id="226"><net_src comp="188" pin="3"/><net_sink comp="223" pin=0"/></net>

<net id="227"><net_src comp="223" pin="1"/><net_sink comp="84" pin=8"/></net>

</net_list>

</model> 
---------------- Datapath Model END ------------------

* FSMD analyzer results:
  - Output states:
	Port: VIDEO_OUT_V_data_V | {4 }
	Port: VIDEO_OUT_V_keep_V | {4 }
	Port: VIDEO_OUT_V_strb_V | {4 }
	Port: VIDEO_OUT_V_user_V | {4 }
	Port: VIDEO_OUT_V_last_V | {4 }
	Port: VIDEO_OUT_V_id_V | {4 }
	Port: VIDEO_OUT_V_dest_V | {4 }
 - Input state : 
  - Chain level:
	State 1
	State 2
		icmp_ln25 : 1
		row : 1
		br_ln25 : 2
	State 3
		trunc_ln27 : 1
		icmp_ln27 : 1
		col : 1
		br_ln27 : 2
		or_ln30 : 2
		tmp_user_V : 2
		tmp_last_V : 1
		pixel_G : 1
		pixel_out_V : 2
		write_ln88 : 3
	State 4


============================================================
+ Verbose Summary: Datapath Resource usage 
============================================================

* Functional unit list:
|----------|--------------------|---------|---------|
| Operation|   Functional Unit  |    FF   |   LUT   |
|----------|--------------------|---------|---------|
|          |  icmp_ln25_fu_136  |    0    |    9    |
|   icmp   |  icmp_ln27_fu_152  |    0    |    9    |
|          |  tmp_user_V_fu_170 |    0    |    9    |
|          |  tmp_last_V_fu_177 |    0    |    9    |
|----------|--------------------|---------|---------|
|    add   |     row_fu_142     |    0    |    12   |
|          |     col_fu_158     |    0    |    13   |
|----------|--------------------|---------|---------|
|    or    |   or_ln30_fu_164   |    0    |    3    |
|----------|--------------------|---------|---------|
|   write  |   grp_write_fu_84  |    0    |    0    |
|----------|--------------------|---------|---------|
|   trunc  |  trunc_ln27_fu_148 |    0    |    0    |
|----------|--------------------|---------|---------|
|   zext   |   pixel_G_fu_184   |    0    |    0    |
|----------|--------------------|---------|---------|
|bitconcatenate| pixel_out_V_fu_188 |    0    |    0    |
|----------|--------------------|---------|---------|
|   Total  |                    |    0    |    64   |
|----------|--------------------|---------|---------|

Memories:
N/A

* Register list:
+-------------------+--------+
|                   |   FF   |
+-------------------+--------+
|    col_reg_208    |    4   |
|  p_Val2_1_reg_113 |    3   |
|  p_Val2_s_reg_125 |    4   |
|pixel_out_V_reg_223|   24   |
|    row_reg_200    |    3   |
| tmp_last_V_reg_218|    1   |
| tmp_user_V_reg_213|    1   |
+-------------------+--------+
|       Total       |   40   |
+-------------------+--------+

* Multiplexer (MUX) list: 
|------------------|------|------|------|--------||---------||---------|
|       Comp       |  Pin | Size |  BW  | S x BW ||  Delay  ||   LUT   |
|------------------|------|------|------|--------||---------||---------|
|  grp_write_fu_84 |  p8  |   2  |  24  |   48   ||    9    |
|  grp_write_fu_84 |  p11 |   2  |   1  |    2   ||    9    |
|  grp_write_fu_84 |  p12 |   2  |   1  |    2   ||    9    |
| p_Val2_1_reg_113 |  p0  |   2  |   3  |    6   ||    9    |
|------------------|------|------|------|--------||---------||---------|
|       Total      |      |      |      |   58   ||  6.656  ||    36   |
|------------------|------|------|------|--------||---------||---------|



* Summary:
+-----------+--------+--------+--------+
|           |  Delay |   FF   |   LUT  |
+-----------+--------+--------+--------+
|  Function |    -   |    0   |   64   |
|   Memory  |    -   |    -   |    -   |
|Multiplexer|    6   |    -   |   36   |
|  Register |    -   |   40   |    -   |
+-----------+--------+--------+--------+
|   Total   |    6   |   40   |   100  |
+-----------+--------+--------+--------+
