

================================================================
== Vivado HLS Report for 'video_mandelbrot_generator'
================================================================
* Date:           Sun Feb  9 13:49:51 2020

* Version:        2019.1 (Build 2552052 on Fri May 24 15:28:33 MDT 2019)
* Project:        Video_Mandelbrot_Generator
* Solution:       solution1_base
* Product family: artix7
* Target device:  xc7a35t-cpg236-1


================================================================
== Performance Estimates
================================================================
+ Timing (ns): 
    * Summary: 
    +--------+-------+----------+------------+
    |  Clock | Target| Estimated| Uncertainty|
    +--------+-------+----------+------------+
    |ap_clk  |  10.00|     1.777|        1.25|
    +--------+-------+----------+------------+

+ Latency (clock cycles): 
    * Summary: 
    +-----+-----+-----+-----+---------+
    |  Latency  |  Interval | Pipeline|
    | min | max | min | max |   Type  |
    +-----+-----+-----+-----+---------+
    |  109|  109|  109|  109|   none  |
    +-----+-----+-----+-----+---------+

    + Detail: 
        * Instance: 
        N/A

        * Loop: 
        +----------+-----+-----+----------+-----------+-----------+------+----------+
        |          |  Latency  | Iteration|  Initiation Interval  | Trip |          |
        | Loop Name| min | max |  Latency |  achieved |   target  | Count| Pipelined|
        +----------+-----+-----+----------+-----------+-----------+------+----------+
        |- out     |  108|  108|        18|          -|          -|     6|    no    |
        | + inner  |   16|   16|         2|          -|          -|     8|    no    |
        +----------+-----+-----+----------+-----------+-----------+------+----------+

============================================================
+ Verbose Summary: Synthesis Manager
============================================================
InlineROM: 1
ExposeGlobal: 0
============================================================
+ Verbose Summary: CDFG Model
============================================================
IsTopModel: 1
ResetActiveHigh: 1
IsCombinational: 0
IsDatapathOnly: 0
HasWiredReturn: 1
HasMFsm: 0
HasVarLatency: 1
IsPipeline: 0
IsRtlPipelined: 0
IsInstanceOverlapped: 0
IsDontTouch: 0
HasImplIP: 0
IsGatedGlobalClock: 0


============================================================
+ Verbose Summary: Schedule
============================================================
* Number of FSM states : 4
* Pipeline : 0
* Dataflow Pipeline: 0

* FSM state transitions: 
1 --> 2 
2 --> 3 
3 --> 4 2 
4 --> 3 

* FSM state operations: 

State 1 <SV = 0> <Delay = 1.66>
ST_1 : Operation 5 [1/1] (0.00ns)   --->   "call void (...)* @_ssdm_op_SpecBitsMap(i24* %VIDEO_OUT_V_data_V), !map !153"   --->   Operation 5 'specbitsmap' <Predicate = true> <Delay = 0.00>
ST_1 : Operation 6 [1/1] (0.00ns)   --->   "call void (...)* @_ssdm_op_SpecBitsMap(i3* %VIDEO_OUT_V_keep_V), !map !157"   --->   Operation 6 'specbitsmap' <Predicate = true> <Delay = 0.00>
ST_1 : Operation 7 [1/1] (0.00ns)   --->   "call void (...)* @_ssdm_op_SpecBitsMap(i3* %VIDEO_OUT_V_strb_V), !map !161"   --->   Operation 7 'specbitsmap' <Predicate = true> <Delay = 0.00>
ST_1 : Operation 8 [1/1] (0.00ns)   --->   "call void (...)* @_ssdm_op_SpecBitsMap(i1* %VIDEO_OUT_V_user_V), !map !165"   --->   Operation 8 'specbitsmap' <Predicate = true> <Delay = 0.00>
ST_1 : Operation 9 [1/1] (0.00ns)   --->   "call void (...)* @_ssdm_op_SpecBitsMap(i1* %VIDEO_OUT_V_last_V), !map !169"   --->   Operation 9 'specbitsmap' <Predicate = true> <Delay = 0.00>
ST_1 : Operation 10 [1/1] (0.00ns)   --->   "call void (...)* @_ssdm_op_SpecBitsMap(i1* %VIDEO_OUT_V_id_V), !map !173"   --->   Operation 10 'specbitsmap' <Predicate = true> <Delay = 0.00>
ST_1 : Operation 11 [1/1] (0.00ns)   --->   "call void (...)* @_ssdm_op_SpecBitsMap(i1* %VIDEO_OUT_V_dest_V), !map !177"   --->   Operation 11 'specbitsmap' <Predicate = true> <Delay = 0.00>
ST_1 : Operation 12 [1/1] (0.00ns)   --->   "call void (...)* @_ssdm_op_SpecBitsMap(i18 %re_V), !map !181"   --->   Operation 12 'specbitsmap' <Predicate = true> <Delay = 0.00>
ST_1 : Operation 13 [1/1] (0.00ns)   --->   "call void (...)* @_ssdm_op_SpecBitsMap(i18 %im_V), !map !187"   --->   Operation 13 'specbitsmap' <Predicate = true> <Delay = 0.00>
ST_1 : Operation 14 [1/1] (0.00ns)   --->   "call void (...)* @_ssdm_op_SpecBitsMap(i18 %zoom_factor_V), !map !191"   --->   Operation 14 'specbitsmap' <Predicate = true> <Delay = 0.00>
ST_1 : Operation 15 [1/1] (0.00ns)   --->   "call void (...)* @_ssdm_op_SpecTopModule([27 x i8]* @video_mandelbrot_gen) nounwind"   --->   Operation 15 'spectopmodule' <Predicate = true> <Delay = 0.00>
ST_1 : Operation 16 [1/1] (0.00ns)   --->   "call void (...)* @_ssdm_op_SpecInterface(i32 0, [10 x i8]* @p_str, i32 0, i32 0, [1 x i8]* @p_str1, i32 0, i32 0, [1 x i8]* @p_str1, [1 x i8]* @p_str1, [1 x i8]* @p_str1, i32 0, i32 0, i32 0, i32 0, [1 x i8]* @p_str1, [1 x i8]* @p_str1) nounwind" [src/cpp/video_mandelbrot_generator.cpp:7]   --->   Operation 16 'specinterface' <Predicate = true> <Delay = 0.00>
ST_1 : Operation 17 [1/1] (0.00ns)   --->   "call void (...)* @_ssdm_op_SpecInterface(i32 0, [10 x i8]* @p_str, i32 0, i32 0, [1 x i8]* @p_str1, i32 0, i32 0, [4 x i8]* @p_str2, [1 x i8]* @p_str1, [1 x i8]* @p_str1, i32 0, i32 0, i32 0, i32 0, [1 x i8]* @p_str1, [1 x i8]* @p_str1) nounwind" [src/cpp/video_mandelbrot_generator.cpp:7]   --->   Operation 17 'specinterface' <Predicate = true> <Delay = 0.00>
ST_1 : Operation 18 [1/1] (0.00ns)   --->   "call void (...)* @_ssdm_op_SpecInterface(i18 %re_V, [10 x i8]* @p_str, i32 0, i32 0, [1 x i8]* @p_str1, i32 0, i32 0, [4 x i8]* @p_str2, [1 x i8]* @p_str1, [1 x i8]* @p_str1, i32 0, i32 0, i32 0, i32 0, [1 x i8]* @p_str1, [1 x i8]* @p_str1) nounwind" [src/cpp/video_mandelbrot_generator.cpp:8]   --->   Operation 18 'specinterface' <Predicate = true> <Delay = 0.00>
ST_1 : Operation 19 [1/1] (0.00ns)   --->   "call void (...)* @_ssdm_op_SpecInterface(i18 %im_V, [10 x i8]* @p_str, i32 0, i32 0, [1 x i8]* @p_str1, i32 0, i32 0, [4 x i8]* @p_str2, [1 x i8]* @p_str1, [1 x i8]* @p_str1, i32 0, i32 0, i32 0, i32 0, [1 x i8]* @p_str1, [1 x i8]* @p_str1) nounwind" [src/cpp/video_mandelbrot_generator.cpp:9]   --->   Operation 19 'specinterface' <Predicate = true> <Delay = 0.00>
ST_1 : Operation 20 [1/1] (0.00ns)   --->   "call void (...)* @_ssdm_op_SpecInterface(i18 %zoom_factor_V, [10 x i8]* @p_str, i32 0, i32 0, [1 x i8]* @p_str1, i32 0, i32 0, [4 x i8]* @p_str2, [1 x i8]* @p_str1, [1 x i8]* @p_str1, i32 0, i32 0, i32 0, i32 0, [1 x i8]* @p_str1, [1 x i8]* @p_str1) nounwind" [src/cpp/video_mandelbrot_generator.cpp:10]   --->   Operation 20 'specinterface' <Predicate = true> <Delay = 0.00>
ST_1 : Operation 21 [1/1] (0.00ns)   --->   "call void (...)* @_ssdm_op_SpecInterface(i24* %VIDEO_OUT_V_data_V, i3* %VIDEO_OUT_V_keep_V, i3* %VIDEO_OUT_V_strb_V, i1* %VIDEO_OUT_V_user_V, i1* %VIDEO_OUT_V_last_V, i1* %VIDEO_OUT_V_id_V, i1* %VIDEO_OUT_V_dest_V, [5 x i8]* @p_str3, i32 1, i32 1, [5 x i8]* @p_str4, i32 0, i32 0, [10 x i8]* @p_str5, [1 x i8]* @p_str1, [1 x i8]* @p_str1, i32 0, i32 0, i32 0, i32 0, [1 x i8]* @p_str1, [1 x i8]* @p_str1) nounwind" [src/cpp/video_mandelbrot_generator.cpp:11]   --->   Operation 21 'specinterface' <Predicate = true> <Delay = 0.00>
ST_1 : Operation 22 [1/1] (1.66ns)   --->   "br label %1" [src/cpp/video_mandelbrot_generator.cpp:25]   --->   Operation 22 'br' <Predicate = true> <Delay = 1.66>

State 2 <SV = 1> <Delay = 1.68>
ST_2 : Operation 23 [1/1] (0.00ns)   --->   "%p_Val2_1 = phi i3 [ 0, %0 ], [ %row, %out_end ]"   --->   Operation 23 'phi' 'p_Val2_1' <Predicate = true> <Delay = 0.00>
ST_2 : Operation 24 [1/1] (1.18ns)   --->   "%icmp_ln25 = icmp eq i3 %p_Val2_1, -2" [src/cpp/video_mandelbrot_generator.cpp:25]   --->   Operation 24 'icmp' 'icmp_ln25' <Predicate = true> <Delay = 1.18> <Core = "Cmp">   --->   Core 25 'Cmp' <Latency = 0> <II = 1> <Delay = 1.44> <FuncUnit> <Opcode : 'icmp'> <InPorts = 2> <OutPorts = 1>
ST_2 : Operation 25 [1/1] (0.00ns)   --->   "%empty = call i32 (...)* @_ssdm_op_SpecLoopTripCount(i64 6, i64 6, i64 6)"   --->   Operation 25 'speclooptripcount' 'empty' <Predicate = true> <Delay = 0.00>
ST_2 : Operation 26 [1/1] (1.68ns)   --->   "%row = add i3 %p_Val2_1, 1" [src/cpp/video_mandelbrot_generator.cpp:25]   --->   Operation 26 'add' 'row' <Predicate = true> <Delay = 1.68> <Core = "AddSub">   --->   Core 14 'AddSub' <Latency = 0> <II = 1> <Delay = 1.77> <FuncUnit> <Opcode : 'add' 'sub'> <InPorts = 2> <OutPorts = 1>
ST_2 : Operation 27 [1/1] (0.00ns)   --->   "br i1 %icmp_ln25, label %3, label %out_begin" [src/cpp/video_mandelbrot_generator.cpp:25]   --->   Operation 27 'br' <Predicate = true> <Delay = 0.00>
ST_2 : Operation 28 [1/1] (0.00ns)   --->   "call void (...)* @_ssdm_op_SpecLoopName([4 x i8]* @p_str6) nounwind" [src/cpp/video_mandelbrot_generator.cpp:26]   --->   Operation 28 'specloopname' <Predicate = (!icmp_ln25)> <Delay = 0.00>
ST_2 : Operation 29 [1/1] (0.00ns)   --->   "%tmp = call i32 (...)* @_ssdm_op_SpecRegionBegin([4 x i8]* @p_str6)" [src/cpp/video_mandelbrot_generator.cpp:26]   --->   Operation 29 'specregionbegin' 'tmp' <Predicate = (!icmp_ln25)> <Delay = 0.00>
ST_2 : Operation 30 [1/1] (1.66ns)   --->   "br label %2" [src/cpp/video_mandelbrot_generator.cpp:27]   --->   Operation 30 'br' <Predicate = (!icmp_ln25)> <Delay = 1.66>
ST_2 : Operation 31 [1/1] (0.00ns)   --->   "ret void" [src/cpp/video_mandelbrot_generator.cpp:91]   --->   Operation 31 'ret' <Predicate = (icmp_ln25)> <Delay = 0.00>

State 3 <SV = 2> <Delay = 1.77>
ST_3 : Operation 32 [1/1] (0.00ns)   --->   "%p_Val2_s = phi i4 [ 0, %out_begin ], [ %col, %_ZrsILi16ELb0EEN11ap_int_baseIXT_EXT0_EE5RTypeIXT_EXT0_EE4arg1ERKS1_i.exit2.i.i.i.i856 ]"   --->   Operation 32 'phi' 'p_Val2_s' <Predicate = true> <Delay = 0.00>
ST_3 : Operation 33 [1/1] (0.00ns)   --->   "%trunc_ln27 = trunc i4 %p_Val2_s to i3" [src/cpp/video_mandelbrot_generator.cpp:27]   --->   Operation 33 'trunc' 'trunc_ln27' <Predicate = true> <Delay = 0.00>
ST_3 : Operation 34 [1/1] (1.44ns)   --->   "%icmp_ln27 = icmp eq i4 %p_Val2_s, -8" [src/cpp/video_mandelbrot_generator.cpp:27]   --->   Operation 34 'icmp' 'icmp_ln27' <Predicate = true> <Delay = 1.44> <Core = "Cmp">   --->   Core 25 'Cmp' <Latency = 0> <II = 1> <Delay = 1.44> <FuncUnit> <Opcode : 'icmp'> <InPorts = 2> <OutPorts = 1>
ST_3 : Operation 35 [1/1] (0.00ns)   --->   "%empty_2 = call i32 (...)* @_ssdm_op_SpecLoopTripCount(i64 8, i64 8, i64 8)"   --->   Operation 35 'speclooptripcount' 'empty_2' <Predicate = true> <Delay = 0.00>
ST_3 : Operation 36 [1/1] (1.77ns)   --->   "%col = add i4 1, %p_Val2_s" [src/cpp/video_mandelbrot_generator.cpp:27]   --->   Operation 36 'add' 'col' <Predicate = true> <Delay = 1.77> <Core = "AddSub">   --->   Core 14 'AddSub' <Latency = 0> <II = 1> <Delay = 1.77> <FuncUnit> <Opcode : 'add' 'sub'> <InPorts = 2> <OutPorts = 1>
ST_3 : Operation 37 [1/1] (0.00ns)   --->   "br i1 %icmp_ln27, label %out_end, label %_ZrsILi16ELb0EEN11ap_int_baseIXT_EXT0_EE5RTypeIXT_EXT0_EE4arg1ERKS1_i.exit2.i.i.i.i856" [src/cpp/video_mandelbrot_generator.cpp:27]   --->   Operation 37 'br' <Predicate = true> <Delay = 0.00>
ST_3 : Operation 38 [1/1] (0.00ns) (grouped into LUT with out node tmp_user_V)   --->   "%or_ln30 = or i3 %trunc_ln27, %p_Val2_1" [src/cpp/video_mandelbrot_generator.cpp:30]   --->   Operation 38 'or' 'or_ln30' <Predicate = (!icmp_ln27)> <Delay = 0.00> <Core = "LogicGate">   --->   Core 27 'LogicGate' <Latency = 0> <II = 1> <Delay = 0.99> <FuncUnit> <Opcode : 'and' 'or' 'xor'> <InPorts = 2> <OutPorts = 1>
ST_3 : Operation 39 [1/1] (1.18ns) (out node of the LUT)   --->   "%tmp_user_V = icmp eq i3 %or_ln30, 0" [src/cpp/video_mandelbrot_generator.cpp:30]   --->   Operation 39 'icmp' 'tmp_user_V' <Predicate = (!icmp_ln27)> <Delay = 1.18> <Core = "Cmp">   --->   Core 25 'Cmp' <Latency = 0> <II = 1> <Delay = 1.44> <FuncUnit> <Opcode : 'icmp'> <InPorts = 2> <OutPorts = 1>
ST_3 : Operation 40 [1/1] (1.44ns)   --->   "%tmp_last_V = icmp eq i4 %p_Val2_s, 7" [src/cpp/video_mandelbrot_generator.cpp:36]   --->   Operation 40 'icmp' 'tmp_last_V' <Predicate = (!icmp_ln27)> <Delay = 1.44> <Core = "Cmp">   --->   Core 25 'Cmp' <Latency = 0> <II = 1> <Delay = 1.44> <FuncUnit> <Opcode : 'icmp'> <InPorts = 2> <OutPorts = 1>
ST_3 : Operation 41 [1/1] (0.00ns)   --->   "%pixel_G = zext i4 %p_Val2_s to i8" [src/cpp/video_mandelbrot_generator.cpp:80]   --->   Operation 41 'zext' 'pixel_G' <Predicate = (!icmp_ln27)> <Delay = 0.00>
ST_3 : Operation 42 [1/1] (0.00ns)   --->   "%pixel_out_V = call i24 @_ssdm_op_BitConcatenate.i24.i16.i8(i16 0, i8 %pixel_G)" [src/cpp/video_mandelbrot_generator.cpp:97->src/cpp/video_mandelbrot_generator.cpp:85]   --->   Operation 42 'bitconcatenate' 'pixel_out_V' <Predicate = (!icmp_ln27)> <Delay = 0.00>
ST_3 : Operation 43 [2/2] (0.00ns)   --->   "call void @_ssdm_op_Write.axis.volatile.i24P.i3P.i3P.i1P.i1P.i1P.i1P(i24* %VIDEO_OUT_V_data_V, i3* %VIDEO_OUT_V_keep_V, i3* %VIDEO_OUT_V_strb_V, i1* %VIDEO_OUT_V_user_V, i1* %VIDEO_OUT_V_last_V, i1* %VIDEO_OUT_V_id_V, i1* %VIDEO_OUT_V_dest_V, i24 %pixel_out_V, i3 undef, i3 undef, i1 %tmp_user_V, i1 %tmp_last_V, i1 undef, i1 undef)" [src/cpp/video_mandelbrot_generator.cpp:88]   --->   Operation 43 'write' <Predicate = (!icmp_ln27)> <Delay = 0.00> <Core = "AXI4Stream">   --->   Core 5 'AXI4Stream' <Latency = 0> <II = 1> <Delay = 1.00> <Adapter> <Opcode : >
ST_3 : Operation 44 [1/1] (0.00ns)   --->   "%empty_3 = call i32 (...)* @_ssdm_op_SpecRegionEnd([4 x i8]* @p_str6, i32 %tmp)" [src/cpp/video_mandelbrot_generator.cpp:90]   --->   Operation 44 'specregionend' 'empty_3' <Predicate = (icmp_ln27)> <Delay = 0.00>
ST_3 : Operation 45 [1/1] (0.00ns)   --->   "br label %1" [src/cpp/video_mandelbrot_generator.cpp:25]   --->   Operation 45 'br' <Predicate = (icmp_ln27)> <Delay = 0.00>

State 4 <SV = 3> <Delay = 0.00>
ST_4 : Operation 46 [1/1] (0.00ns)   --->   "call void (...)* @_ssdm_op_SpecLoopName([6 x i8]* @p_str7) nounwind" [src/cpp/video_mandelbrot_generator.cpp:28]   --->   Operation 46 'specloopname' <Predicate = true> <Delay = 0.00>
ST_4 : Operation 47 [1/2] (0.00ns)   --->   "call void @_ssdm_op_Write.axis.volatile.i24P.i3P.i3P.i1P.i1P.i1P.i1P(i24* %VIDEO_OUT_V_data_V, i3* %VIDEO_OUT_V_keep_V, i3* %VIDEO_OUT_V_strb_V, i1* %VIDEO_OUT_V_user_V, i1* %VIDEO_OUT_V_last_V, i1* %VIDEO_OUT_V_id_V, i1* %VIDEO_OUT_V_dest_V, i24 %pixel_out_V, i3 undef, i3 undef, i1 %tmp_user_V, i1 %tmp_last_V, i1 undef, i1 undef)" [src/cpp/video_mandelbrot_generator.cpp:88]   --->   Operation 47 'write' <Predicate = true> <Delay = 0.00> <Core = "AXI4Stream">   --->   Core 5 'AXI4Stream' <Latency = 0> <II = 1> <Delay = 1.00> <Adapter> <Opcode : >
ST_4 : Operation 48 [1/1] (0.00ns)   --->   "br label %2" [src/cpp/video_mandelbrot_generator.cpp:27]   --->   Operation 48 'br' <Predicate = true> <Delay = 0.00>


============================================================
+ Verbose Summary: Timing violations
============================================================
Target clock period: 10ns, clock uncertainty: 1.25ns.

 <State 1>: 1.66ns
The critical path consists of the following:
	multiplexor before 'phi' operation ('row') with incoming values : ('row', src/cpp/video_mandelbrot_generator.cpp:25) [30]  (1.66 ns)

 <State 2>: 1.68ns
The critical path consists of the following:
	'phi' operation ('row') with incoming values : ('row', src/cpp/video_mandelbrot_generator.cpp:25) [30]  (0 ns)
	'add' operation ('row', src/cpp/video_mandelbrot_generator.cpp:25) [33]  (1.68 ns)

 <State 3>: 1.78ns
The critical path consists of the following:
	'phi' operation ('col') with incoming values : ('col', src/cpp/video_mandelbrot_generator.cpp:27) [40]  (0 ns)
	'add' operation ('col', src/cpp/video_mandelbrot_generator.cpp:27) [44]  (1.78 ns)

 <State 4>: 0ns
The critical path consists of the following:


============================================================
+ Verbose Summary: Binding
============================================================
N/A
* FSMD analyzer results:
  - Output states:
 - Input state : 
  - Chain level:
	State 1
	State 2
	State 3
	State 4


============================================================
+ Verbose Summary: Datapath Resource usage 
============================================================
N/A
