

================================================================
== Vivado HLS Report for 'video_mandelbrot_generator'
================================================================
* Date:           Sun Feb  9 13:49:51 2020

* Version:        2019.1 (Build 2552052 on Fri May 24 15:28:33 MDT 2019)
* Project:        Video_Mandelbrot_Generator
* Solution:       solution1_base
* Product family: artix7
* Target device:  xc7a35t-cpg236-1


================================================================
== Performance Estimates
================================================================
+ Timing (ns): 
    * Summary: 
    +--------+-------+----------+------------+
    |  Clock | Target| Estimated| Uncertainty|
    +--------+-------+----------+------------+
    |ap_clk  |  10.00|     1.777|        1.25|
    +--------+-------+----------+------------+

+ Latency (clock cycles): 
    * Summary: 
    +-----+-----+-----+-----+---------+
    |  Latency  |  Interval | Pipeline|
    | min | max | min | max |   Type  |
    +-----+-----+-----+-----+---------+
    |  109|  109|  109|  109|   none  |
    +-----+-----+-----+-----+---------+

    + Detail: 
        * Instance: 
        N/A

        * Loop: 
        +----------+-----+-----+----------+-----------+-----------+------+----------+
        |          |  Latency  | Iteration|  Initiation Interval  | Trip |          |
        | Loop Name| min | max |  Latency |  achieved |   target  | Count| Pipelined|
        +----------+-----+-----+----------+-----------+-----------+------+----------+
        |- out     |  108|  108|        18|          -|          -|     6|    no    |
        | + inner  |   16|   16|         2|          -|          -|     8|    no    |
        +----------+-----+-----+----------+-----------+-----------+------+----------+



================================================================
== Utilization Estimates
================================================================
* Summary: 
+-----------------+---------+-------+-------+-------+-----+
|       Name      | BRAM_18K| DSP48E|   FF  |  LUT  | URAM|
+-----------------+---------+-------+-------+-------+-----+
|DSP              |        -|      -|      -|      -|    -|
|Expression       |        -|      -|      0|    106|    -|
|FIFO             |        -|      -|      -|      -|    -|
|Instance         |        0|      -|    108|    148|    -|
|Memory           |        -|      -|      -|      -|    -|
|Multiplexer      |        -|      -|      -|    186|    -|
|Register         |        -|      -|     94|      -|    -|
+-----------------+---------+-------+-------+-------+-----+
|Total            |        0|      0|    202|    440|    0|
+-----------------+---------+-------+-------+-------+-----+
|Available        |      100|     90|  41600|  20800|    0|
+-----------------+---------+-------+-------+-------+-----+
|Utilization (%)  |        0|      0|   ~0  |      2|    0|
+-----------------+---------+-------+-------+-------+-----+

+ Detail: 
    * Instance: 
    +----------------------------------------+--------------------------------------+---------+-------+-----+-----+-----+
    |                Instance                |                Module                | BRAM_18K| DSP48E|  FF | LUT | URAM|
    +----------------------------------------+--------------------------------------+---------+-------+-----+-----+-----+
    |video_mandelbrot_generator_cmd_s_axi_U  |video_mandelbrot_generator_cmd_s_axi  |        0|      0|  108|  148|    0|
    +----------------------------------------+--------------------------------------+---------+-------+-----+-----+-----+
    |Total                                   |                                      |        0|      0|  108|  148|    0|
    +----------------------------------------+--------------------------------------+---------+-------+-----+-----+-----+

    * DSP48E: 
    N/A

    * Memory: 
    N/A

    * FIFO: 
    N/A

    * Expression: 
    +-------------------------------------+----------+-------+---+----+------------+------------+
    |            Variable Name            | Operation| DSP48E| FF| LUT| Bitwidth P0| Bitwidth P1|
    +-------------------------------------+----------+-------+---+----+------------+------------+
    |col_fu_158_p2                        |     +    |      0|  0|  13|           1|           4|
    |row_fu_142_p2                        |     +    |      0|  0|  12|           3|           1|
    |VIDEO_OUT_V_data_V_1_load_A          |    and   |      0|  0|   2|           1|           1|
    |VIDEO_OUT_V_data_V_1_load_B          |    and   |      0|  0|   2|           1|           1|
    |VIDEO_OUT_V_last_V_1_load_A          |    and   |      0|  0|   2|           1|           1|
    |VIDEO_OUT_V_last_V_1_load_B          |    and   |      0|  0|   2|           1|           1|
    |VIDEO_OUT_V_user_V_1_load_A          |    and   |      0|  0|   2|           1|           1|
    |VIDEO_OUT_V_user_V_1_load_B          |    and   |      0|  0|   2|           1|           1|
    |ap_block_state3_io                   |    and   |      0|  0|   2|           1|           1|
    |VIDEO_OUT_V_data_V_1_state_cmp_full  |   icmp   |      0|  0|   8|           2|           1|
    |VIDEO_OUT_V_last_V_1_state_cmp_full  |   icmp   |      0|  0|   8|           2|           1|
    |VIDEO_OUT_V_user_V_1_state_cmp_full  |   icmp   |      0|  0|   8|           2|           1|
    |icmp_ln25_fu_136_p2                  |   icmp   |      0|  0|   9|           3|           3|
    |icmp_ln27_fu_152_p2                  |   icmp   |      0|  0|  11|           4|           5|
    |tmp_last_V_fu_177_p2                 |   icmp   |      0|  0|   9|           4|           3|
    |tmp_user_V_fu_170_p2                 |   icmp   |      0|  0|   9|           3|           1|
    |ap_block_state2                      |    or    |      0|  0|   2|           1|           1|
    |or_ln30_fu_164_p2                    |    or    |      0|  0|   3|           3|           3|
    +-------------------------------------+----------+-------+---+----+------------+------------+
    |Total                                |          |      0|  0| 106|          35|          31|
    +-------------------------------------+----------+-------+---+----+------------+------------+

    * Multiplexer: 
    +-------------------------------+----+-----------+-----+-----------+
    |              Name             | LUT| Input Size| Bits| Total Bits|
    +-------------------------------+----+-----------+-----+-----------+
    |VIDEO_OUT_V_data_V_1_data_out  |   9|          2|   24|         48|
    |VIDEO_OUT_V_data_V_1_state     |  15|          3|    2|          6|
    |VIDEO_OUT_V_dest_V_1_state     |  15|          3|    2|          6|
    |VIDEO_OUT_V_id_V_1_state       |  15|          3|    2|          6|
    |VIDEO_OUT_V_keep_V_1_state     |  15|          3|    2|          6|
    |VIDEO_OUT_V_last_V_1_data_out  |   9|          2|    1|          2|
    |VIDEO_OUT_V_last_V_1_state     |  15|          3|    2|          6|
    |VIDEO_OUT_V_strb_V_1_state     |  15|          3|    2|          6|
    |VIDEO_OUT_V_user_V_1_data_out  |   9|          2|    1|          2|
    |VIDEO_OUT_V_user_V_1_state     |  15|          3|    2|          6|
    |ap_NS_fsm                      |  27|          5|    1|          5|
    |m_axis_video_TDATA_blk_n       |   9|          2|    1|          2|
    |p_Val2_1_reg_113               |   9|          2|    3|          6|
    |p_Val2_s_reg_125               |   9|          2|    4|          8|
    +-------------------------------+----+-----------+-----+-----------+
    |Total                          | 186|         38|   49|        115|
    +-------------------------------+----+-----------+-----+-----------+

    * Register: 
    +--------------------------------+----+----+-----+-----------+
    |              Name              | FF | LUT| Bits| Const Bits|
    +--------------------------------+----+----+-----+-----------+
    |VIDEO_OUT_V_data_V_1_payload_A  |  24|   0|   24|          0|
    |VIDEO_OUT_V_data_V_1_payload_B  |  24|   0|   24|          0|
    |VIDEO_OUT_V_data_V_1_sel_rd     |   1|   0|    1|          0|
    |VIDEO_OUT_V_data_V_1_sel_wr     |   1|   0|    1|          0|
    |VIDEO_OUT_V_data_V_1_state      |   2|   0|    2|          0|
    |VIDEO_OUT_V_dest_V_1_sel_rd     |   1|   0|    1|          0|
    |VIDEO_OUT_V_dest_V_1_state      |   2|   0|    2|          0|
    |VIDEO_OUT_V_id_V_1_sel_rd       |   1|   0|    1|          0|
    |VIDEO_OUT_V_id_V_1_state        |   2|   0|    2|          0|
    |VIDEO_OUT_V_keep_V_1_sel_rd     |   1|   0|    1|          0|
    |VIDEO_OUT_V_keep_V_1_state      |   2|   0|    2|          0|
    |VIDEO_OUT_V_last_V_1_payload_A  |   1|   0|    1|          0|
    |VIDEO_OUT_V_last_V_1_payload_B  |   1|   0|    1|          0|
    |VIDEO_OUT_V_last_V_1_sel_rd     |   1|   0|    1|          0|
    |VIDEO_OUT_V_last_V_1_sel_wr     |   1|   0|    1|          0|
    |VIDEO_OUT_V_last_V_1_state      |   2|   0|    2|          0|
    |VIDEO_OUT_V_strb_V_1_sel_rd     |   1|   0|    1|          0|
    |VIDEO_OUT_V_strb_V_1_state      |   2|   0|    2|          0|
    |VIDEO_OUT_V_user_V_1_payload_A  |   1|   0|    1|          0|
    |VIDEO_OUT_V_user_V_1_payload_B  |   1|   0|    1|          0|
    |VIDEO_OUT_V_user_V_1_sel_rd     |   1|   0|    1|          0|
    |VIDEO_OUT_V_user_V_1_sel_wr     |   1|   0|    1|          0|
    |VIDEO_OUT_V_user_V_1_state      |   2|   0|    2|          0|
    |ap_CS_fsm                       |   4|   0|    4|          0|
    |col_reg_208                     |   4|   0|    4|          0|
    |p_Val2_1_reg_113                |   3|   0|    3|          0|
    |p_Val2_s_reg_125                |   4|   0|    4|          0|
    |row_reg_200                     |   3|   0|    3|          0|
    +--------------------------------+----+----+-----+-----------+
    |Total                           |  94|   0|   94|          0|
    +--------------------------------+----+----+-----+-----------+



================================================================
== Interface
================================================================
* Summary: 
+---------------------+-----+-----+------------+----------------------------+--------------+
|      RTL Ports      | Dir | Bits|  Protocol  |        Source Object       |    C Type    |
+---------------------+-----+-----+------------+----------------------------+--------------+
|s_axi_cmd_AWVALID    |  in |    1|    s_axi   |             cmd            |    scalar    |
|s_axi_cmd_AWREADY    | out |    1|    s_axi   |             cmd            |    scalar    |
|s_axi_cmd_AWADDR     |  in |    6|    s_axi   |             cmd            |    scalar    |
|s_axi_cmd_WVALID     |  in |    1|    s_axi   |             cmd            |    scalar    |
|s_axi_cmd_WREADY     | out |    1|    s_axi   |             cmd            |    scalar    |
|s_axi_cmd_WDATA      |  in |   32|    s_axi   |             cmd            |    scalar    |
|s_axi_cmd_WSTRB      |  in |    4|    s_axi   |             cmd            |    scalar    |
|s_axi_cmd_ARVALID    |  in |    1|    s_axi   |             cmd            |    scalar    |
|s_axi_cmd_ARREADY    | out |    1|    s_axi   |             cmd            |    scalar    |
|s_axi_cmd_ARADDR     |  in |    6|    s_axi   |             cmd            |    scalar    |
|s_axi_cmd_RVALID     | out |    1|    s_axi   |             cmd            |    scalar    |
|s_axi_cmd_RREADY     |  in |    1|    s_axi   |             cmd            |    scalar    |
|s_axi_cmd_RDATA      | out |   32|    s_axi   |             cmd            |    scalar    |
|s_axi_cmd_RRESP      | out |    2|    s_axi   |             cmd            |    scalar    |
|s_axi_cmd_BVALID     | out |    1|    s_axi   |             cmd            |    scalar    |
|s_axi_cmd_BREADY     |  in |    1|    s_axi   |             cmd            |    scalar    |
|s_axi_cmd_BRESP      | out |    2|    s_axi   |             cmd            |    scalar    |
|ap_clk               |  in |    1| ap_ctrl_hs | video_mandelbrot_generator | return value |
|ap_rst_n             |  in |    1| ap_ctrl_hs | video_mandelbrot_generator | return value |
|interrupt            | out |    1| ap_ctrl_hs | video_mandelbrot_generator | return value |
|m_axis_video_TDATA   | out |   24|    axis    |     VIDEO_OUT_V_data_V     |    pointer   |
|m_axis_video_TREADY  |  in |    1|    axis    |     VIDEO_OUT_V_data_V     |    pointer   |
|m_axis_video_TVALID  | out |    1|    axis    |     VIDEO_OUT_V_dest_V     |    pointer   |
|m_axis_video_TDEST   | out |    1|    axis    |     VIDEO_OUT_V_dest_V     |    pointer   |
|m_axis_video_TKEEP   | out |    3|    axis    |     VIDEO_OUT_V_keep_V     |    pointer   |
|m_axis_video_TSTRB   | out |    3|    axis    |     VIDEO_OUT_V_strb_V     |    pointer   |
|m_axis_video_TUSER   | out |    1|    axis    |     VIDEO_OUT_V_user_V     |    pointer   |
|m_axis_video_TLAST   | out |    1|    axis    |     VIDEO_OUT_V_last_V     |    pointer   |
|m_axis_video_TID     | out |    1|    axis    |      VIDEO_OUT_V_id_V      |    pointer   |
+---------------------+-----+-----+------------+----------------------------+--------------+

