

================================================================
== Vivado HLS Report for 'video_mandelbrot_generator'
================================================================
* Date:           Sun Jan 26 21:09:23 2020

* Version:        2019.1 (Build 2552052 on Fri May 24 15:28:33 MDT 2019)
* Project:        Video_Mandelbrot_Generator
* Solution:       solution1
* Product family: zynq
* Target device:  xc7z020-clg484-1


================================================================
== Performance Estimates
================================================================
+ Timing (ns): 
    * Summary: 
    +--------+-------+----------+------------+
    |  Clock | Target| Estimated| Uncertainty|
    +--------+-------+----------+------------+
    |ap_clk  |  10.00|     1.770|        1.25|
    +--------+-------+----------+------------+

+ Latency (clock cycles): 
    * Summary: 
    +--------+--------+--------+--------+---------+
    |     Latency     |     Interval    | Pipeline|
    |   min  |   max  |   min  |   max  |   Type  |
    +--------+--------+--------+--------+---------+
    |  481201|  481201|  481201|  481201|   none  |
    +--------+--------+--------+--------+---------+

    + Detail: 
        * Instance: 
        N/A

        * Loop: 
        +----------+--------+--------+----------+-----------+-----------+------+----------+
        |          |     Latency     | Iteration|  Initiation Interval  | Trip |          |
        | Loop Name|   min  |   max  |  Latency |  achieved |   target  | Count| Pipelined|
        +----------+--------+--------+----------+-----------+-----------+------+----------+
        |- outer   |  481200|  481200|       802|          -|          -|   600|    no    |
        | + inner  |     800|     800|         1|          -|          -|   800|    no    |
        +----------+--------+--------+----------+-----------+-----------+------+----------+

============================================================
+ Verbose Summary: Synthesis Manager
============================================================
InlineROM: 1
ExposeGlobal: 0
============================================================
+ Verbose Summary: CDFG Model
============================================================
IsTopModel: 1
ResetActiveHigh: 1
IsCombinational: 0
IsDatapathOnly: 0
HasWiredReturn: 1
HasMFsm: 0
HasVarLatency: 1
IsPipeline: 0
IsRtlPipelined: 0
IsInstanceOverlapped: 0
IsDontTouch: 0
HasImplIP: 0
IsGatedGlobalClock: 0


============================================================
+ Verbose Summary: Schedule
============================================================
* Number of FSM states : 3
* Pipeline : 0
* Dataflow Pipeline: 0

* FSM state transitions: 
1 --> 2 
2 --> 3 
3 --> 3 2 

* FSM state operations: 

State 1 <SV = 0> <Delay = 1.76>
ST_1 : Operation 4 [1/1] (0.00ns)   --->   "call void (...)* @_ssdm_op_SpecBitsMap(i24* %m_axis_video_V_data_V), !map !36"   --->   Operation 4 'specbitsmap' <Predicate = true> <Delay = 0.00>
ST_1 : Operation 5 [1/1] (0.00ns)   --->   "call void (...)* @_ssdm_op_SpecBitsMap(i3* %m_axis_video_V_keep_V), !map !40"   --->   Operation 5 'specbitsmap' <Predicate = true> <Delay = 0.00>
ST_1 : Operation 6 [1/1] (0.00ns)   --->   "call void (...)* @_ssdm_op_SpecBitsMap(i3* %m_axis_video_V_strb_V), !map !44"   --->   Operation 6 'specbitsmap' <Predicate = true> <Delay = 0.00>
ST_1 : Operation 7 [1/1] (0.00ns)   --->   "call void (...)* @_ssdm_op_SpecBitsMap(i1* %m_axis_video_V_user_V), !map !48"   --->   Operation 7 'specbitsmap' <Predicate = true> <Delay = 0.00>
ST_1 : Operation 8 [1/1] (0.00ns)   --->   "call void (...)* @_ssdm_op_SpecBitsMap(i1* %m_axis_video_V_last_V), !map !52"   --->   Operation 8 'specbitsmap' <Predicate = true> <Delay = 0.00>
ST_1 : Operation 9 [1/1] (0.00ns)   --->   "call void (...)* @_ssdm_op_SpecBitsMap(i1* %m_axis_video_V_id_V), !map !56"   --->   Operation 9 'specbitsmap' <Predicate = true> <Delay = 0.00>
ST_1 : Operation 10 [1/1] (0.00ns)   --->   "call void (...)* @_ssdm_op_SpecBitsMap(i1* %m_axis_video_V_dest_V), !map !60"   --->   Operation 10 'specbitsmap' <Predicate = true> <Delay = 0.00>
ST_1 : Operation 11 [1/1] (0.00ns)   --->   "call void (...)* @_ssdm_op_SpecTopModule([27 x i8]* @video_mandelbrot_gen) nounwind"   --->   Operation 11 'spectopmodule' <Predicate = true> <Delay = 0.00>
ST_1 : Operation 12 [1/1] (0.00ns)   --->   "call void (...)* @_ssdm_op_SpecInterface(i24* %m_axis_video_V_data_V, i3* %m_axis_video_V_keep_V, i3* %m_axis_video_V_strb_V, i1* %m_axis_video_V_user_V, i1* %m_axis_video_V_last_V, i1* %m_axis_video_V_id_V, i1* %m_axis_video_V_dest_V, [5 x i8]* @p_str, i32 0, i32 0, [1 x i8]* @p_str1, i32 0, i32 0, [1 x i8]* @p_str1, [1 x i8]* @p_str1, [1 x i8]* @p_str1, i32 0, i32 0, i32 0, i32 0, [1 x i8]* @p_str1, [1 x i8]* @p_str1) nounwind" [src/cpp/video_mandelbrot_generator.cpp:8]   --->   Operation 12 'specinterface' <Predicate = true> <Delay = 0.00>
ST_1 : Operation 13 [1/1] (1.76ns)   --->   "br label %1" [src/cpp/video_mandelbrot_generator.cpp:14]   --->   Operation 13 'br' <Predicate = true> <Delay = 1.76>

State 2 <SV = 1> <Delay = 1.77>
ST_2 : Operation 14 [1/1] (0.00ns)   --->   "%i_0 = phi i10 [ 0, %0 ], [ %i, %outer_end ]"   --->   Operation 14 'phi' 'i_0' <Predicate = true> <Delay = 0.00>
ST_2 : Operation 15 [1/1] (1.77ns)   --->   "%icmp_ln14 = icmp eq i10 %i_0, -424" [src/cpp/video_mandelbrot_generator.cpp:14]   --->   Operation 15 'icmp' 'icmp_ln14' <Predicate = true> <Delay = 1.77> <Core = "Cmp">   --->   Core 25 'Cmp' <Latency = 0> <II = 1> <Delay = 1.77> <FuncUnit> <Opcode : 'icmp'> <InPorts = 2> <OutPorts = 1>
ST_2 : Operation 16 [1/1] (0.00ns)   --->   "%empty = call i32 (...)* @_ssdm_op_SpecLoopTripCount(i64 600, i64 600, i64 600)"   --->   Operation 16 'speclooptripcount' 'empty' <Predicate = true> <Delay = 0.00>
ST_2 : Operation 17 [1/1] (1.73ns)   --->   "%i = add i10 %i_0, 1" [src/cpp/video_mandelbrot_generator.cpp:14]   --->   Operation 17 'add' 'i' <Predicate = true> <Delay = 1.73> <Core = "AddSub">   --->   Core 14 'AddSub' <Latency = 0> <II = 1> <Delay = 1.73> <FuncUnit> <Opcode : 'add' 'sub'> <InPorts = 2> <OutPorts = 1>
ST_2 : Operation 18 [1/1] (0.00ns)   --->   "br i1 %icmp_ln14, label %4, label %outer_begin" [src/cpp/video_mandelbrot_generator.cpp:14]   --->   Operation 18 'br' <Predicate = true> <Delay = 0.00>
ST_2 : Operation 19 [1/1] (0.00ns)   --->   "call void (...)* @_ssdm_op_SpecLoopName([6 x i8]* @p_str2) nounwind" [src/cpp/video_mandelbrot_generator.cpp:15]   --->   Operation 19 'specloopname' <Predicate = (!icmp_ln14)> <Delay = 0.00>
ST_2 : Operation 20 [1/1] (0.00ns)   --->   "%tmp = call i32 (...)* @_ssdm_op_SpecRegionBegin([6 x i8]* @p_str2)" [src/cpp/video_mandelbrot_generator.cpp:15]   --->   Operation 20 'specregionbegin' 'tmp' <Predicate = (!icmp_ln14)> <Delay = 0.00>
ST_2 : Operation 21 [1/1] (1.76ns)   --->   "br label %2" [src/cpp/video_mandelbrot_generator.cpp:16]   --->   Operation 21 'br' <Predicate = (!icmp_ln14)> <Delay = 1.76>
ST_2 : Operation 22 [1/1] (0.00ns)   --->   "ret void" [src/cpp/video_mandelbrot_generator.cpp:41]   --->   Operation 22 'ret' <Predicate = (icmp_ln14)> <Delay = 0.00>

State 3 <SV = 2> <Delay = 1.77>
ST_3 : Operation 23 [1/1] (0.00ns)   --->   "%j_0 = phi i10 [ 0, %outer_begin ], [ %j, %3 ]"   --->   Operation 23 'phi' 'j_0' <Predicate = true> <Delay = 0.00>
ST_3 : Operation 24 [1/1] (1.77ns)   --->   "%icmp_ln16 = icmp eq i10 %j_0, -224" [src/cpp/video_mandelbrot_generator.cpp:16]   --->   Operation 24 'icmp' 'icmp_ln16' <Predicate = true> <Delay = 1.77> <Core = "Cmp">   --->   Core 25 'Cmp' <Latency = 0> <II = 1> <Delay = 1.77> <FuncUnit> <Opcode : 'icmp'> <InPorts = 2> <OutPorts = 1>
ST_3 : Operation 25 [1/1] (0.00ns)   --->   "%empty_2 = call i32 (...)* @_ssdm_op_SpecLoopTripCount(i64 800, i64 800, i64 800)"   --->   Operation 25 'speclooptripcount' 'empty_2' <Predicate = true> <Delay = 0.00>
ST_3 : Operation 26 [1/1] (1.73ns)   --->   "%j = add i10 %j_0, 1" [src/cpp/video_mandelbrot_generator.cpp:16]   --->   Operation 26 'add' 'j' <Predicate = true> <Delay = 1.73> <Core = "AddSub">   --->   Core 14 'AddSub' <Latency = 0> <II = 1> <Delay = 1.73> <FuncUnit> <Opcode : 'add' 'sub'> <InPorts = 2> <OutPorts = 1>
ST_3 : Operation 27 [1/1] (0.00ns)   --->   "br i1 %icmp_ln16, label %outer_end, label %3" [src/cpp/video_mandelbrot_generator.cpp:16]   --->   Operation 27 'br' <Predicate = true> <Delay = 0.00>
ST_3 : Operation 28 [1/1] (0.00ns)   --->   "call void (...)* @_ssdm_op_SpecLoopName([6 x i8]* @p_str3) nounwind" [src/cpp/video_mandelbrot_generator.cpp:17]   --->   Operation 28 'specloopname' <Predicate = (!icmp_ln16)> <Delay = 0.00>
ST_3 : Operation 29 [1/1] (0.00ns) (grouped into LUT with out node tmp_user_V)   --->   "%or_ln19 = or i10 %j_0, %i_0" [src/cpp/video_mandelbrot_generator.cpp:19]   --->   Operation 29 'or' 'or_ln19' <Predicate = (!icmp_ln16)> <Delay = 0.00> <Core = "LogicGate">   --->   Core 27 'LogicGate' <Latency = 0> <II = 1> <Delay = 0.99> <FuncUnit> <Opcode : 'and' 'or' 'xor'> <InPorts = 2> <OutPorts = 1>
ST_3 : Operation 30 [1/1] (1.77ns) (out node of the LUT)   --->   "%tmp_user_V = icmp eq i10 %or_ln19, 0" [src/cpp/video_mandelbrot_generator.cpp:19]   --->   Operation 30 'icmp' 'tmp_user_V' <Predicate = (!icmp_ln16)> <Delay = 1.77> <Core = "Cmp">   --->   Core 25 'Cmp' <Latency = 0> <II = 1> <Delay = 1.77> <FuncUnit> <Opcode : 'icmp'> <InPorts = 2> <OutPorts = 1>
ST_3 : Operation 31 [1/1] (1.77ns)   --->   "%tmp_last_V = icmp eq i10 %j_0, -225" [src/cpp/video_mandelbrot_generator.cpp:25]   --->   Operation 31 'icmp' 'tmp_last_V' <Predicate = (!icmp_ln16)> <Delay = 1.77> <Core = "Cmp">   --->   Core 25 'Cmp' <Latency = 0> <II = 1> <Delay = 1.77> <FuncUnit> <Opcode : 'icmp'> <InPorts = 2> <OutPorts = 1>
ST_3 : Operation 32 [1/1] (0.00ns)   --->   "%pixel_out_V = zext i10 %j_0 to i24" [src/cpp/video_mandelbrot_generator.cpp:47->src/cpp/video_mandelbrot_generator.cpp:35]   --->   Operation 32 'zext' 'pixel_out_V' <Predicate = (!icmp_ln16)> <Delay = 0.00>
ST_3 : Operation 33 [1/1] (0.00ns)   --->   "call void @_ssdm_op_Write.axis.volatile.i24P.i3P.i3P.i1P.i1P.i1P.i1P(i24* %m_axis_video_V_data_V, i3* %m_axis_video_V_keep_V, i3* %m_axis_video_V_strb_V, i1* %m_axis_video_V_user_V, i1* %m_axis_video_V_last_V, i1* %m_axis_video_V_id_V, i1* %m_axis_video_V_dest_V, i24 %pixel_out_V, i3 undef, i3 undef, i1 %tmp_user_V, i1 %tmp_last_V, i1 undef, i1 undef)" [src/cpp/video_mandelbrot_generator.cpp:38]   --->   Operation 33 'write' <Predicate = (!icmp_ln16)> <Delay = 0.00> <Core = "AXI4Stream">   --->   Core 5 'AXI4Stream' <Latency = 0> <II = 1> <Delay = 1.00> <Adapter> <Opcode : >
ST_3 : Operation 34 [1/1] (0.00ns)   --->   "br label %2" [src/cpp/video_mandelbrot_generator.cpp:16]   --->   Operation 34 'br' <Predicate = (!icmp_ln16)> <Delay = 0.00>
ST_3 : Operation 35 [1/1] (0.00ns)   --->   "%empty_3 = call i32 (...)* @_ssdm_op_SpecRegionEnd([6 x i8]* @p_str2, i32 %tmp)" [src/cpp/video_mandelbrot_generator.cpp:40]   --->   Operation 35 'specregionend' 'empty_3' <Predicate = (icmp_ln16)> <Delay = 0.00>
ST_3 : Operation 36 [1/1] (0.00ns)   --->   "br label %1" [src/cpp/video_mandelbrot_generator.cpp:14]   --->   Operation 36 'br' <Predicate = (icmp_ln16)> <Delay = 0.00>


============================================================
+ Verbose Summary: Binding
============================================================
STG Binding: 
---------------- STG Properties BEGIN ----------------
- Is combinational: 0
- Is one-state seq: 0
- Is datapath-only: 0
- Is pipelined: 0
- Is top level: 1
Port [ Return ] is wired: 1; IO mode=ap_ctrl_hs:ce=0
Port [ m_axis_video_V_data_V]:  wired=1; compound=1; hidden=0; nouse=0; global=0; static=0; extern=0; dir=1; type=0; pingpong=0; private_global=0; IO mode=axis:ce=0
Port [ m_axis_video_V_keep_V]:  wired=1; compound=1; hidden=0; nouse=0; global=0; static=0; extern=0; dir=1; type=0; pingpong=0; private_global=0; IO mode=axis:ce=0
Port [ m_axis_video_V_strb_V]:  wired=1; compound=1; hidden=0; nouse=0; global=0; static=0; extern=0; dir=1; type=0; pingpong=0; private_global=0; IO mode=axis:ce=0
Port [ m_axis_video_V_user_V]:  wired=1; compound=1; hidden=0; nouse=0; global=0; static=0; extern=0; dir=1; type=0; pingpong=0; private_global=0; IO mode=axis:ce=0
Port [ m_axis_video_V_last_V]:  wired=1; compound=1; hidden=0; nouse=0; global=0; static=0; extern=0; dir=1; type=0; pingpong=0; private_global=0; IO mode=axis:ce=0
Port [ m_axis_video_V_id_V]:  wired=1; compound=1; hidden=0; nouse=0; global=0; static=0; extern=0; dir=1; type=0; pingpong=0; private_global=0; IO mode=axis:ce=0
Port [ m_axis_video_V_dest_V]:  wired=1; compound=1; hidden=0; nouse=0; global=0; static=0; extern=0; dir=1; type=0; pingpong=0; private_global=0; IO mode=axis:ce=0
---------------- STG Properties END ------------------

---------------- Datapath Model BEGIN ----------------

<LifeTime>
<method=bitvector/>
specbitsmap_ln0   (specbitsmap      ) [ 0000]
specbitsmap_ln0   (specbitsmap      ) [ 0000]
specbitsmap_ln0   (specbitsmap      ) [ 0000]
specbitsmap_ln0   (specbitsmap      ) [ 0000]
specbitsmap_ln0   (specbitsmap      ) [ 0000]
specbitsmap_ln0   (specbitsmap      ) [ 0000]
specbitsmap_ln0   (specbitsmap      ) [ 0000]
spectopmodule_ln0 (spectopmodule    ) [ 0000]
specinterface_ln8 (specinterface    ) [ 0000]
br_ln14           (br               ) [ 0111]
i_0               (phi              ) [ 0011]
icmp_ln14         (icmp             ) [ 0011]
empty             (speclooptripcount) [ 0000]
i                 (add              ) [ 0111]
br_ln14           (br               ) [ 0000]
specloopname_ln15 (specloopname     ) [ 0000]
tmp               (specregionbegin  ) [ 0001]
br_ln16           (br               ) [ 0011]
ret_ln41          (ret              ) [ 0000]
j_0               (phi              ) [ 0001]
icmp_ln16         (icmp             ) [ 0011]
empty_2           (speclooptripcount) [ 0000]
j                 (add              ) [ 0011]
br_ln16           (br               ) [ 0000]
specloopname_ln17 (specloopname     ) [ 0000]
or_ln19           (or               ) [ 0000]
tmp_user_V        (icmp             ) [ 0000]
tmp_last_V        (icmp             ) [ 0000]
pixel_out_V       (zext             ) [ 0000]
write_ln38        (write            ) [ 0000]
br_ln16           (br               ) [ 0011]
empty_3           (specregionend    ) [ 0000]
br_ln14           (br               ) [ 0111]
</LifeTime>

<model>

<comp_list>
<comp id="0" class="1000" name="m_axis_video_V_data_V">
<pin_list>
<pin id="1" dir="1" index="0" bw="1" slack="0"/>
</pin_list>
<bind>
<StgValue><ssdm name="m_axis_video_V_data_V"/></StgValue>
</bind>
</comp>

<comp id="2" class="1000" name="m_axis_video_V_keep_V">
<pin_list>
<pin id="3" dir="1" index="0" bw="1" slack="0"/>
</pin_list>
<bind>
<StgValue><ssdm name="m_axis_video_V_keep_V"/></StgValue>
</bind>
</comp>

<comp id="4" class="1000" name="m_axis_video_V_strb_V">
<pin_list>
<pin id="5" dir="1" index="0" bw="1" slack="0"/>
</pin_list>
<bind>
<StgValue><ssdm name="m_axis_video_V_strb_V"/></StgValue>
</bind>
</comp>

<comp id="6" class="1000" name="m_axis_video_V_user_V">
<pin_list>
<pin id="7" dir="1" index="0" bw="1" slack="0"/>
</pin_list>
<bind>
<StgValue><ssdm name="m_axis_video_V_user_V"/></StgValue>
</bind>
</comp>

<comp id="8" class="1000" name="m_axis_video_V_last_V">
<pin_list>
<pin id="9" dir="1" index="0" bw="1" slack="0"/>
</pin_list>
<bind>
<StgValue><ssdm name="m_axis_video_V_last_V"/></StgValue>
</bind>
</comp>

<comp id="10" class="1000" name="m_axis_video_V_id_V">
<pin_list>
<pin id="11" dir="1" index="0" bw="1" slack="0"/>
</pin_list>
<bind>
<StgValue><ssdm name="m_axis_video_V_id_V"/></StgValue>
</bind>
</comp>

<comp id="12" class="1000" name="m_axis_video_V_dest_V">
<pin_list>
<pin id="13" dir="1" index="0" bw="1" slack="0"/>
</pin_list>
<bind>
<StgValue><ssdm name="m_axis_video_V_dest_V"/></StgValue>
</bind>
</comp>

<comp id="14" class="1001" name="const_14">
<pin_list>
<pin id="15" dir="1" index="0" bw="1" slack="2147483647"/>
</pin_list>
<bind>
<StgValue><ssdm name="_ssdm_op_SpecBitsMap"/></StgValue>
</bind>
</comp>

<comp id="16" class="1001" name="const_16">
<pin_list>
<pin id="17" dir="1" index="0" bw="1" slack="2147483647"/>
</pin_list>
<bind>
<StgValue><ssdm name="_ssdm_op_SpecTopModule"/></StgValue>
</bind>
</comp>

<comp id="18" class="1001" name="const_18">
<pin_list>
<pin id="19" dir="1" index="0" bw="1" slack="2147483647"/>
</pin_list>
<bind>
<StgValue><ssdm name="video_mandelbrot_gen"/></StgValue>
</bind>
</comp>

<comp id="20" class="1001" name="const_20">
<pin_list>
<pin id="21" dir="1" index="0" bw="1" slack="2147483647"/>
</pin_list>
<bind>
<StgValue><ssdm name="_ssdm_op_SpecInterface"/></StgValue>
</bind>
</comp>

<comp id="22" class="1001" name="const_22">
<pin_list>
<pin id="23" dir="1" index="0" bw="1" slack="2147483647"/>
</pin_list>
<bind>
<StgValue><ssdm name="p_str"/></StgValue>
</bind>
</comp>

<comp id="24" class="1001" name="const_24">
<pin_list>
<pin id="25" dir="1" index="0" bw="1" slack="2147483647"/>
</pin_list>
<bind>
<StgValue><ssdm name=""/></StgValue>
</bind>
</comp>

<comp id="26" class="1001" name="const_26">
<pin_list>
<pin id="27" dir="1" index="0" bw="1" slack="2147483647"/>
</pin_list>
<bind>
<StgValue><ssdm name="p_str1"/></StgValue>
</bind>
</comp>

<comp id="28" class="1001" name="const_28">
<pin_list>
<pin id="29" dir="1" index="0" bw="1" slack="0"/>
</pin_list>
<bind>
<StgValue><ssdm name=""/></StgValue>
</bind>
</comp>

<comp id="30" class="1001" name="const_30">
<pin_list>
<pin id="31" dir="1" index="0" bw="1" slack="0"/>
</pin_list>
<bind>
<StgValue><ssdm name=""/></StgValue>
</bind>
</comp>

<comp id="32" class="1001" name="const_32">
<pin_list>
<pin id="33" dir="1" index="0" bw="1" slack="2147483647"/>
</pin_list>
<bind>
<StgValue><ssdm name="_ssdm_op_SpecLoopTripCount"/></StgValue>
</bind>
</comp>

<comp id="34" class="1001" name="const_34">
<pin_list>
<pin id="35" dir="1" index="0" bw="1" slack="2147483647"/>
</pin_list>
<bind>
<StgValue><ssdm name=""/></StgValue>
</bind>
</comp>

<comp id="36" class="1001" name="const_36">
<pin_list>
<pin id="37" dir="1" index="0" bw="1" slack="0"/>
</pin_list>
<bind>
<StgValue><ssdm name=""/></StgValue>
</bind>
</comp>

<comp id="38" class="1001" name="const_38">
<pin_list>
<pin id="39" dir="1" index="0" bw="1" slack="2147483647"/>
</pin_list>
<bind>
<StgValue><ssdm name="_ssdm_op_SpecLoopName"/></StgValue>
</bind>
</comp>

<comp id="40" class="1001" name="const_40">
<pin_list>
<pin id="41" dir="1" index="0" bw="1" slack="2147483647"/>
</pin_list>
<bind>
<StgValue><ssdm name="p_str2"/></StgValue>
</bind>
</comp>

<comp id="42" class="1001" name="const_42">
<pin_list>
<pin id="43" dir="1" index="0" bw="1" slack="2147483647"/>
</pin_list>
<bind>
<StgValue><ssdm name="_ssdm_op_SpecRegionBegin"/></StgValue>
</bind>
</comp>

<comp id="44" class="1001" name="const_44">
<pin_list>
<pin id="45" dir="1" index="0" bw="1" slack="0"/>
</pin_list>
<bind>
<StgValue><ssdm name=""/></StgValue>
</bind>
</comp>

<comp id="46" class="1001" name="const_46">
<pin_list>
<pin id="47" dir="1" index="0" bw="1" slack="2147483647"/>
</pin_list>
<bind>
<StgValue><ssdm name=""/></StgValue>
</bind>
</comp>

<comp id="48" class="1001" name="const_48">
<pin_list>
<pin id="49" dir="1" index="0" bw="1" slack="2147483647"/>
</pin_list>
<bind>
<StgValue><ssdm name="p_str3"/></StgValue>
</bind>
</comp>

<comp id="50" class="1001" name="const_50">
<pin_list>
<pin id="51" dir="1" index="0" bw="1" slack="0"/>
</pin_list>
<bind>
<StgValue><ssdm name=""/></StgValue>
</bind>
</comp>

<comp id="52" class="1001" name="const_52">
<pin_list>
<pin id="53" dir="1" index="0" bw="1" slack="0"/>
</pin_list>
<bind>
<StgValue><ssdm name="_ssdm_op_Write.axis.volatile.i24P.i3P.i3P.i1P.i1P.i1P.i1P"/></StgValue>
</bind>
</comp>

<comp id="54" class="1001" name="const_54">
<pin_list>
<pin id="55" dir="1" index="0" bw="1" slack="0"/>
</pin_list>
<bind>
<StgValue><ssdm name=""/></StgValue>
</bind>
</comp>

<comp id="56" class="1001" name="const_56">
<pin_list>
<pin id="57" dir="1" index="0" bw="1" slack="0"/>
</pin_list>
<bind>
<StgValue><ssdm name=""/></StgValue>
</bind>
</comp>

<comp id="58" class="1001" name="const_58">
<pin_list>
<pin id="59" dir="1" index="0" bw="1" slack="2147483647"/>
</pin_list>
<bind>
<StgValue><ssdm name="_ssdm_op_SpecRegionEnd"/></StgValue>
</bind>
</comp>

<comp id="60" class="1004" name="write_ln38_write_fu_60">
<pin_list>
<pin id="61" dir="0" index="0" bw="0" slack="0"/>
<pin id="62" dir="0" index="1" bw="24" slack="0"/>
<pin id="63" dir="0" index="2" bw="3" slack="0"/>
<pin id="64" dir="0" index="3" bw="3" slack="0"/>
<pin id="65" dir="0" index="4" bw="1" slack="0"/>
<pin id="66" dir="0" index="5" bw="1" slack="0"/>
<pin id="67" dir="0" index="6" bw="1" slack="0"/>
<pin id="68" dir="0" index="7" bw="1" slack="0"/>
<pin id="69" dir="0" index="8" bw="10" slack="0"/>
<pin id="70" dir="0" index="9" bw="1" slack="0"/>
<pin id="71" dir="0" index="10" bw="1" slack="0"/>
<pin id="72" dir="0" index="11" bw="1" slack="0"/>
<pin id="73" dir="0" index="12" bw="1" slack="0"/>
<pin id="74" dir="0" index="13" bw="1" slack="0"/>
<pin id="75" dir="0" index="14" bw="1" slack="0"/>
<pin id="76" dir="1" index="15" bw="0" slack="2147483647"/>
</pin_list>
<bind>
<opcode="write(1151) " fcode="write"/>
<opset="write_ln38/3 "/>
</bind>
</comp>

<comp id="89" class="1005" name="i_0_reg_89">
<pin_list>
<pin id="90" dir="0" index="0" bw="10" slack="1"/>
<pin id="91" dir="1" index="1" bw="10" slack="1"/>
</pin_list>
<bind>
<opset="i_0 (phireg) "/>
</bind>
</comp>

<comp id="93" class="1004" name="i_0_phi_fu_93">
<pin_list>
<pin id="94" dir="0" index="0" bw="1" slack="1"/>
<pin id="95" dir="0" index="1" bw="0" slack="2147483647"/>
<pin id="96" dir="0" index="2" bw="10" slack="0"/>
<pin id="97" dir="0" index="3" bw="0" slack="2147483647"/>
<pin id="98" dir="1" index="4" bw="10" slack="0"/>
</pin_list>
<bind>
<opcode="phi(47) " fcode="phi"/>
<opset="i_0/2 "/>
</bind>
</comp>

<comp id="101" class="1005" name="j_0_reg_101">
<pin_list>
<pin id="102" dir="0" index="0" bw="10" slack="1"/>
<pin id="103" dir="1" index="1" bw="10" slack="1"/>
</pin_list>
<bind>
<opset="j_0 (phireg) "/>
</bind>
</comp>

<comp id="105" class="1004" name="j_0_phi_fu_105">
<pin_list>
<pin id="106" dir="0" index="0" bw="1" slack="1"/>
<pin id="107" dir="0" index="1" bw="0" slack="2147483647"/>
<pin id="108" dir="0" index="2" bw="10" slack="0"/>
<pin id="109" dir="0" index="3" bw="0" slack="2147483647"/>
<pin id="110" dir="1" index="4" bw="10" slack="0"/>
</pin_list>
<bind>
<opcode="phi(47) " fcode="phi"/>
<opset="j_0/3 "/>
</bind>
</comp>

<comp id="112" class="1004" name="icmp_ln14_fu_112">
<pin_list>
<pin id="113" dir="0" index="0" bw="10" slack="0"/>
<pin id="114" dir="0" index="1" bw="10" slack="0"/>
<pin id="115" dir="1" index="2" bw="1" slack="2147483647"/>
</pin_list>
<bind>
<opcode="icmp(45) " fcode="icmp"/>
<opset="icmp_ln14/2 "/>
</bind>
</comp>

<comp id="118" class="1004" name="i_fu_118">
<pin_list>
<pin id="119" dir="0" index="0" bw="10" slack="0"/>
<pin id="120" dir="0" index="1" bw="1" slack="0"/>
<pin id="121" dir="1" index="2" bw="10" slack="0"/>
</pin_list>
<bind>
<opcode="add(8) " fcode="add"/>
<opset="i/2 "/>
</bind>
</comp>

<comp id="124" class="1004" name="icmp_ln16_fu_124">
<pin_list>
<pin id="125" dir="0" index="0" bw="10" slack="0"/>
<pin id="126" dir="0" index="1" bw="9" slack="0"/>
<pin id="127" dir="1" index="2" bw="1" slack="2147483647"/>
</pin_list>
<bind>
<opcode="icmp(45) " fcode="icmp"/>
<opset="icmp_ln16/3 "/>
</bind>
</comp>

<comp id="130" class="1004" name="j_fu_130">
<pin_list>
<pin id="131" dir="0" index="0" bw="10" slack="0"/>
<pin id="132" dir="0" index="1" bw="1" slack="0"/>
<pin id="133" dir="1" index="2" bw="10" slack="0"/>
</pin_list>
<bind>
<opcode="add(8) " fcode="add"/>
<opset="j/3 "/>
</bind>
</comp>

<comp id="136" class="1004" name="or_ln19_fu_136">
<pin_list>
<pin id="137" dir="0" index="0" bw="10" slack="0"/>
<pin id="138" dir="0" index="1" bw="10" slack="1"/>
<pin id="139" dir="1" index="2" bw="10" slack="0"/>
</pin_list>
<bind>
<opcode="or(24) " fcode="or"/>
<opset="or_ln19/3 "/>
</bind>
</comp>

<comp id="142" class="1004" name="tmp_user_V_fu_142">
<pin_list>
<pin id="143" dir="0" index="0" bw="10" slack="0"/>
<pin id="144" dir="0" index="1" bw="1" slack="0"/>
<pin id="145" dir="1" index="2" bw="1" slack="0"/>
</pin_list>
<bind>
<opcode="icmp(45) " fcode="icmp"/>
<opset="tmp_user_V/3 "/>
</bind>
</comp>

<comp id="149" class="1004" name="tmp_last_V_fu_149">
<pin_list>
<pin id="150" dir="0" index="0" bw="10" slack="0"/>
<pin id="151" dir="0" index="1" bw="9" slack="0"/>
<pin id="152" dir="1" index="2" bw="1" slack="0"/>
</pin_list>
<bind>
<opcode="icmp(45) " fcode="icmp"/>
<opset="tmp_last_V/3 "/>
</bind>
</comp>

<comp id="156" class="1004" name="pixel_out_V_fu_156">
<pin_list>
<pin id="157" dir="0" index="0" bw="10" slack="0"/>
<pin id="158" dir="1" index="1" bw="24" slack="0"/>
</pin_list>
<bind>
<opcode="zext(34) " fcode="zext"/>
<opset="pixel_out_V/3 "/>
</bind>
</comp>

<comp id="164" class="1005" name="i_reg_164">
<pin_list>
<pin id="165" dir="0" index="0" bw="10" slack="0"/>
<pin id="166" dir="1" index="1" bw="10" slack="0"/>
</pin_list>
<bind>
<opset="i "/>
</bind>
</comp>

<comp id="172" class="1005" name="j_reg_172">
<pin_list>
<pin id="173" dir="0" index="0" bw="10" slack="0"/>
<pin id="174" dir="1" index="1" bw="10" slack="0"/>
</pin_list>
<bind>
<opset="j "/>
</bind>
</comp>

</comp_list>

<net_list>
<net id="77"><net_src comp="52" pin="0"/><net_sink comp="60" pin=0"/></net>

<net id="78"><net_src comp="0" pin="0"/><net_sink comp="60" pin=1"/></net>

<net id="79"><net_src comp="2" pin="0"/><net_sink comp="60" pin=2"/></net>

<net id="80"><net_src comp="4" pin="0"/><net_sink comp="60" pin=3"/></net>

<net id="81"><net_src comp="6" pin="0"/><net_sink comp="60" pin=4"/></net>

<net id="82"><net_src comp="8" pin="0"/><net_sink comp="60" pin=5"/></net>

<net id="83"><net_src comp="10" pin="0"/><net_sink comp="60" pin=6"/></net>

<net id="84"><net_src comp="12" pin="0"/><net_sink comp="60" pin=7"/></net>

<net id="85"><net_src comp="54" pin="0"/><net_sink comp="60" pin=9"/></net>

<net id="86"><net_src comp="54" pin="0"/><net_sink comp="60" pin=10"/></net>

<net id="87"><net_src comp="56" pin="0"/><net_sink comp="60" pin=13"/></net>

<net id="88"><net_src comp="56" pin="0"/><net_sink comp="60" pin=14"/></net>

<net id="92"><net_src comp="28" pin="0"/><net_sink comp="89" pin=0"/></net>

<net id="99"><net_src comp="89" pin="1"/><net_sink comp="93" pin=0"/></net>

<net id="100"><net_src comp="93" pin="4"/><net_sink comp="89" pin=0"/></net>

<net id="104"><net_src comp="28" pin="0"/><net_sink comp="101" pin=0"/></net>

<net id="111"><net_src comp="101" pin="1"/><net_sink comp="105" pin=0"/></net>

<net id="116"><net_src comp="93" pin="4"/><net_sink comp="112" pin=0"/></net>

<net id="117"><net_src comp="30" pin="0"/><net_sink comp="112" pin=1"/></net>

<net id="122"><net_src comp="93" pin="4"/><net_sink comp="118" pin=0"/></net>

<net id="123"><net_src comp="36" pin="0"/><net_sink comp="118" pin=1"/></net>

<net id="128"><net_src comp="105" pin="4"/><net_sink comp="124" pin=0"/></net>

<net id="129"><net_src comp="44" pin="0"/><net_sink comp="124" pin=1"/></net>

<net id="134"><net_src comp="105" pin="4"/><net_sink comp="130" pin=0"/></net>

<net id="135"><net_src comp="36" pin="0"/><net_sink comp="130" pin=1"/></net>

<net id="140"><net_src comp="105" pin="4"/><net_sink comp="136" pin=0"/></net>

<net id="141"><net_src comp="89" pin="1"/><net_sink comp="136" pin=1"/></net>

<net id="146"><net_src comp="136" pin="2"/><net_sink comp="142" pin=0"/></net>

<net id="147"><net_src comp="28" pin="0"/><net_sink comp="142" pin=1"/></net>

<net id="148"><net_src comp="142" pin="2"/><net_sink comp="60" pin=11"/></net>

<net id="153"><net_src comp="105" pin="4"/><net_sink comp="149" pin=0"/></net>

<net id="154"><net_src comp="50" pin="0"/><net_sink comp="149" pin=1"/></net>

<net id="155"><net_src comp="149" pin="2"/><net_sink comp="60" pin=12"/></net>

<net id="159"><net_src comp="105" pin="4"/><net_sink comp="156" pin=0"/></net>

<net id="160"><net_src comp="156" pin="1"/><net_sink comp="60" pin=8"/></net>

<net id="167"><net_src comp="118" pin="2"/><net_sink comp="164" pin=0"/></net>

<net id="168"><net_src comp="164" pin="1"/><net_sink comp="93" pin=2"/></net>

<net id="175"><net_src comp="130" pin="2"/><net_sink comp="172" pin=0"/></net>

<net id="176"><net_src comp="172" pin="1"/><net_sink comp="105" pin=2"/></net>

</net_list>

</model> 
---------------- Datapath Model END ------------------

* FSMD analyzer results:
  - Output states:
	Port: m_axis_video_V_data_V | {3 }
	Port: m_axis_video_V_keep_V | {3 }
	Port: m_axis_video_V_strb_V | {3 }
	Port: m_axis_video_V_user_V | {3 }
	Port: m_axis_video_V_last_V | {3 }
	Port: m_axis_video_V_id_V | {3 }
	Port: m_axis_video_V_dest_V | {3 }
 - Input state : 
  - Chain level:
	State 1
	State 2
		icmp_ln14 : 1
		i : 1
		br_ln14 : 2
	State 3
		icmp_ln16 : 1
		j : 1
		br_ln16 : 2
		or_ln19 : 1
		tmp_user_V : 1
		tmp_last_V : 1
		pixel_out_V : 1
		write_ln38 : 2


============================================================
+ Verbose Summary: Datapath Resource usage 
============================================================

* Functional unit list:
|----------|------------------------|---------|---------|
| Operation|     Functional Unit    |    FF   |   LUT   |
|----------|------------------------|---------|---------|
|          |    icmp_ln14_fu_112    |    0    |    13   |
|   icmp   |    icmp_ln16_fu_124    |    0    |    13   |
|          |    tmp_user_V_fu_142   |    0    |    13   |
|          |    tmp_last_V_fu_149   |    0    |    13   |
|----------|------------------------|---------|---------|
|    add   |        i_fu_118        |    0    |    14   |
|          |        j_fu_130        |    0    |    14   |
|----------|------------------------|---------|---------|
|    or    |     or_ln19_fu_136     |    0    |    10   |
|----------|------------------------|---------|---------|
|   write  | write_ln38_write_fu_60 |    0    |    0    |
|----------|------------------------|---------|---------|
|   zext   |   pixel_out_V_fu_156   |    0    |    0    |
|----------|------------------------|---------|---------|
|   Total  |                        |    0    |    90   |
|----------|------------------------|---------|---------|

Memories:
N/A

* Register list:
+-----------+--------+
|           |   FF   |
+-----------+--------+
| i_0_reg_89|   10   |
| i_reg_164 |   10   |
|j_0_reg_101|   10   |
| j_reg_172 |   10   |
+-----------+--------+
|   Total   |   40   |
+-----------+--------+

* Multiplexer (MUX) list: 
|------------|------|------|------|--------||---------||---------|
|    Comp    |  Pin | Size |  BW  | S x BW ||  Delay  ||   LUT   |
|------------|------|------|------|--------||---------||---------|
| i_0_reg_89 |  p0  |   2  |  10  |   20   ||    9    |
|------------|------|------|------|--------||---------||---------|
|    Total   |      |      |      |   20   ||  1.769  ||    9    |
|------------|------|------|------|--------||---------||---------|



* Summary:
+-----------+--------+--------+--------+
|           |  Delay |   FF   |   LUT  |
+-----------+--------+--------+--------+
|  Function |    -   |    0   |   90   |
|   Memory  |    -   |    -   |    -   |
|Multiplexer|    1   |    -   |    9   |
|  Register |    -   |   40   |    -   |
+-----------+--------+--------+--------+
|   Total   |    1   |   40   |   99   |
+-----------+--------+--------+--------+
