

================================================================
== Vivado HLS Report for 'video_mandelbrot_generator'
================================================================
* Date:           Sun Feb  2 00:04:59 2020

* Version:        2019.1 (Build 2552052 on Fri May 24 15:28:33 MDT 2019)
* Project:        Video_Mandelbrot_Generator
* Solution:       solution1
* Product family: artix7
* Target device:  xc7a35t-cpg236-1


================================================================
== Performance Estimates
================================================================
+ Timing (ns): 
    * Summary: 
    +--------+-------+----------+------------+
    |  Clock | Target| Estimated| Uncertainty|
    +--------+-------+----------+------------+
    |ap_clk  |  10.00|     8.263|        1.25|
    +--------+-------+----------+------------+

+ Latency (clock cycles): 
    * Summary: 
    +-----+-----+-----+-----+---------+
    |  Latency  |  Interval | Pipeline|
    | min | max | min | max |   Type  |
    +-----+-----+-----+-----+---------+
    |    ?|    ?|    ?|    ?|   none  |
    +-----+-----+-----+-----+---------+

    + Detail: 
        * Instance: 
        N/A

        * Loop: 
        +--------------+-----+-----+----------+-----------+-----------+------+----------+
        |              |  Latency  | Iteration|  Initiation Interval  | Trip |          |
        |   Loop Name  | min | max |  Latency |  achieved |   target  | Count| Pipelined|
        +--------------+-----+-----+----------+-----------+-----------+------+----------+
        |- outer       |    ?|    ?|         ?|          -|          -|   600|    no    |
        | + inner      |    ?|    ?|         ?|          -|          -|   800|    no    |
        |  ++ inner.1  |    ?|    ?|        30|          -|          -|     ?|    no    |
        +--------------+-----+-----+----------+-----------+-----------+------+----------+

============================================================
+ Verbose Summary: Synthesis Manager
============================================================
InlineROM: 1
ExposeGlobal: 0
============================================================
+ Verbose Summary: CDFG Model
============================================================
IsTopModel: 1
ResetActiveHigh: 1
IsCombinational: 0
IsDatapathOnly: 0
HasWiredReturn: 1
HasMFsm: 0
HasVarLatency: 1
IsPipeline: 0
IsRtlPipelined: 0
IsInstanceOverlapped: 0
IsDontTouch: 0
HasImplIP: 0
IsGatedGlobalClock: 0


============================================================
+ Verbose Summary: Schedule
============================================================
* Number of FSM states : 84
* Pipeline : 0
* Dataflow Pipeline: 0

* FSM state transitions: 
1 --> 2 
2 --> 3 
3 --> 4 
4 --> 5 
5 --> 6 
6 --> 7 
7 --> 8 
8 --> 9 
9 --> 10 
10 --> 11 
11 --> 12 
12 --> 13 
13 --> 14 
14 --> 15 
15 --> 16 
16 --> 17 
17 --> 18 
18 --> 19 
19 --> 20 
20 --> 21 
21 --> 22 
22 --> 23 
23 --> 24 
24 --> 25 
25 --> 26 
26 --> 27 2 
27 --> 28 
28 --> 29 
29 --> 30 
30 --> 31 
31 --> 32 
32 --> 33 
33 --> 34 
34 --> 35 
35 --> 36 
36 --> 37 
37 --> 38 
38 --> 39 
39 --> 40 
40 --> 41 
41 --> 42 
42 --> 43 
43 --> 44 
44 --> 45 
45 --> 46 
46 --> 47 
47 --> 48 
48 --> 49 
49 --> 50 
50 --> 51 
51 --> 52 
52 --> 53 
53 --> 54 
54 --> 55 
55 --> 56 
56 --> 57 
57 --> 58 
58 --> 59 
59 --> 60 
60 --> 61 84 
61 --> 62 
62 --> 63 
63 --> 64 
64 --> 65 
65 --> 66 
66 --> 67 
67 --> 68 
68 --> 69 
69 --> 70 
70 --> 71 
71 --> 72 
72 --> 73 
73 --> 74 
74 --> 75 
75 --> 76 
76 --> 77 
77 --> 78 
78 --> 79 
79 --> 80 
80 --> 81 
81 --> 82 
82 --> 83 
83 --> 54 
84 --> 26 

* FSM state operations: 

State 1 <SV = 0> <Delay = 1.66>
ST_1 : Operation 85 [1/1] (0.00ns)   --->   "call void (...)* @_ssdm_op_SpecBitsMap(i24* %VIDEO_OUT_V_data_V), !map !39"   --->   Operation 85 'specbitsmap' <Predicate = true> <Delay = 0.00>
ST_1 : Operation 86 [1/1] (0.00ns)   --->   "call void (...)* @_ssdm_op_SpecBitsMap(i3* %VIDEO_OUT_V_keep_V), !map !43"   --->   Operation 86 'specbitsmap' <Predicate = true> <Delay = 0.00>
ST_1 : Operation 87 [1/1] (0.00ns)   --->   "call void (...)* @_ssdm_op_SpecBitsMap(i3* %VIDEO_OUT_V_strb_V), !map !47"   --->   Operation 87 'specbitsmap' <Predicate = true> <Delay = 0.00>
ST_1 : Operation 88 [1/1] (0.00ns)   --->   "call void (...)* @_ssdm_op_SpecBitsMap(i1* %VIDEO_OUT_V_user_V), !map !51"   --->   Operation 88 'specbitsmap' <Predicate = true> <Delay = 0.00>
ST_1 : Operation 89 [1/1] (0.00ns)   --->   "call void (...)* @_ssdm_op_SpecBitsMap(i1* %VIDEO_OUT_V_last_V), !map !55"   --->   Operation 89 'specbitsmap' <Predicate = true> <Delay = 0.00>
ST_1 : Operation 90 [1/1] (0.00ns)   --->   "call void (...)* @_ssdm_op_SpecBitsMap(i1* %VIDEO_OUT_V_id_V), !map !59"   --->   Operation 90 'specbitsmap' <Predicate = true> <Delay = 0.00>
ST_1 : Operation 91 [1/1] (0.00ns)   --->   "call void (...)* @_ssdm_op_SpecBitsMap(i1* %VIDEO_OUT_V_dest_V), !map !63"   --->   Operation 91 'specbitsmap' <Predicate = true> <Delay = 0.00>
ST_1 : Operation 92 [1/1] (0.00ns)   --->   "call void (...)* @_ssdm_op_SpecBitsMap(float %moveX), !map !67"   --->   Operation 92 'specbitsmap' <Predicate = true> <Delay = 0.00>
ST_1 : Operation 93 [1/1] (0.00ns)   --->   "call void (...)* @_ssdm_op_SpecBitsMap(float %moveY), !map !73"   --->   Operation 93 'specbitsmap' <Predicate = true> <Delay = 0.00>
ST_1 : Operation 94 [1/1] (0.00ns)   --->   "call void (...)* @_ssdm_op_SpecBitsMap(float %zoom), !map !77"   --->   Operation 94 'specbitsmap' <Predicate = true> <Delay = 0.00>
ST_1 : Operation 95 [1/1] (0.00ns)   --->   "call void (...)* @_ssdm_op_SpecTopModule([27 x i8]* @video_mandelbrot_gen) nounwind"   --->   Operation 95 'spectopmodule' <Predicate = true> <Delay = 0.00>
ST_1 : Operation 96 [1/1] (1.00ns)   --->   "%zoom_read = call float @_ssdm_op_Read.s_axilite.float(float %zoom)"   --->   Operation 96 'read' 'zoom_read' <Predicate = true> <Delay = 1.00> <Core = "s_axilite">   --->   Core 10 's_axilite' <Latency = 0> <II = 1> <Delay = 1.00> <Adapter> <Opcode : 'read' 'write'>
ST_1 : Operation 97 [1/1] (1.00ns)   --->   "%moveY_read = call float @_ssdm_op_Read.s_axilite.float(float %moveY)"   --->   Operation 97 'read' 'moveY_read' <Predicate = true> <Delay = 1.00> <Core = "s_axilite">   --->   Core 10 's_axilite' <Latency = 0> <II = 1> <Delay = 1.00> <Adapter> <Opcode : 'read' 'write'>
ST_1 : Operation 98 [1/1] (1.00ns)   --->   "%moveX_read = call float @_ssdm_op_Read.s_axilite.float(float %moveX)"   --->   Operation 98 'read' 'moveX_read' <Predicate = true> <Delay = 1.00> <Core = "s_axilite">   --->   Core 10 's_axilite' <Latency = 0> <II = 1> <Delay = 1.00> <Adapter> <Opcode : 'read' 'write'>
ST_1 : Operation 99 [1/1] (0.00ns)   --->   "call void (...)* @_ssdm_op_SpecInterface(i32 0, [10 x i8]* @p_str, i32 0, i32 0, [1 x i8]* @p_str1, i32 0, i32 0, [1 x i8]* @p_str1, [1 x i8]* @p_str1, [1 x i8]* @p_str1, i32 0, i32 0, i32 0, i32 0, [1 x i8]* @p_str1, [1 x i8]* @p_str1) nounwind" [src/cpp/video_mandelbrot_generator.cpp:7]   --->   Operation 99 'specinterface' <Predicate = true> <Delay = 0.00>
ST_1 : Operation 100 [1/1] (0.00ns)   --->   "call void (...)* @_ssdm_op_SpecInterface(i32 0, [10 x i8]* @p_str, i32 0, i32 0, [1 x i8]* @p_str1, i32 0, i32 0, [4 x i8]* @p_str2, [1 x i8]* @p_str1, [1 x i8]* @p_str1, i32 0, i32 0, i32 0, i32 0, [1 x i8]* @p_str1, [1 x i8]* @p_str1) nounwind" [src/cpp/video_mandelbrot_generator.cpp:7]   --->   Operation 100 'specinterface' <Predicate = true> <Delay = 0.00>
ST_1 : Operation 101 [1/1] (0.00ns)   --->   "call void (...)* @_ssdm_op_SpecInterface(float %moveX, [10 x i8]* @p_str, i32 0, i32 0, [1 x i8]* @p_str1, i32 0, i32 0, [4 x i8]* @p_str2, [1 x i8]* @p_str1, [1 x i8]* @p_str1, i32 0, i32 0, i32 0, i32 0, [1 x i8]* @p_str1, [1 x i8]* @p_str1) nounwind" [src/cpp/video_mandelbrot_generator.cpp:8]   --->   Operation 101 'specinterface' <Predicate = true> <Delay = 0.00>
ST_1 : Operation 102 [1/1] (0.00ns)   --->   "call void (...)* @_ssdm_op_SpecInterface(float %moveY, [10 x i8]* @p_str, i32 0, i32 0, [1 x i8]* @p_str1, i32 0, i32 0, [4 x i8]* @p_str2, [1 x i8]* @p_str1, [1 x i8]* @p_str1, i32 0, i32 0, i32 0, i32 0, [1 x i8]* @p_str1, [1 x i8]* @p_str1) nounwind" [src/cpp/video_mandelbrot_generator.cpp:9]   --->   Operation 102 'specinterface' <Predicate = true> <Delay = 0.00>
ST_1 : Operation 103 [1/1] (0.00ns)   --->   "call void (...)* @_ssdm_op_SpecInterface(float %zoom, [10 x i8]* @p_str, i32 0, i32 0, [1 x i8]* @p_str1, i32 0, i32 0, [4 x i8]* @p_str2, [1 x i8]* @p_str1, [1 x i8]* @p_str1, i32 0, i32 0, i32 0, i32 0, [1 x i8]* @p_str1, [1 x i8]* @p_str1) nounwind" [src/cpp/video_mandelbrot_generator.cpp:10]   --->   Operation 103 'specinterface' <Predicate = true> <Delay = 0.00>
ST_1 : Operation 104 [1/1] (0.00ns)   --->   "call void (...)* @_ssdm_op_SpecInterface(i24* %VIDEO_OUT_V_data_V, i3* %VIDEO_OUT_V_keep_V, i3* %VIDEO_OUT_V_strb_V, i1* %VIDEO_OUT_V_user_V, i1* %VIDEO_OUT_V_last_V, i1* %VIDEO_OUT_V_id_V, i1* %VIDEO_OUT_V_dest_V, [5 x i8]* @p_str3, i32 1, i32 1, [5 x i8]* @p_str4, i32 0, i32 0, [10 x i8]* @p_str5, [1 x i8]* @p_str1, [1 x i8]* @p_str1, i32 0, i32 0, i32 0, i32 0, [1 x i8]* @p_str1, [1 x i8]* @p_str1) nounwind" [src/cpp/video_mandelbrot_generator.cpp:11]   --->   Operation 104 'specinterface' <Predicate = true> <Delay = 0.00>
ST_1 : Operation 105 [1/1] (1.66ns)   --->   "br label %1" [src/cpp/video_mandelbrot_generator.cpp:24]   --->   Operation 105 'br' <Predicate = true> <Delay = 1.66>

State 2 <SV = 1> <Delay = 6.18>
ST_2 : Operation 106 [1/1] (0.00ns)   --->   "%row_0 = phi i10 [ 0, %0 ], [ %row, %outer_end ]"   --->   Operation 106 'phi' 'row_0' <Predicate = true> <Delay = 0.00>
ST_2 : Operation 107 [1/1] (1.70ns)   --->   "%icmp_ln24 = icmp eq i10 %row_0, -424" [src/cpp/video_mandelbrot_generator.cpp:24]   --->   Operation 107 'icmp' 'icmp_ln24' <Predicate = true> <Delay = 1.70> <Core = "Cmp">   --->   Core 25 'Cmp' <Latency = 0> <II = 1> <Delay = 1.47> <FuncUnit> <Opcode : 'icmp'> <InPorts = 2> <OutPorts = 1>
ST_2 : Operation 108 [1/1] (0.00ns)   --->   "%empty = call i32 (...)* @_ssdm_op_SpecLoopTripCount(i64 600, i64 600, i64 600)"   --->   Operation 108 'speclooptripcount' 'empty' <Predicate = true> <Delay = 0.00>
ST_2 : Operation 109 [1/1] (2.12ns)   --->   "%row = add i10 %row_0, 1" [src/cpp/video_mandelbrot_generator.cpp:24]   --->   Operation 109 'add' 'row' <Predicate = true> <Delay = 2.12> <Core = "AddSub">   --->   Core 14 'AddSub' <Latency = 0> <II = 1> <Delay = 2.11> <FuncUnit> <Opcode : 'add' 'sub'> <InPorts = 2> <OutPorts = 1>
ST_2 : Operation 110 [1/1] (0.00ns)   --->   "br i1 %icmp_ln24, label %7, label %outer_begin" [src/cpp/video_mandelbrot_generator.cpp:24]   --->   Operation 110 'br' <Predicate = true> <Delay = 0.00>
ST_2 : Operation 111 [1/1] (0.00ns)   --->   "%zext_ln44 = zext i10 %row_0 to i32" [src/cpp/video_mandelbrot_generator.cpp:44]   --->   Operation 111 'zext' 'zext_ln44' <Predicate = (!icmp_ln24)> <Delay = 0.00>
ST_2 : Operation 112 [6/6] (6.18ns)   --->   "%tmp_3 = uitofp i32 %zext_ln44 to float" [src/cpp/video_mandelbrot_generator.cpp:44]   --->   Operation 112 'uitofp' 'tmp_3' <Predicate = (!icmp_ln24)> <Delay = 6.18> <Core = "Int2Float">   --->   Core 112 'Int2Float' <Latency = 5> <II = 1> <Delay = 6.18> <FuncUnit> <Opcode : 'sitofp' 'uitofp'> <InPorts = 1> <OutPorts = 1>
ST_2 : Operation 113 [1/1] (0.00ns)   --->   "ret void" [src/cpp/video_mandelbrot_generator.cpp:71]   --->   Operation 113 'ret' <Predicate = (icmp_ln24)> <Delay = 0.00>

State 3 <SV = 2> <Delay = 6.18>
ST_3 : Operation 114 [5/6] (6.18ns)   --->   "%tmp_3 = uitofp i32 %zext_ln44 to float" [src/cpp/video_mandelbrot_generator.cpp:44]   --->   Operation 114 'uitofp' 'tmp_3' <Predicate = true> <Delay = 6.18> <Core = "Int2Float">   --->   Core 112 'Int2Float' <Latency = 5> <II = 1> <Delay = 6.18> <FuncUnit> <Opcode : 'sitofp' 'uitofp'> <InPorts = 1> <OutPorts = 1>

State 4 <SV = 3> <Delay = 6.18>
ST_4 : Operation 115 [4/6] (6.18ns)   --->   "%tmp_3 = uitofp i32 %zext_ln44 to float" [src/cpp/video_mandelbrot_generator.cpp:44]   --->   Operation 115 'uitofp' 'tmp_3' <Predicate = true> <Delay = 6.18> <Core = "Int2Float">   --->   Core 112 'Int2Float' <Latency = 5> <II = 1> <Delay = 6.18> <FuncUnit> <Opcode : 'sitofp' 'uitofp'> <InPorts = 1> <OutPorts = 1>

State 5 <SV = 4> <Delay = 6.18>
ST_5 : Operation 116 [3/6] (6.18ns)   --->   "%tmp_3 = uitofp i32 %zext_ln44 to float" [src/cpp/video_mandelbrot_generator.cpp:44]   --->   Operation 116 'uitofp' 'tmp_3' <Predicate = true> <Delay = 6.18> <Core = "Int2Float">   --->   Core 112 'Int2Float' <Latency = 5> <II = 1> <Delay = 6.18> <FuncUnit> <Opcode : 'sitofp' 'uitofp'> <InPorts = 1> <OutPorts = 1>

State 6 <SV = 5> <Delay = 6.18>
ST_6 : Operation 117 [2/6] (6.18ns)   --->   "%tmp_3 = uitofp i32 %zext_ln44 to float" [src/cpp/video_mandelbrot_generator.cpp:44]   --->   Operation 117 'uitofp' 'tmp_3' <Predicate = true> <Delay = 6.18> <Core = "Int2Float">   --->   Core 112 'Int2Float' <Latency = 5> <II = 1> <Delay = 6.18> <FuncUnit> <Opcode : 'sitofp' 'uitofp'> <InPorts = 1> <OutPorts = 1>

State 7 <SV = 6> <Delay = 6.18>
ST_7 : Operation 118 [1/6] (6.18ns)   --->   "%tmp_3 = uitofp i32 %zext_ln44 to float" [src/cpp/video_mandelbrot_generator.cpp:44]   --->   Operation 118 'uitofp' 'tmp_3' <Predicate = true> <Delay = 6.18> <Core = "Int2Float">   --->   Core 112 'Int2Float' <Latency = 5> <II = 1> <Delay = 6.18> <FuncUnit> <Opcode : 'sitofp' 'uitofp'> <InPorts = 1> <OutPorts = 1>

State 8 <SV = 7> <Delay = 8.26>
ST_8 : Operation 119 [5/5] (8.26ns)   --->   "%imag_top = fadd float %tmp_3, -3.000000e+02" [src/cpp/video_mandelbrot_generator.cpp:44]   --->   Operation 119 'fadd' 'imag_top' <Predicate = true> <Delay = 8.26> <Core = "FAddSub">   --->   Core 105 'FAddSub' <Latency = 4> <II = 1> <Delay = 8.26> <FuncUnit> <Opcode : 'fadd' 'fsub'> <InPorts = 2> <OutPorts = 1>

State 9 <SV = 8> <Delay = 8.26>
ST_9 : Operation 120 [4/5] (8.26ns)   --->   "%imag_top = fadd float %tmp_3, -3.000000e+02" [src/cpp/video_mandelbrot_generator.cpp:44]   --->   Operation 120 'fadd' 'imag_top' <Predicate = true> <Delay = 8.26> <Core = "FAddSub">   --->   Core 105 'FAddSub' <Latency = 4> <II = 1> <Delay = 8.26> <FuncUnit> <Opcode : 'fadd' 'fsub'> <InPorts = 2> <OutPorts = 1>

State 10 <SV = 9> <Delay = 8.26>
ST_10 : Operation 121 [3/5] (8.26ns)   --->   "%imag_top = fadd float %tmp_3, -3.000000e+02" [src/cpp/video_mandelbrot_generator.cpp:44]   --->   Operation 121 'fadd' 'imag_top' <Predicate = true> <Delay = 8.26> <Core = "FAddSub">   --->   Core 105 'FAddSub' <Latency = 4> <II = 1> <Delay = 8.26> <FuncUnit> <Opcode : 'fadd' 'fsub'> <InPorts = 2> <OutPorts = 1>

State 11 <SV = 10> <Delay = 8.26>
ST_11 : Operation 122 [2/5] (8.26ns)   --->   "%imag_top = fadd float %tmp_3, -3.000000e+02" [src/cpp/video_mandelbrot_generator.cpp:44]   --->   Operation 122 'fadd' 'imag_top' <Predicate = true> <Delay = 8.26> <Core = "FAddSub">   --->   Core 105 'FAddSub' <Latency = 4> <II = 1> <Delay = 8.26> <FuncUnit> <Opcode : 'fadd' 'fsub'> <InPorts = 2> <OutPorts = 1>

State 12 <SV = 11> <Delay = 8.26>
ST_12 : Operation 123 [1/5] (8.26ns)   --->   "%imag_top = fadd float %tmp_3, -3.000000e+02" [src/cpp/video_mandelbrot_generator.cpp:44]   --->   Operation 123 'fadd' 'imag_top' <Predicate = true> <Delay = 8.26> <Core = "FAddSub">   --->   Core 105 'FAddSub' <Latency = 4> <II = 1> <Delay = 8.26> <FuncUnit> <Opcode : 'fadd' 'fsub'> <InPorts = 2> <OutPorts = 1>

State 13 <SV = 12> <Delay = 5.78>
ST_13 : Operation 124 [4/4] (5.78ns)   --->   "%tmp_4 = fmul float %imag_top, 0x3F6B4E81C0000000" [src/cpp/video_mandelbrot_generator.cpp:46]   --->   Operation 124 'fmul' 'tmp_4' <Predicate = true> <Delay = 5.78> <Core = "FMul">   --->   Core 106 'FMul' <Latency = 3> <II = 1> <Delay = 5.78> <FuncUnit> <Opcode : 'fmul'> <InPorts = 2> <OutPorts = 1>

State 14 <SV = 13> <Delay = 5.78>
ST_14 : Operation 125 [3/4] (5.78ns)   --->   "%tmp_4 = fmul float %imag_top, 0x3F6B4E81C0000000" [src/cpp/video_mandelbrot_generator.cpp:46]   --->   Operation 125 'fmul' 'tmp_4' <Predicate = true> <Delay = 5.78> <Core = "FMul">   --->   Core 106 'FMul' <Latency = 3> <II = 1> <Delay = 5.78> <FuncUnit> <Opcode : 'fmul'> <InPorts = 2> <OutPorts = 1>

State 15 <SV = 14> <Delay = 5.78>
ST_15 : Operation 126 [2/4] (5.78ns)   --->   "%tmp_4 = fmul float %imag_top, 0x3F6B4E81C0000000" [src/cpp/video_mandelbrot_generator.cpp:46]   --->   Operation 126 'fmul' 'tmp_4' <Predicate = true> <Delay = 5.78> <Core = "FMul">   --->   Core 106 'FMul' <Latency = 3> <II = 1> <Delay = 5.78> <FuncUnit> <Opcode : 'fmul'> <InPorts = 2> <OutPorts = 1>

State 16 <SV = 15> <Delay = 5.78>
ST_16 : Operation 127 [1/4] (5.78ns)   --->   "%tmp_4 = fmul float %imag_top, 0x3F6B4E81C0000000" [src/cpp/video_mandelbrot_generator.cpp:46]   --->   Operation 127 'fmul' 'tmp_4' <Predicate = true> <Delay = 5.78> <Core = "FMul">   --->   Core 106 'FMul' <Latency = 3> <II = 1> <Delay = 5.78> <FuncUnit> <Opcode : 'fmul'> <InPorts = 2> <OutPorts = 1>

State 17 <SV = 16> <Delay = 5.78>
ST_17 : Operation 128 [4/4] (5.78ns)   --->   "%tmp_5 = fmul float %tmp_4, %zoom_read" [src/cpp/video_mandelbrot_generator.cpp:46]   --->   Operation 128 'fmul' 'tmp_5' <Predicate = true> <Delay = 5.78> <Core = "FMul">   --->   Core 106 'FMul' <Latency = 3> <II = 1> <Delay = 5.78> <FuncUnit> <Opcode : 'fmul'> <InPorts = 2> <OutPorts = 1>

State 18 <SV = 17> <Delay = 5.78>
ST_18 : Operation 129 [3/4] (5.78ns)   --->   "%tmp_5 = fmul float %tmp_4, %zoom_read" [src/cpp/video_mandelbrot_generator.cpp:46]   --->   Operation 129 'fmul' 'tmp_5' <Predicate = true> <Delay = 5.78> <Core = "FMul">   --->   Core 106 'FMul' <Latency = 3> <II = 1> <Delay = 5.78> <FuncUnit> <Opcode : 'fmul'> <InPorts = 2> <OutPorts = 1>

State 19 <SV = 18> <Delay = 5.78>
ST_19 : Operation 130 [2/4] (5.78ns)   --->   "%tmp_5 = fmul float %tmp_4, %zoom_read" [src/cpp/video_mandelbrot_generator.cpp:46]   --->   Operation 130 'fmul' 'tmp_5' <Predicate = true> <Delay = 5.78> <Core = "FMul">   --->   Core 106 'FMul' <Latency = 3> <II = 1> <Delay = 5.78> <FuncUnit> <Opcode : 'fmul'> <InPorts = 2> <OutPorts = 1>

State 20 <SV = 19> <Delay = 5.78>
ST_20 : Operation 131 [1/4] (5.78ns)   --->   "%tmp_5 = fmul float %tmp_4, %zoom_read" [src/cpp/video_mandelbrot_generator.cpp:46]   --->   Operation 131 'fmul' 'tmp_5' <Predicate = true> <Delay = 5.78> <Core = "FMul">   --->   Core 106 'FMul' <Latency = 3> <II = 1> <Delay = 5.78> <FuncUnit> <Opcode : 'fmul'> <InPorts = 2> <OutPorts = 1>

State 21 <SV = 20> <Delay = 8.26>
ST_21 : Operation 132 [5/5] (8.26ns)   --->   "%y0 = fadd float %tmp_5, %moveY_read" [src/cpp/video_mandelbrot_generator.cpp:46]   --->   Operation 132 'fadd' 'y0' <Predicate = true> <Delay = 8.26> <Core = "FAddSub">   --->   Core 105 'FAddSub' <Latency = 4> <II = 1> <Delay = 8.26> <FuncUnit> <Opcode : 'fadd' 'fsub'> <InPorts = 2> <OutPorts = 1>

State 22 <SV = 21> <Delay = 8.26>
ST_22 : Operation 133 [4/5] (8.26ns)   --->   "%y0 = fadd float %tmp_5, %moveY_read" [src/cpp/video_mandelbrot_generator.cpp:46]   --->   Operation 133 'fadd' 'y0' <Predicate = true> <Delay = 8.26> <Core = "FAddSub">   --->   Core 105 'FAddSub' <Latency = 4> <II = 1> <Delay = 8.26> <FuncUnit> <Opcode : 'fadd' 'fsub'> <InPorts = 2> <OutPorts = 1>

State 23 <SV = 22> <Delay = 8.26>
ST_23 : Operation 134 [3/5] (8.26ns)   --->   "%y0 = fadd float %tmp_5, %moveY_read" [src/cpp/video_mandelbrot_generator.cpp:46]   --->   Operation 134 'fadd' 'y0' <Predicate = true> <Delay = 8.26> <Core = "FAddSub">   --->   Core 105 'FAddSub' <Latency = 4> <II = 1> <Delay = 8.26> <FuncUnit> <Opcode : 'fadd' 'fsub'> <InPorts = 2> <OutPorts = 1>

State 24 <SV = 23> <Delay = 8.26>
ST_24 : Operation 135 [2/5] (8.26ns)   --->   "%y0 = fadd float %tmp_5, %moveY_read" [src/cpp/video_mandelbrot_generator.cpp:46]   --->   Operation 135 'fadd' 'y0' <Predicate = true> <Delay = 8.26> <Core = "FAddSub">   --->   Core 105 'FAddSub' <Latency = 4> <II = 1> <Delay = 8.26> <FuncUnit> <Opcode : 'fadd' 'fsub'> <InPorts = 2> <OutPorts = 1>

State 25 <SV = 24> <Delay = 8.26>
ST_25 : Operation 136 [1/1] (0.00ns)   --->   "call void (...)* @_ssdm_op_SpecLoopName([6 x i8]* @p_str6) nounwind" [src/cpp/video_mandelbrot_generator.cpp:25]   --->   Operation 136 'specloopname' <Predicate = true> <Delay = 0.00>
ST_25 : Operation 137 [1/1] (0.00ns)   --->   "%tmp = call i32 (...)* @_ssdm_op_SpecRegionBegin([6 x i8]* @p_str6)" [src/cpp/video_mandelbrot_generator.cpp:25]   --->   Operation 137 'specregionbegin' 'tmp' <Predicate = true> <Delay = 0.00>
ST_25 : Operation 138 [1/1] (1.70ns)   --->   "%tmp_last_V = icmp eq i10 %row_0, -225" [src/cpp/video_mandelbrot_generator.cpp:35]   --->   Operation 138 'icmp' 'tmp_last_V' <Predicate = true> <Delay = 1.70> <Core = "Cmp">   --->   Core 25 'Cmp' <Latency = 0> <II = 1> <Delay = 1.47> <FuncUnit> <Opcode : 'icmp'> <InPorts = 2> <OutPorts = 1>
ST_25 : Operation 139 [1/5] (8.26ns)   --->   "%y0 = fadd float %tmp_5, %moveY_read" [src/cpp/video_mandelbrot_generator.cpp:46]   --->   Operation 139 'fadd' 'y0' <Predicate = true> <Delay = 8.26> <Core = "FAddSub">   --->   Core 105 'FAddSub' <Latency = 4> <II = 1> <Delay = 8.26> <FuncUnit> <Opcode : 'fadd' 'fsub'> <InPorts = 2> <OutPorts = 1>
ST_25 : Operation 140 [1/1] (1.66ns)   --->   "br label %2" [src/cpp/video_mandelbrot_generator.cpp:26]   --->   Operation 140 'br' <Predicate = true> <Delay = 1.66>

State 26 <SV = 25> <Delay = 6.18>
ST_26 : Operation 141 [1/1] (0.00ns)   --->   "%col_0 = phi i10 [ 0, %outer_begin ], [ %col, %6 ]"   --->   Operation 141 'phi' 'col_0' <Predicate = true> <Delay = 0.00>
ST_26 : Operation 142 [1/1] (1.70ns)   --->   "%icmp_ln26 = icmp eq i10 %col_0, -224" [src/cpp/video_mandelbrot_generator.cpp:26]   --->   Operation 142 'icmp' 'icmp_ln26' <Predicate = true> <Delay = 1.70> <Core = "Cmp">   --->   Core 25 'Cmp' <Latency = 0> <II = 1> <Delay = 1.47> <FuncUnit> <Opcode : 'icmp'> <InPorts = 2> <OutPorts = 1>
ST_26 : Operation 143 [1/1] (0.00ns)   --->   "%empty_4 = call i32 (...)* @_ssdm_op_SpecLoopTripCount(i64 800, i64 800, i64 800)"   --->   Operation 143 'speclooptripcount' 'empty_4' <Predicate = true> <Delay = 0.00>
ST_26 : Operation 144 [1/1] (2.12ns)   --->   "%col = add i10 %col_0, 1" [src/cpp/video_mandelbrot_generator.cpp:26]   --->   Operation 144 'add' 'col' <Predicate = true> <Delay = 2.12> <Core = "AddSub">   --->   Core 14 'AddSub' <Latency = 0> <II = 1> <Delay = 2.11> <FuncUnit> <Opcode : 'add' 'sub'> <InPorts = 2> <OutPorts = 1>
ST_26 : Operation 145 [1/1] (0.00ns)   --->   "br i1 %icmp_ln26, label %outer_end, label %3" [src/cpp/video_mandelbrot_generator.cpp:26]   --->   Operation 145 'br' <Predicate = true> <Delay = 0.00>
ST_26 : Operation 146 [1/1] (0.00ns) (grouped into LUT with out node tmp_user_V)   --->   "%or_ln29 = or i10 %col_0, %row_0" [src/cpp/video_mandelbrot_generator.cpp:29]   --->   Operation 146 'or' 'or_ln29' <Predicate = (!icmp_ln26)> <Delay = 0.00> <Core = "LogicGate">   --->   Core 27 'LogicGate' <Latency = 0> <II = 1> <Delay = 0.97> <FuncUnit> <Opcode : 'and' 'or' 'xor'> <InPorts = 2> <OutPorts = 1>
ST_26 : Operation 147 [1/1] (1.70ns) (out node of the LUT)   --->   "%tmp_user_V = icmp eq i10 %or_ln29, 0" [src/cpp/video_mandelbrot_generator.cpp:29]   --->   Operation 147 'icmp' 'tmp_user_V' <Predicate = (!icmp_ln26)> <Delay = 1.70> <Core = "Cmp">   --->   Core 25 'Cmp' <Latency = 0> <II = 1> <Delay = 1.47> <FuncUnit> <Opcode : 'icmp'> <InPorts = 2> <OutPorts = 1>
ST_26 : Operation 148 [1/1] (0.00ns)   --->   "%zext_ln40 = zext i10 %col_0 to i32" [src/cpp/video_mandelbrot_generator.cpp:40]   --->   Operation 148 'zext' 'zext_ln40' <Predicate = (!icmp_ln26)> <Delay = 0.00>
ST_26 : Operation 149 [6/6] (6.18ns)   --->   "%tmp_6 = uitofp i32 %zext_ln40 to float" [src/cpp/video_mandelbrot_generator.cpp:40]   --->   Operation 149 'uitofp' 'tmp_6' <Predicate = (!icmp_ln26)> <Delay = 6.18> <Core = "Int2Float">   --->   Core 112 'Int2Float' <Latency = 5> <II = 1> <Delay = 6.18> <FuncUnit> <Opcode : 'sitofp' 'uitofp'> <InPorts = 1> <OutPorts = 1>
ST_26 : Operation 150 [1/1] (0.00ns)   --->   "%empty_5 = call i32 (...)* @_ssdm_op_SpecRegionEnd([6 x i8]* @p_str6, i32 %tmp)" [src/cpp/video_mandelbrot_generator.cpp:70]   --->   Operation 150 'specregionend' 'empty_5' <Predicate = (icmp_ln26)> <Delay = 0.00>
ST_26 : Operation 151 [1/1] (0.00ns)   --->   "br label %1" [src/cpp/video_mandelbrot_generator.cpp:24]   --->   Operation 151 'br' <Predicate = (icmp_ln26)> <Delay = 0.00>

State 27 <SV = 26> <Delay = 6.18>
ST_27 : Operation 152 [5/6] (6.18ns)   --->   "%tmp_6 = uitofp i32 %zext_ln40 to float" [src/cpp/video_mandelbrot_generator.cpp:40]   --->   Operation 152 'uitofp' 'tmp_6' <Predicate = true> <Delay = 6.18> <Core = "Int2Float">   --->   Core 112 'Int2Float' <Latency = 5> <II = 1> <Delay = 6.18> <FuncUnit> <Opcode : 'sitofp' 'uitofp'> <InPorts = 1> <OutPorts = 1>

State 28 <SV = 27> <Delay = 6.18>
ST_28 : Operation 153 [4/6] (6.18ns)   --->   "%tmp_6 = uitofp i32 %zext_ln40 to float" [src/cpp/video_mandelbrot_generator.cpp:40]   --->   Operation 153 'uitofp' 'tmp_6' <Predicate = true> <Delay = 6.18> <Core = "Int2Float">   --->   Core 112 'Int2Float' <Latency = 5> <II = 1> <Delay = 6.18> <FuncUnit> <Opcode : 'sitofp' 'uitofp'> <InPorts = 1> <OutPorts = 1>

State 29 <SV = 28> <Delay = 6.18>
ST_29 : Operation 154 [3/6] (6.18ns)   --->   "%tmp_6 = uitofp i32 %zext_ln40 to float" [src/cpp/video_mandelbrot_generator.cpp:40]   --->   Operation 154 'uitofp' 'tmp_6' <Predicate = true> <Delay = 6.18> <Core = "Int2Float">   --->   Core 112 'Int2Float' <Latency = 5> <II = 1> <Delay = 6.18> <FuncUnit> <Opcode : 'sitofp' 'uitofp'> <InPorts = 1> <OutPorts = 1>

State 30 <SV = 29> <Delay = 6.18>
ST_30 : Operation 155 [2/6] (6.18ns)   --->   "%tmp_6 = uitofp i32 %zext_ln40 to float" [src/cpp/video_mandelbrot_generator.cpp:40]   --->   Operation 155 'uitofp' 'tmp_6' <Predicate = true> <Delay = 6.18> <Core = "Int2Float">   --->   Core 112 'Int2Float' <Latency = 5> <II = 1> <Delay = 6.18> <FuncUnit> <Opcode : 'sitofp' 'uitofp'> <InPorts = 1> <OutPorts = 1>

State 31 <SV = 30> <Delay = 6.18>
ST_31 : Operation 156 [1/6] (6.18ns)   --->   "%tmp_6 = uitofp i32 %zext_ln40 to float" [src/cpp/video_mandelbrot_generator.cpp:40]   --->   Operation 156 'uitofp' 'tmp_6' <Predicate = true> <Delay = 6.18> <Core = "Int2Float">   --->   Core 112 'Int2Float' <Latency = 5> <II = 1> <Delay = 6.18> <FuncUnit> <Opcode : 'sitofp' 'uitofp'> <InPorts = 1> <OutPorts = 1>

State 32 <SV = 31> <Delay = 8.26>
ST_32 : Operation 157 [5/5] (8.26ns)   --->   "%real_top = fadd float %tmp_6, 0xC0833B13C0000000" [src/cpp/video_mandelbrot_generator.cpp:40]   --->   Operation 157 'fadd' 'real_top' <Predicate = true> <Delay = 8.26> <Core = "FAddSub">   --->   Core 105 'FAddSub' <Latency = 4> <II = 1> <Delay = 8.26> <FuncUnit> <Opcode : 'fadd' 'fsub'> <InPorts = 2> <OutPorts = 1>

State 33 <SV = 32> <Delay = 8.26>
ST_33 : Operation 158 [4/5] (8.26ns)   --->   "%real_top = fadd float %tmp_6, 0xC0833B13C0000000" [src/cpp/video_mandelbrot_generator.cpp:40]   --->   Operation 158 'fadd' 'real_top' <Predicate = true> <Delay = 8.26> <Core = "FAddSub">   --->   Core 105 'FAddSub' <Latency = 4> <II = 1> <Delay = 8.26> <FuncUnit> <Opcode : 'fadd' 'fsub'> <InPorts = 2> <OutPorts = 1>

State 34 <SV = 33> <Delay = 8.26>
ST_34 : Operation 159 [3/5] (8.26ns)   --->   "%real_top = fadd float %tmp_6, 0xC0833B13C0000000" [src/cpp/video_mandelbrot_generator.cpp:40]   --->   Operation 159 'fadd' 'real_top' <Predicate = true> <Delay = 8.26> <Core = "FAddSub">   --->   Core 105 'FAddSub' <Latency = 4> <II = 1> <Delay = 8.26> <FuncUnit> <Opcode : 'fadd' 'fsub'> <InPorts = 2> <OutPorts = 1>

State 35 <SV = 34> <Delay = 8.26>
ST_35 : Operation 160 [2/5] (8.26ns)   --->   "%real_top = fadd float %tmp_6, 0xC0833B13C0000000" [src/cpp/video_mandelbrot_generator.cpp:40]   --->   Operation 160 'fadd' 'real_top' <Predicate = true> <Delay = 8.26> <Core = "FAddSub">   --->   Core 105 'FAddSub' <Latency = 4> <II = 1> <Delay = 8.26> <FuncUnit> <Opcode : 'fadd' 'fsub'> <InPorts = 2> <OutPorts = 1>

State 36 <SV = 35> <Delay = 8.26>
ST_36 : Operation 161 [1/5] (8.26ns)   --->   "%real_top = fadd float %tmp_6, 0xC0833B13C0000000" [src/cpp/video_mandelbrot_generator.cpp:40]   --->   Operation 161 'fadd' 'real_top' <Predicate = true> <Delay = 8.26> <Core = "FAddSub">   --->   Core 105 'FAddSub' <Latency = 4> <II = 1> <Delay = 8.26> <FuncUnit> <Opcode : 'fadd' 'fsub'> <InPorts = 2> <OutPorts = 1>

State 37 <SV = 36> <Delay = 5.78>
ST_37 : Operation 162 [4/4] (5.78ns)   --->   "%tmp_7 = fmul float %real_top, 0x3F647AE140000000" [src/cpp/video_mandelbrot_generator.cpp:42]   --->   Operation 162 'fmul' 'tmp_7' <Predicate = true> <Delay = 5.78> <Core = "FMul">   --->   Core 106 'FMul' <Latency = 3> <II = 1> <Delay = 5.78> <FuncUnit> <Opcode : 'fmul'> <InPorts = 2> <OutPorts = 1>

State 38 <SV = 37> <Delay = 5.78>
ST_38 : Operation 163 [3/4] (5.78ns)   --->   "%tmp_7 = fmul float %real_top, 0x3F647AE140000000" [src/cpp/video_mandelbrot_generator.cpp:42]   --->   Operation 163 'fmul' 'tmp_7' <Predicate = true> <Delay = 5.78> <Core = "FMul">   --->   Core 106 'FMul' <Latency = 3> <II = 1> <Delay = 5.78> <FuncUnit> <Opcode : 'fmul'> <InPorts = 2> <OutPorts = 1>

State 39 <SV = 38> <Delay = 5.78>
ST_39 : Operation 164 [2/4] (5.78ns)   --->   "%tmp_7 = fmul float %real_top, 0x3F647AE140000000" [src/cpp/video_mandelbrot_generator.cpp:42]   --->   Operation 164 'fmul' 'tmp_7' <Predicate = true> <Delay = 5.78> <Core = "FMul">   --->   Core 106 'FMul' <Latency = 3> <II = 1> <Delay = 5.78> <FuncUnit> <Opcode : 'fmul'> <InPorts = 2> <OutPorts = 1>

State 40 <SV = 39> <Delay = 5.78>
ST_40 : Operation 165 [1/4] (5.78ns)   --->   "%tmp_7 = fmul float %real_top, 0x3F647AE140000000" [src/cpp/video_mandelbrot_generator.cpp:42]   --->   Operation 165 'fmul' 'tmp_7' <Predicate = true> <Delay = 5.78> <Core = "FMul">   --->   Core 106 'FMul' <Latency = 3> <II = 1> <Delay = 5.78> <FuncUnit> <Opcode : 'fmul'> <InPorts = 2> <OutPorts = 1>

State 41 <SV = 40> <Delay = 5.78>
ST_41 : Operation 166 [4/4] (5.78ns)   --->   "%tmp_8 = fmul float %tmp_7, %zoom_read" [src/cpp/video_mandelbrot_generator.cpp:42]   --->   Operation 166 'fmul' 'tmp_8' <Predicate = true> <Delay = 5.78> <Core = "FMul">   --->   Core 106 'FMul' <Latency = 3> <II = 1> <Delay = 5.78> <FuncUnit> <Opcode : 'fmul'> <InPorts = 2> <OutPorts = 1>

State 42 <SV = 41> <Delay = 5.78>
ST_42 : Operation 167 [3/4] (5.78ns)   --->   "%tmp_8 = fmul float %tmp_7, %zoom_read" [src/cpp/video_mandelbrot_generator.cpp:42]   --->   Operation 167 'fmul' 'tmp_8' <Predicate = true> <Delay = 5.78> <Core = "FMul">   --->   Core 106 'FMul' <Latency = 3> <II = 1> <Delay = 5.78> <FuncUnit> <Opcode : 'fmul'> <InPorts = 2> <OutPorts = 1>

State 43 <SV = 42> <Delay = 5.78>
ST_43 : Operation 168 [2/4] (5.78ns)   --->   "%tmp_8 = fmul float %tmp_7, %zoom_read" [src/cpp/video_mandelbrot_generator.cpp:42]   --->   Operation 168 'fmul' 'tmp_8' <Predicate = true> <Delay = 5.78> <Core = "FMul">   --->   Core 106 'FMul' <Latency = 3> <II = 1> <Delay = 5.78> <FuncUnit> <Opcode : 'fmul'> <InPorts = 2> <OutPorts = 1>

State 44 <SV = 43> <Delay = 5.78>
ST_44 : Operation 169 [1/4] (5.78ns)   --->   "%tmp_8 = fmul float %tmp_7, %zoom_read" [src/cpp/video_mandelbrot_generator.cpp:42]   --->   Operation 169 'fmul' 'tmp_8' <Predicate = true> <Delay = 5.78> <Core = "FMul">   --->   Core 106 'FMul' <Latency = 3> <II = 1> <Delay = 5.78> <FuncUnit> <Opcode : 'fmul'> <InPorts = 2> <OutPorts = 1>

State 45 <SV = 44> <Delay = 5.78>
ST_45 : Operation 170 [4/4] (5.78ns)   --->   "%tmp_9 = fmul float %tmp_8, 1.500000e+00" [src/cpp/video_mandelbrot_generator.cpp:42]   --->   Operation 170 'fmul' 'tmp_9' <Predicate = true> <Delay = 5.78> <Core = "FMul">   --->   Core 106 'FMul' <Latency = 3> <II = 1> <Delay = 5.78> <FuncUnit> <Opcode : 'fmul'> <InPorts = 2> <OutPorts = 1>

State 46 <SV = 45> <Delay = 5.78>
ST_46 : Operation 171 [3/4] (5.78ns)   --->   "%tmp_9 = fmul float %tmp_8, 1.500000e+00" [src/cpp/video_mandelbrot_generator.cpp:42]   --->   Operation 171 'fmul' 'tmp_9' <Predicate = true> <Delay = 5.78> <Core = "FMul">   --->   Core 106 'FMul' <Latency = 3> <II = 1> <Delay = 5.78> <FuncUnit> <Opcode : 'fmul'> <InPorts = 2> <OutPorts = 1>

State 47 <SV = 46> <Delay = 5.78>
ST_47 : Operation 172 [2/4] (5.78ns)   --->   "%tmp_9 = fmul float %tmp_8, 1.500000e+00" [src/cpp/video_mandelbrot_generator.cpp:42]   --->   Operation 172 'fmul' 'tmp_9' <Predicate = true> <Delay = 5.78> <Core = "FMul">   --->   Core 106 'FMul' <Latency = 3> <II = 1> <Delay = 5.78> <FuncUnit> <Opcode : 'fmul'> <InPorts = 2> <OutPorts = 1>

State 48 <SV = 47> <Delay = 5.78>
ST_48 : Operation 173 [1/4] (5.78ns)   --->   "%tmp_9 = fmul float %tmp_8, 1.500000e+00" [src/cpp/video_mandelbrot_generator.cpp:42]   --->   Operation 173 'fmul' 'tmp_9' <Predicate = true> <Delay = 5.78> <Core = "FMul">   --->   Core 106 'FMul' <Latency = 3> <II = 1> <Delay = 5.78> <FuncUnit> <Opcode : 'fmul'> <InPorts = 2> <OutPorts = 1>

State 49 <SV = 48> <Delay = 8.26>
ST_49 : Operation 174 [5/5] (8.26ns)   --->   "%x0 = fadd float %tmp_9, %moveX_read" [src/cpp/video_mandelbrot_generator.cpp:42]   --->   Operation 174 'fadd' 'x0' <Predicate = true> <Delay = 8.26> <Core = "FAddSub">   --->   Core 105 'FAddSub' <Latency = 4> <II = 1> <Delay = 8.26> <FuncUnit> <Opcode : 'fadd' 'fsub'> <InPorts = 2> <OutPorts = 1>

State 50 <SV = 49> <Delay = 8.26>
ST_50 : Operation 175 [4/5] (8.26ns)   --->   "%x0 = fadd float %tmp_9, %moveX_read" [src/cpp/video_mandelbrot_generator.cpp:42]   --->   Operation 175 'fadd' 'x0' <Predicate = true> <Delay = 8.26> <Core = "FAddSub">   --->   Core 105 'FAddSub' <Latency = 4> <II = 1> <Delay = 8.26> <FuncUnit> <Opcode : 'fadd' 'fsub'> <InPorts = 2> <OutPorts = 1>

State 51 <SV = 50> <Delay = 8.26>
ST_51 : Operation 176 [3/5] (8.26ns)   --->   "%x0 = fadd float %tmp_9, %moveX_read" [src/cpp/video_mandelbrot_generator.cpp:42]   --->   Operation 176 'fadd' 'x0' <Predicate = true> <Delay = 8.26> <Core = "FAddSub">   --->   Core 105 'FAddSub' <Latency = 4> <II = 1> <Delay = 8.26> <FuncUnit> <Opcode : 'fadd' 'fsub'> <InPorts = 2> <OutPorts = 1>

State 52 <SV = 51> <Delay = 8.26>
ST_52 : Operation 177 [2/5] (8.26ns)   --->   "%x0 = fadd float %tmp_9, %moveX_read" [src/cpp/video_mandelbrot_generator.cpp:42]   --->   Operation 177 'fadd' 'x0' <Predicate = true> <Delay = 8.26> <Core = "FAddSub">   --->   Core 105 'FAddSub' <Latency = 4> <II = 1> <Delay = 8.26> <FuncUnit> <Opcode : 'fadd' 'fsub'> <InPorts = 2> <OutPorts = 1>

State 53 <SV = 52> <Delay = 8.26>
ST_53 : Operation 178 [1/1] (0.00ns)   --->   "call void (...)* @_ssdm_op_SpecLoopName([6 x i8]* @p_str7) nounwind" [src/cpp/video_mandelbrot_generator.cpp:27]   --->   Operation 178 'specloopname' <Predicate = true> <Delay = 0.00>
ST_53 : Operation 179 [1/5] (8.26ns)   --->   "%x0 = fadd float %tmp_9, %moveX_read" [src/cpp/video_mandelbrot_generator.cpp:42]   --->   Operation 179 'fadd' 'x0' <Predicate = true> <Delay = 8.26> <Core = "FAddSub">   --->   Core 105 'FAddSub' <Latency = 4> <II = 1> <Delay = 8.26> <FuncUnit> <Opcode : 'fadd' 'fsub'> <InPorts = 2> <OutPorts = 1>
ST_53 : Operation 180 [1/1] (1.66ns)   --->   "br label %4" [src/cpp/video_mandelbrot_generator.cpp:51]   --->   Operation 180 'br' <Predicate = true> <Delay = 1.66>

State 54 <SV = 53> <Delay = 8.26>
ST_54 : Operation 181 [1/1] (0.00ns)   --->   "%rsquare_0 = phi float [ 0.000000e+00, %3 ], [ %rsquare, %5 ]"   --->   Operation 181 'phi' 'rsquare_0' <Predicate = true> <Delay = 0.00>
ST_54 : Operation 182 [1/1] (0.00ns)   --->   "%isquare_0 = phi float [ 0.000000e+00, %3 ], [ %isquare, %5 ]"   --->   Operation 182 'phi' 'isquare_0' <Predicate = true> <Delay = 0.00>
ST_54 : Operation 183 [5/5] (8.26ns)   --->   "%tmp_s = fadd float %rsquare_0, %isquare_0" [src/cpp/video_mandelbrot_generator.cpp:51]   --->   Operation 183 'fadd' 'tmp_s' <Predicate = true> <Delay = 8.26> <Core = "FAddSub">   --->   Core 105 'FAddSub' <Latency = 4> <II = 1> <Delay = 8.26> <FuncUnit> <Opcode : 'fadd' 'fsub'> <InPorts = 2> <OutPorts = 1>

State 55 <SV = 54> <Delay = 8.26>
ST_55 : Operation 184 [4/5] (8.26ns)   --->   "%tmp_s = fadd float %rsquare_0, %isquare_0" [src/cpp/video_mandelbrot_generator.cpp:51]   --->   Operation 184 'fadd' 'tmp_s' <Predicate = true> <Delay = 8.26> <Core = "FAddSub">   --->   Core 105 'FAddSub' <Latency = 4> <II = 1> <Delay = 8.26> <FuncUnit> <Opcode : 'fadd' 'fsub'> <InPorts = 2> <OutPorts = 1>

State 56 <SV = 55> <Delay = 8.26>
ST_56 : Operation 185 [3/5] (8.26ns)   --->   "%tmp_s = fadd float %rsquare_0, %isquare_0" [src/cpp/video_mandelbrot_generator.cpp:51]   --->   Operation 185 'fadd' 'tmp_s' <Predicate = true> <Delay = 8.26> <Core = "FAddSub">   --->   Core 105 'FAddSub' <Latency = 4> <II = 1> <Delay = 8.26> <FuncUnit> <Opcode : 'fadd' 'fsub'> <InPorts = 2> <OutPorts = 1>

State 57 <SV = 56> <Delay = 8.26>
ST_57 : Operation 186 [2/5] (8.26ns)   --->   "%tmp_s = fadd float %rsquare_0, %isquare_0" [src/cpp/video_mandelbrot_generator.cpp:51]   --->   Operation 186 'fadd' 'tmp_s' <Predicate = true> <Delay = 8.26> <Core = "FAddSub">   --->   Core 105 'FAddSub' <Latency = 4> <II = 1> <Delay = 8.26> <FuncUnit> <Opcode : 'fadd' 'fsub'> <InPorts = 2> <OutPorts = 1>

State 58 <SV = 57> <Delay = 8.26>
ST_58 : Operation 187 [1/5] (8.26ns)   --->   "%tmp_s = fadd float %rsquare_0, %isquare_0" [src/cpp/video_mandelbrot_generator.cpp:51]   --->   Operation 187 'fadd' 'tmp_s' <Predicate = true> <Delay = 8.26> <Core = "FAddSub">   --->   Core 105 'FAddSub' <Latency = 4> <II = 1> <Delay = 8.26> <FuncUnit> <Opcode : 'fadd' 'fsub'> <InPorts = 2> <OutPorts = 1>

State 59 <SV = 58> <Delay = 5.09>
ST_59 : Operation 188 [1/1] (0.00ns)   --->   "%bitcast_ln51 = bitcast float %tmp_s to i32" [src/cpp/video_mandelbrot_generator.cpp:51]   --->   Operation 188 'bitcast' 'bitcast_ln51' <Predicate = true> <Delay = 0.00>
ST_59 : Operation 189 [1/1] (0.00ns)   --->   "%tmp_1 = call i8 @_ssdm_op_PartSelect.i8.i32.i32.i32(i32 %bitcast_ln51, i32 23, i32 30)" [src/cpp/video_mandelbrot_generator.cpp:51]   --->   Operation 189 'partselect' 'tmp_1' <Predicate = true> <Delay = 0.00>
ST_59 : Operation 190 [1/1] (0.00ns)   --->   "%trunc_ln51 = trunc i32 %bitcast_ln51 to i23" [src/cpp/video_mandelbrot_generator.cpp:51]   --->   Operation 190 'trunc' 'trunc_ln51' <Predicate = true> <Delay = 0.00>
ST_59 : Operation 191 [1/1] (1.47ns)   --->   "%icmp_ln51_1 = icmp ne i8 %tmp_1, -1" [src/cpp/video_mandelbrot_generator.cpp:51]   --->   Operation 191 'icmp' 'icmp_ln51_1' <Predicate = true> <Delay = 1.47> <Core = "Cmp">   --->   Core 25 'Cmp' <Latency = 0> <II = 1> <Delay = 1.47> <FuncUnit> <Opcode : 'icmp'> <InPorts = 2> <OutPorts = 1>
ST_59 : Operation 192 [1/1] (2.40ns)   --->   "%icmp_ln51_2 = icmp eq i23 %trunc_ln51, 0" [src/cpp/video_mandelbrot_generator.cpp:51]   --->   Operation 192 'icmp' 'icmp_ln51_2' <Predicate = true> <Delay = 2.40> <Core = "Cmp">   --->   Core 25 'Cmp' <Latency = 0> <II = 1> <Delay = 1.47> <FuncUnit> <Opcode : 'icmp'> <InPorts = 2> <OutPorts = 1>
ST_59 : Operation 193 [2/2] (5.09ns)   --->   "%tmp_13 = fcmp olt float %tmp_s, 4.000000e+00" [src/cpp/video_mandelbrot_generator.cpp:51]   --->   Operation 193 'fcmp' 'tmp_13' <Predicate = true> <Delay = 5.09> <Core = "FCmp">   --->   Core 111 'FCmp' <Latency = 1> <II = 1> <Delay = 5.09> <FuncUnit> <Opcode : 'fcmp'> <InPorts = 2> <OutPorts = 1>

State 60 <SV = 59> <Delay = 8.26>
ST_60 : Operation 194 [1/1] (0.00ns)   --->   "%zsquare_0 = phi float [ 0.000000e+00, %3 ], [ %zsquare, %5 ]"   --->   Operation 194 'phi' 'zsquare_0' <Predicate = true> <Delay = 0.00>
ST_60 : Operation 195 [1/1] (0.00ns)   --->   "%pixel_R = phi i8 [ 0, %3 ], [ %iter, %5 ]"   --->   Operation 195 'phi' 'pixel_R' <Predicate = true> <Delay = 0.00>
ST_60 : Operation 196 [1/1] (0.00ns) (grouped into LUT with out node and_ln51)   --->   "%or_ln51 = or i1 %icmp_ln51_2, %icmp_ln51_1" [src/cpp/video_mandelbrot_generator.cpp:51]   --->   Operation 196 'or' 'or_ln51' <Predicate = true> <Delay = 0.00> <Core = "LogicGate">   --->   Core 27 'LogicGate' <Latency = 0> <II = 1> <Delay = 0.97> <FuncUnit> <Opcode : 'and' 'or' 'xor'> <InPorts = 2> <OutPorts = 1>
ST_60 : Operation 197 [1/2] (5.09ns)   --->   "%tmp_13 = fcmp olt float %tmp_s, 4.000000e+00" [src/cpp/video_mandelbrot_generator.cpp:51]   --->   Operation 197 'fcmp' 'tmp_13' <Predicate = true> <Delay = 5.09> <Core = "FCmp">   --->   Core 111 'FCmp' <Latency = 1> <II = 1> <Delay = 5.09> <FuncUnit> <Opcode : 'fcmp'> <InPorts = 2> <OutPorts = 1>
ST_60 : Operation 198 [1/1] (0.00ns) (grouped into LUT with out node and_ln51)   --->   "%and_ln51_1 = and i1 %or_ln51, %tmp_13" [src/cpp/video_mandelbrot_generator.cpp:51]   --->   Operation 198 'and' 'and_ln51_1' <Predicate = true> <Delay = 0.00> <Core = "LogicGate">   --->   Core 27 'LogicGate' <Latency = 0> <II = 1> <Delay = 0.97> <FuncUnit> <Opcode : 'and' 'or' 'xor'> <InPorts = 2> <OutPorts = 1>
ST_60 : Operation 199 [1/1] (1.47ns)   --->   "%icmp_ln51 = icmp ne i8 %pixel_R, -1" [src/cpp/video_mandelbrot_generator.cpp:51]   --->   Operation 199 'icmp' 'icmp_ln51' <Predicate = true> <Delay = 1.47> <Core = "Cmp">   --->   Core 25 'Cmp' <Latency = 0> <II = 1> <Delay = 1.47> <FuncUnit> <Opcode : 'icmp'> <InPorts = 2> <OutPorts = 1>
ST_60 : Operation 200 [1/1] (0.97ns) (out node of the LUT)   --->   "%and_ln51 = and i1 %and_ln51_1, %icmp_ln51" [src/cpp/video_mandelbrot_generator.cpp:51]   --->   Operation 200 'and' 'and_ln51' <Predicate = true> <Delay = 0.97> <Core = "LogicGate">   --->   Core 27 'LogicGate' <Latency = 0> <II = 1> <Delay = 0.97> <FuncUnit> <Opcode : 'and' 'or' 'xor'> <InPorts = 2> <OutPorts = 1>
ST_60 : Operation 201 [1/1] (2.11ns)   --->   "%iter = add i8 1, %pixel_R" [src/cpp/video_mandelbrot_generator.cpp:57]   --->   Operation 201 'add' 'iter' <Predicate = true> <Delay = 2.11> <Core = "AddSub">   --->   Core 14 'AddSub' <Latency = 0> <II = 1> <Delay = 2.11> <FuncUnit> <Opcode : 'add' 'sub'> <InPorts = 2> <OutPorts = 1>
ST_60 : Operation 202 [1/1] (0.00ns)   --->   "br i1 %and_ln51, label %5, label %6" [src/cpp/video_mandelbrot_generator.cpp:51]   --->   Operation 202 'br' <Predicate = true> <Delay = 0.00>
ST_60 : Operation 203 [5/5] (8.26ns)   --->   "%tmp_2 = fsub float %rsquare_0, %isquare_0" [src/cpp/video_mandelbrot_generator.cpp:52]   --->   Operation 203 'fsub' 'tmp_2' <Predicate = (and_ln51)> <Delay = 8.26> <Core = "FAddSub">   --->   Core 105 'FAddSub' <Latency = 4> <II = 1> <Delay = 8.26> <FuncUnit> <Opcode : 'fadd' 'fsub'> <InPorts = 2> <OutPorts = 1>
ST_60 : Operation 204 [5/5] (8.26ns)   --->   "%tmp_10 = fsub float %zsquare_0, %rsquare_0" [src/cpp/video_mandelbrot_generator.cpp:53]   --->   Operation 204 'fsub' 'tmp_10' <Predicate = (and_ln51)> <Delay = 8.26> <Core = "FAddSub">   --->   Core 105 'FAddSub' <Latency = 4> <II = 1> <Delay = 8.26> <FuncUnit> <Opcode : 'fadd' 'fsub'> <InPorts = 2> <OutPorts = 1>
ST_60 : Operation 205 [1/1] (0.00ns)   --->   "%pixel_out_V = call i24 @_ssdm_op_BitConcatenate.i24.i8.i8.i8(i8 %pixel_R, i8 %pixel_R, i8 -1)" [src/cpp/video_mandelbrot_generator.cpp:77->src/cpp/video_mandelbrot_generator.cpp:65]   --->   Operation 205 'bitconcatenate' 'pixel_out_V' <Predicate = (!and_ln51)> <Delay = 0.00>
ST_60 : Operation 206 [2/2] (0.00ns)   --->   "call void @_ssdm_op_Write.axis.volatile.i24P.i3P.i3P.i1P.i1P.i1P.i1P(i24* %VIDEO_OUT_V_data_V, i3* %VIDEO_OUT_V_keep_V, i3* %VIDEO_OUT_V_strb_V, i1* %VIDEO_OUT_V_user_V, i1* %VIDEO_OUT_V_last_V, i1* %VIDEO_OUT_V_id_V, i1* %VIDEO_OUT_V_dest_V, i24 %pixel_out_V, i3 undef, i3 undef, i1 %tmp_user_V, i1 %tmp_last_V, i1 undef, i1 undef)" [src/cpp/video_mandelbrot_generator.cpp:68]   --->   Operation 206 'write' <Predicate = (!and_ln51)> <Delay = 0.00> <Core = "AXI4Stream">   --->   Core 5 'AXI4Stream' <Latency = 0> <II = 1> <Delay = 1.00> <Adapter> <Opcode : >

State 61 <SV = 60> <Delay = 8.26>
ST_61 : Operation 207 [4/5] (8.26ns)   --->   "%tmp_2 = fsub float %rsquare_0, %isquare_0" [src/cpp/video_mandelbrot_generator.cpp:52]   --->   Operation 207 'fsub' 'tmp_2' <Predicate = true> <Delay = 8.26> <Core = "FAddSub">   --->   Core 105 'FAddSub' <Latency = 4> <II = 1> <Delay = 8.26> <FuncUnit> <Opcode : 'fadd' 'fsub'> <InPorts = 2> <OutPorts = 1>
ST_61 : Operation 208 [4/5] (8.26ns)   --->   "%tmp_10 = fsub float %zsquare_0, %rsquare_0" [src/cpp/video_mandelbrot_generator.cpp:53]   --->   Operation 208 'fsub' 'tmp_10' <Predicate = true> <Delay = 8.26> <Core = "FAddSub">   --->   Core 105 'FAddSub' <Latency = 4> <II = 1> <Delay = 8.26> <FuncUnit> <Opcode : 'fadd' 'fsub'> <InPorts = 2> <OutPorts = 1>

State 62 <SV = 61> <Delay = 8.26>
ST_62 : Operation 209 [3/5] (8.26ns)   --->   "%tmp_2 = fsub float %rsquare_0, %isquare_0" [src/cpp/video_mandelbrot_generator.cpp:52]   --->   Operation 209 'fsub' 'tmp_2' <Predicate = true> <Delay = 8.26> <Core = "FAddSub">   --->   Core 105 'FAddSub' <Latency = 4> <II = 1> <Delay = 8.26> <FuncUnit> <Opcode : 'fadd' 'fsub'> <InPorts = 2> <OutPorts = 1>
ST_62 : Operation 210 [3/5] (8.26ns)   --->   "%tmp_10 = fsub float %zsquare_0, %rsquare_0" [src/cpp/video_mandelbrot_generator.cpp:53]   --->   Operation 210 'fsub' 'tmp_10' <Predicate = true> <Delay = 8.26> <Core = "FAddSub">   --->   Core 105 'FAddSub' <Latency = 4> <II = 1> <Delay = 8.26> <FuncUnit> <Opcode : 'fadd' 'fsub'> <InPorts = 2> <OutPorts = 1>

State 63 <SV = 62> <Delay = 8.26>
ST_63 : Operation 211 [2/5] (8.26ns)   --->   "%tmp_2 = fsub float %rsquare_0, %isquare_0" [src/cpp/video_mandelbrot_generator.cpp:52]   --->   Operation 211 'fsub' 'tmp_2' <Predicate = true> <Delay = 8.26> <Core = "FAddSub">   --->   Core 105 'FAddSub' <Latency = 4> <II = 1> <Delay = 8.26> <FuncUnit> <Opcode : 'fadd' 'fsub'> <InPorts = 2> <OutPorts = 1>
ST_63 : Operation 212 [2/5] (8.26ns)   --->   "%tmp_10 = fsub float %zsquare_0, %rsquare_0" [src/cpp/video_mandelbrot_generator.cpp:53]   --->   Operation 212 'fsub' 'tmp_10' <Predicate = true> <Delay = 8.26> <Core = "FAddSub">   --->   Core 105 'FAddSub' <Latency = 4> <II = 1> <Delay = 8.26> <FuncUnit> <Opcode : 'fadd' 'fsub'> <InPorts = 2> <OutPorts = 1>

State 64 <SV = 63> <Delay = 8.26>
ST_64 : Operation 213 [1/5] (8.26ns)   --->   "%tmp_2 = fsub float %rsquare_0, %isquare_0" [src/cpp/video_mandelbrot_generator.cpp:52]   --->   Operation 213 'fsub' 'tmp_2' <Predicate = true> <Delay = 8.26> <Core = "FAddSub">   --->   Core 105 'FAddSub' <Latency = 4> <II = 1> <Delay = 8.26> <FuncUnit> <Opcode : 'fadd' 'fsub'> <InPorts = 2> <OutPorts = 1>
ST_64 : Operation 214 [1/5] (8.26ns)   --->   "%tmp_10 = fsub float %zsquare_0, %rsquare_0" [src/cpp/video_mandelbrot_generator.cpp:53]   --->   Operation 214 'fsub' 'tmp_10' <Predicate = true> <Delay = 8.26> <Core = "FAddSub">   --->   Core 105 'FAddSub' <Latency = 4> <II = 1> <Delay = 8.26> <FuncUnit> <Opcode : 'fadd' 'fsub'> <InPorts = 2> <OutPorts = 1>

State 65 <SV = 64> <Delay = 8.26>
ST_65 : Operation 215 [5/5] (8.26ns)   --->   "%x = fadd float %tmp_2, %x0" [src/cpp/video_mandelbrot_generator.cpp:52]   --->   Operation 215 'fadd' 'x' <Predicate = true> <Delay = 8.26> <Core = "FAddSub">   --->   Core 105 'FAddSub' <Latency = 4> <II = 1> <Delay = 8.26> <FuncUnit> <Opcode : 'fadd' 'fsub'> <InPorts = 2> <OutPorts = 1>
ST_65 : Operation 216 [5/5] (8.26ns)   --->   "%tmp_11 = fsub float %tmp_10, %isquare_0" [src/cpp/video_mandelbrot_generator.cpp:53]   --->   Operation 216 'fsub' 'tmp_11' <Predicate = true> <Delay = 8.26> <Core = "FAddSub">   --->   Core 105 'FAddSub' <Latency = 4> <II = 1> <Delay = 8.26> <FuncUnit> <Opcode : 'fadd' 'fsub'> <InPorts = 2> <OutPorts = 1>

State 66 <SV = 65> <Delay = 8.26>
ST_66 : Operation 217 [4/5] (8.26ns)   --->   "%x = fadd float %tmp_2, %x0" [src/cpp/video_mandelbrot_generator.cpp:52]   --->   Operation 217 'fadd' 'x' <Predicate = true> <Delay = 8.26> <Core = "FAddSub">   --->   Core 105 'FAddSub' <Latency = 4> <II = 1> <Delay = 8.26> <FuncUnit> <Opcode : 'fadd' 'fsub'> <InPorts = 2> <OutPorts = 1>
ST_66 : Operation 218 [4/5] (8.26ns)   --->   "%tmp_11 = fsub float %tmp_10, %isquare_0" [src/cpp/video_mandelbrot_generator.cpp:53]   --->   Operation 218 'fsub' 'tmp_11' <Predicate = true> <Delay = 8.26> <Core = "FAddSub">   --->   Core 105 'FAddSub' <Latency = 4> <II = 1> <Delay = 8.26> <FuncUnit> <Opcode : 'fadd' 'fsub'> <InPorts = 2> <OutPorts = 1>

State 67 <SV = 66> <Delay = 8.26>
ST_67 : Operation 219 [3/5] (8.26ns)   --->   "%x = fadd float %tmp_2, %x0" [src/cpp/video_mandelbrot_generator.cpp:52]   --->   Operation 219 'fadd' 'x' <Predicate = true> <Delay = 8.26> <Core = "FAddSub">   --->   Core 105 'FAddSub' <Latency = 4> <II = 1> <Delay = 8.26> <FuncUnit> <Opcode : 'fadd' 'fsub'> <InPorts = 2> <OutPorts = 1>
ST_67 : Operation 220 [3/5] (8.26ns)   --->   "%tmp_11 = fsub float %tmp_10, %isquare_0" [src/cpp/video_mandelbrot_generator.cpp:53]   --->   Operation 220 'fsub' 'tmp_11' <Predicate = true> <Delay = 8.26> <Core = "FAddSub">   --->   Core 105 'FAddSub' <Latency = 4> <II = 1> <Delay = 8.26> <FuncUnit> <Opcode : 'fadd' 'fsub'> <InPorts = 2> <OutPorts = 1>

State 68 <SV = 67> <Delay = 8.26>
ST_68 : Operation 221 [2/5] (8.26ns)   --->   "%x = fadd float %tmp_2, %x0" [src/cpp/video_mandelbrot_generator.cpp:52]   --->   Operation 221 'fadd' 'x' <Predicate = true> <Delay = 8.26> <Core = "FAddSub">   --->   Core 105 'FAddSub' <Latency = 4> <II = 1> <Delay = 8.26> <FuncUnit> <Opcode : 'fadd' 'fsub'> <InPorts = 2> <OutPorts = 1>
ST_68 : Operation 222 [2/5] (8.26ns)   --->   "%tmp_11 = fsub float %tmp_10, %isquare_0" [src/cpp/video_mandelbrot_generator.cpp:53]   --->   Operation 222 'fsub' 'tmp_11' <Predicate = true> <Delay = 8.26> <Core = "FAddSub">   --->   Core 105 'FAddSub' <Latency = 4> <II = 1> <Delay = 8.26> <FuncUnit> <Opcode : 'fadd' 'fsub'> <InPorts = 2> <OutPorts = 1>

State 69 <SV = 68> <Delay = 8.26>
ST_69 : Operation 223 [1/5] (8.26ns)   --->   "%x = fadd float %tmp_2, %x0" [src/cpp/video_mandelbrot_generator.cpp:52]   --->   Operation 223 'fadd' 'x' <Predicate = true> <Delay = 8.26> <Core = "FAddSub">   --->   Core 105 'FAddSub' <Latency = 4> <II = 1> <Delay = 8.26> <FuncUnit> <Opcode : 'fadd' 'fsub'> <InPorts = 2> <OutPorts = 1>
ST_69 : Operation 224 [1/5] (8.26ns)   --->   "%tmp_11 = fsub float %tmp_10, %isquare_0" [src/cpp/video_mandelbrot_generator.cpp:53]   --->   Operation 224 'fsub' 'tmp_11' <Predicate = true> <Delay = 8.26> <Core = "FAddSub">   --->   Core 105 'FAddSub' <Latency = 4> <II = 1> <Delay = 8.26> <FuncUnit> <Opcode : 'fadd' 'fsub'> <InPorts = 2> <OutPorts = 1>

State 70 <SV = 69> <Delay = 8.26>
ST_70 : Operation 225 [5/5] (8.26ns)   --->   "%y = fadd float %tmp_11, %y0" [src/cpp/video_mandelbrot_generator.cpp:53]   --->   Operation 225 'fadd' 'y' <Predicate = true> <Delay = 8.26> <Core = "FAddSub">   --->   Core 105 'FAddSub' <Latency = 4> <II = 1> <Delay = 8.26> <FuncUnit> <Opcode : 'fadd' 'fsub'> <InPorts = 2> <OutPorts = 1>

State 71 <SV = 70> <Delay = 8.26>
ST_71 : Operation 226 [4/5] (8.26ns)   --->   "%y = fadd float %tmp_11, %y0" [src/cpp/video_mandelbrot_generator.cpp:53]   --->   Operation 226 'fadd' 'y' <Predicate = true> <Delay = 8.26> <Core = "FAddSub">   --->   Core 105 'FAddSub' <Latency = 4> <II = 1> <Delay = 8.26> <FuncUnit> <Opcode : 'fadd' 'fsub'> <InPorts = 2> <OutPorts = 1>

State 72 <SV = 71> <Delay = 8.26>
ST_72 : Operation 227 [3/5] (8.26ns)   --->   "%y = fadd float %tmp_11, %y0" [src/cpp/video_mandelbrot_generator.cpp:53]   --->   Operation 227 'fadd' 'y' <Predicate = true> <Delay = 8.26> <Core = "FAddSub">   --->   Core 105 'FAddSub' <Latency = 4> <II = 1> <Delay = 8.26> <FuncUnit> <Opcode : 'fadd' 'fsub'> <InPorts = 2> <OutPorts = 1>

State 73 <SV = 72> <Delay = 8.26>
ST_73 : Operation 228 [2/5] (8.26ns)   --->   "%y = fadd float %tmp_11, %y0" [src/cpp/video_mandelbrot_generator.cpp:53]   --->   Operation 228 'fadd' 'y' <Predicate = true> <Delay = 8.26> <Core = "FAddSub">   --->   Core 105 'FAddSub' <Latency = 4> <II = 1> <Delay = 8.26> <FuncUnit> <Opcode : 'fadd' 'fsub'> <InPorts = 2> <OutPorts = 1>

State 74 <SV = 73> <Delay = 8.26>
ST_74 : Operation 229 [1/5] (8.26ns)   --->   "%y = fadd float %tmp_11, %y0" [src/cpp/video_mandelbrot_generator.cpp:53]   --->   Operation 229 'fadd' 'y' <Predicate = true> <Delay = 8.26> <Core = "FAddSub">   --->   Core 105 'FAddSub' <Latency = 4> <II = 1> <Delay = 8.26> <FuncUnit> <Opcode : 'fadd' 'fsub'> <InPorts = 2> <OutPorts = 1>

State 75 <SV = 74> <Delay = 8.26>
ST_75 : Operation 230 [4/4] (5.78ns)   --->   "%rsquare = fmul float %x, %x" [src/cpp/video_mandelbrot_generator.cpp:54]   --->   Operation 230 'fmul' 'rsquare' <Predicate = true> <Delay = 5.78> <Core = "FMul">   --->   Core 106 'FMul' <Latency = 3> <II = 1> <Delay = 5.78> <FuncUnit> <Opcode : 'fmul'> <InPorts = 2> <OutPorts = 1>
ST_75 : Operation 231 [4/4] (5.78ns)   --->   "%isquare = fmul float %y, %y" [src/cpp/video_mandelbrot_generator.cpp:55]   --->   Operation 231 'fmul' 'isquare' <Predicate = true> <Delay = 5.78> <Core = "FMul">   --->   Core 106 'FMul' <Latency = 3> <II = 1> <Delay = 5.78> <FuncUnit> <Opcode : 'fmul'> <InPorts = 2> <OutPorts = 1>
ST_75 : Operation 232 [5/5] (8.26ns)   --->   "%tmp_12 = fadd float %x, %y" [src/cpp/video_mandelbrot_generator.cpp:56]   --->   Operation 232 'fadd' 'tmp_12' <Predicate = true> <Delay = 8.26> <Core = "FAddSub">   --->   Core 105 'FAddSub' <Latency = 4> <II = 1> <Delay = 8.26> <FuncUnit> <Opcode : 'fadd' 'fsub'> <InPorts = 2> <OutPorts = 1>

State 76 <SV = 75> <Delay = 8.26>
ST_76 : Operation 233 [3/4] (5.78ns)   --->   "%rsquare = fmul float %x, %x" [src/cpp/video_mandelbrot_generator.cpp:54]   --->   Operation 233 'fmul' 'rsquare' <Predicate = true> <Delay = 5.78> <Core = "FMul">   --->   Core 106 'FMul' <Latency = 3> <II = 1> <Delay = 5.78> <FuncUnit> <Opcode : 'fmul'> <InPorts = 2> <OutPorts = 1>
ST_76 : Operation 234 [3/4] (5.78ns)   --->   "%isquare = fmul float %y, %y" [src/cpp/video_mandelbrot_generator.cpp:55]   --->   Operation 234 'fmul' 'isquare' <Predicate = true> <Delay = 5.78> <Core = "FMul">   --->   Core 106 'FMul' <Latency = 3> <II = 1> <Delay = 5.78> <FuncUnit> <Opcode : 'fmul'> <InPorts = 2> <OutPorts = 1>
ST_76 : Operation 235 [4/5] (8.26ns)   --->   "%tmp_12 = fadd float %x, %y" [src/cpp/video_mandelbrot_generator.cpp:56]   --->   Operation 235 'fadd' 'tmp_12' <Predicate = true> <Delay = 8.26> <Core = "FAddSub">   --->   Core 105 'FAddSub' <Latency = 4> <II = 1> <Delay = 8.26> <FuncUnit> <Opcode : 'fadd' 'fsub'> <InPorts = 2> <OutPorts = 1>

State 77 <SV = 76> <Delay = 8.26>
ST_77 : Operation 236 [2/4] (5.78ns)   --->   "%rsquare = fmul float %x, %x" [src/cpp/video_mandelbrot_generator.cpp:54]   --->   Operation 236 'fmul' 'rsquare' <Predicate = true> <Delay = 5.78> <Core = "FMul">   --->   Core 106 'FMul' <Latency = 3> <II = 1> <Delay = 5.78> <FuncUnit> <Opcode : 'fmul'> <InPorts = 2> <OutPorts = 1>
ST_77 : Operation 237 [2/4] (5.78ns)   --->   "%isquare = fmul float %y, %y" [src/cpp/video_mandelbrot_generator.cpp:55]   --->   Operation 237 'fmul' 'isquare' <Predicate = true> <Delay = 5.78> <Core = "FMul">   --->   Core 106 'FMul' <Latency = 3> <II = 1> <Delay = 5.78> <FuncUnit> <Opcode : 'fmul'> <InPorts = 2> <OutPorts = 1>
ST_77 : Operation 238 [3/5] (8.26ns)   --->   "%tmp_12 = fadd float %x, %y" [src/cpp/video_mandelbrot_generator.cpp:56]   --->   Operation 238 'fadd' 'tmp_12' <Predicate = true> <Delay = 8.26> <Core = "FAddSub">   --->   Core 105 'FAddSub' <Latency = 4> <II = 1> <Delay = 8.26> <FuncUnit> <Opcode : 'fadd' 'fsub'> <InPorts = 2> <OutPorts = 1>

State 78 <SV = 77> <Delay = 8.26>
ST_78 : Operation 239 [1/4] (5.78ns)   --->   "%rsquare = fmul float %x, %x" [src/cpp/video_mandelbrot_generator.cpp:54]   --->   Operation 239 'fmul' 'rsquare' <Predicate = true> <Delay = 5.78> <Core = "FMul">   --->   Core 106 'FMul' <Latency = 3> <II = 1> <Delay = 5.78> <FuncUnit> <Opcode : 'fmul'> <InPorts = 2> <OutPorts = 1>
ST_78 : Operation 240 [1/4] (5.78ns)   --->   "%isquare = fmul float %y, %y" [src/cpp/video_mandelbrot_generator.cpp:55]   --->   Operation 240 'fmul' 'isquare' <Predicate = true> <Delay = 5.78> <Core = "FMul">   --->   Core 106 'FMul' <Latency = 3> <II = 1> <Delay = 5.78> <FuncUnit> <Opcode : 'fmul'> <InPorts = 2> <OutPorts = 1>
ST_78 : Operation 241 [2/5] (8.26ns)   --->   "%tmp_12 = fadd float %x, %y" [src/cpp/video_mandelbrot_generator.cpp:56]   --->   Operation 241 'fadd' 'tmp_12' <Predicate = true> <Delay = 8.26> <Core = "FAddSub">   --->   Core 105 'FAddSub' <Latency = 4> <II = 1> <Delay = 8.26> <FuncUnit> <Opcode : 'fadd' 'fsub'> <InPorts = 2> <OutPorts = 1>

State 79 <SV = 78> <Delay = 8.26>
ST_79 : Operation 242 [1/5] (8.26ns)   --->   "%tmp_12 = fadd float %x, %y" [src/cpp/video_mandelbrot_generator.cpp:56]   --->   Operation 242 'fadd' 'tmp_12' <Predicate = true> <Delay = 8.26> <Core = "FAddSub">   --->   Core 105 'FAddSub' <Latency = 4> <II = 1> <Delay = 8.26> <FuncUnit> <Opcode : 'fadd' 'fsub'> <InPorts = 2> <OutPorts = 1>

State 80 <SV = 79> <Delay = 5.78>
ST_80 : Operation 243 [4/4] (5.78ns)   --->   "%zsquare = fmul float %tmp_12, %tmp_12" [src/cpp/video_mandelbrot_generator.cpp:56]   --->   Operation 243 'fmul' 'zsquare' <Predicate = true> <Delay = 5.78> <Core = "FMul">   --->   Core 106 'FMul' <Latency = 3> <II = 1> <Delay = 5.78> <FuncUnit> <Opcode : 'fmul'> <InPorts = 2> <OutPorts = 1>

State 81 <SV = 80> <Delay = 5.78>
ST_81 : Operation 244 [3/4] (5.78ns)   --->   "%zsquare = fmul float %tmp_12, %tmp_12" [src/cpp/video_mandelbrot_generator.cpp:56]   --->   Operation 244 'fmul' 'zsquare' <Predicate = true> <Delay = 5.78> <Core = "FMul">   --->   Core 106 'FMul' <Latency = 3> <II = 1> <Delay = 5.78> <FuncUnit> <Opcode : 'fmul'> <InPorts = 2> <OutPorts = 1>

State 82 <SV = 81> <Delay = 5.78>
ST_82 : Operation 245 [2/4] (5.78ns)   --->   "%zsquare = fmul float %tmp_12, %tmp_12" [src/cpp/video_mandelbrot_generator.cpp:56]   --->   Operation 245 'fmul' 'zsquare' <Predicate = true> <Delay = 5.78> <Core = "FMul">   --->   Core 106 'FMul' <Latency = 3> <II = 1> <Delay = 5.78> <FuncUnit> <Opcode : 'fmul'> <InPorts = 2> <OutPorts = 1>

State 83 <SV = 82> <Delay = 5.78>
ST_83 : Operation 246 [1/4] (5.78ns)   --->   "%zsquare = fmul float %tmp_12, %tmp_12" [src/cpp/video_mandelbrot_generator.cpp:56]   --->   Operation 246 'fmul' 'zsquare' <Predicate = true> <Delay = 5.78> <Core = "FMul">   --->   Core 106 'FMul' <Latency = 3> <II = 1> <Delay = 5.78> <FuncUnit> <Opcode : 'fmul'> <InPorts = 2> <OutPorts = 1>
ST_83 : Operation 247 [1/1] (0.00ns)   --->   "br label %4" [src/cpp/video_mandelbrot_generator.cpp:58]   --->   Operation 247 'br' <Predicate = true> <Delay = 0.00>

State 84 <SV = 60> <Delay = 0.00>
ST_84 : Operation 248 [1/2] (0.00ns)   --->   "call void @_ssdm_op_Write.axis.volatile.i24P.i3P.i3P.i1P.i1P.i1P.i1P(i24* %VIDEO_OUT_V_data_V, i3* %VIDEO_OUT_V_keep_V, i3* %VIDEO_OUT_V_strb_V, i1* %VIDEO_OUT_V_user_V, i1* %VIDEO_OUT_V_last_V, i1* %VIDEO_OUT_V_id_V, i1* %VIDEO_OUT_V_dest_V, i24 %pixel_out_V, i3 undef, i3 undef, i1 %tmp_user_V, i1 %tmp_last_V, i1 undef, i1 undef)" [src/cpp/video_mandelbrot_generator.cpp:68]   --->   Operation 248 'write' <Predicate = true> <Delay = 0.00> <Core = "AXI4Stream">   --->   Core 5 'AXI4Stream' <Latency = 0> <II = 1> <Delay = 1.00> <Adapter> <Opcode : >
ST_84 : Operation 249 [1/1] (0.00ns)   --->   "br label %2" [src/cpp/video_mandelbrot_generator.cpp:26]   --->   Operation 249 'br' <Predicate = true> <Delay = 0.00>


============================================================
+ Verbose Summary: Timing violations
============================================================
Target clock period: 10ns, clock uncertainty: 1.25ns.

 <State 1>: 1.66ns
The critical path consists of the following:
	multiplexor before 'phi' operation ('row') with incoming values : ('row', src/cpp/video_mandelbrot_generator.cpp:24) [33]  (1.66 ns)

 <State 2>: 6.18ns
The critical path consists of the following:
	'phi' operation ('row') with incoming values : ('row', src/cpp/video_mandelbrot_generator.cpp:24) [33]  (0 ns)
	'uitofp' operation ('tmp_3', src/cpp/video_mandelbrot_generator.cpp:44) [43]  (6.18 ns)

 <State 3>: 6.18ns
The critical path consists of the following:
	'uitofp' operation ('tmp_3', src/cpp/video_mandelbrot_generator.cpp:44) [43]  (6.18 ns)

 <State 4>: 6.18ns
The critical path consists of the following:
	'uitofp' operation ('tmp_3', src/cpp/video_mandelbrot_generator.cpp:44) [43]  (6.18 ns)

 <State 5>: 6.18ns
The critical path consists of the following:
	'uitofp' operation ('tmp_3', src/cpp/video_mandelbrot_generator.cpp:44) [43]  (6.18 ns)

 <State 6>: 6.18ns
The critical path consists of the following:
	'uitofp' operation ('tmp_3', src/cpp/video_mandelbrot_generator.cpp:44) [43]  (6.18 ns)

 <State 7>: 6.18ns
The critical path consists of the following:
	'uitofp' operation ('tmp_3', src/cpp/video_mandelbrot_generator.cpp:44) [43]  (6.18 ns)

 <State 8>: 8.26ns
The critical path consists of the following:
	'fadd' operation ('imag_top', src/cpp/video_mandelbrot_generator.cpp:44) [44]  (8.26 ns)

 <State 9>: 8.26ns
The critical path consists of the following:
	'fadd' operation ('imag_top', src/cpp/video_mandelbrot_generator.cpp:44) [44]  (8.26 ns)

 <State 10>: 8.26ns
The critical path consists of the following:
	'fadd' operation ('imag_top', src/cpp/video_mandelbrot_generator.cpp:44) [44]  (8.26 ns)

 <State 11>: 8.26ns
The critical path consists of the following:
	'fadd' operation ('imag_top', src/cpp/video_mandelbrot_generator.cpp:44) [44]  (8.26 ns)

 <State 12>: 8.26ns
The critical path consists of the following:
	'fadd' operation ('imag_top', src/cpp/video_mandelbrot_generator.cpp:44) [44]  (8.26 ns)

 <State 13>: 5.78ns
The critical path consists of the following:
	'fmul' operation ('tmp_4', src/cpp/video_mandelbrot_generator.cpp:46) [45]  (5.78 ns)

 <State 14>: 5.78ns
The critical path consists of the following:
	'fmul' operation ('tmp_4', src/cpp/video_mandelbrot_generator.cpp:46) [45]  (5.78 ns)

 <State 15>: 5.78ns
The critical path consists of the following:
	'fmul' operation ('tmp_4', src/cpp/video_mandelbrot_generator.cpp:46) [45]  (5.78 ns)

 <State 16>: 5.78ns
The critical path consists of the following:
	'fmul' operation ('tmp_4', src/cpp/video_mandelbrot_generator.cpp:46) [45]  (5.78 ns)

 <State 17>: 5.78ns
The critical path consists of the following:
	'fmul' operation ('tmp_5', src/cpp/video_mandelbrot_generator.cpp:46) [46]  (5.78 ns)

 <State 18>: 5.78ns
The critical path consists of the following:
	'fmul' operation ('tmp_5', src/cpp/video_mandelbrot_generator.cpp:46) [46]  (5.78 ns)

 <State 19>: 5.78ns
The critical path consists of the following:
	'fmul' operation ('tmp_5', src/cpp/video_mandelbrot_generator.cpp:46) [46]  (5.78 ns)

 <State 20>: 5.78ns
The critical path consists of the following:
	'fmul' operation ('tmp_5', src/cpp/video_mandelbrot_generator.cpp:46) [46]  (5.78 ns)

 <State 21>: 8.26ns
The critical path consists of the following:
	'fadd' operation ('y0', src/cpp/video_mandelbrot_generator.cpp:46) [47]  (8.26 ns)

 <State 22>: 8.26ns
The critical path consists of the following:
	'fadd' operation ('y0', src/cpp/video_mandelbrot_generator.cpp:46) [47]  (8.26 ns)

 <State 23>: 8.26ns
The critical path consists of the following:
	'fadd' operation ('y0', src/cpp/video_mandelbrot_generator.cpp:46) [47]  (8.26 ns)

 <State 24>: 8.26ns
The critical path consists of the following:
	'fadd' operation ('y0', src/cpp/video_mandelbrot_generator.cpp:46) [47]  (8.26 ns)

 <State 25>: 8.26ns
The critical path consists of the following:
	'fadd' operation ('y0', src/cpp/video_mandelbrot_generator.cpp:46) [47]  (8.26 ns)

 <State 26>: 6.18ns
The critical path consists of the following:
	'phi' operation ('col') with incoming values : ('col', src/cpp/video_mandelbrot_generator.cpp:26) [50]  (0 ns)
	'uitofp' operation ('tmp_6', src/cpp/video_mandelbrot_generator.cpp:40) [60]  (6.18 ns)

 <State 27>: 6.18ns
The critical path consists of the following:
	'uitofp' operation ('tmp_6', src/cpp/video_mandelbrot_generator.cpp:40) [60]  (6.18 ns)

 <State 28>: 6.18ns
The critical path consists of the following:
	'uitofp' operation ('tmp_6', src/cpp/video_mandelbrot_generator.cpp:40) [60]  (6.18 ns)

 <State 29>: 6.18ns
The critical path consists of the following:
	'uitofp' operation ('tmp_6', src/cpp/video_mandelbrot_generator.cpp:40) [60]  (6.18 ns)

 <State 30>: 6.18ns
The critical path consists of the following:
	'uitofp' operation ('tmp_6', src/cpp/video_mandelbrot_generator.cpp:40) [60]  (6.18 ns)

 <State 31>: 6.18ns
The critical path consists of the following:
	'uitofp' operation ('tmp_6', src/cpp/video_mandelbrot_generator.cpp:40) [60]  (6.18 ns)

 <State 32>: 8.26ns
The critical path consists of the following:
	'fadd' operation ('real_top', src/cpp/video_mandelbrot_generator.cpp:40) [61]  (8.26 ns)

 <State 33>: 8.26ns
The critical path consists of the following:
	'fadd' operation ('real_top', src/cpp/video_mandelbrot_generator.cpp:40) [61]  (8.26 ns)

 <State 34>: 8.26ns
The critical path consists of the following:
	'fadd' operation ('real_top', src/cpp/video_mandelbrot_generator.cpp:40) [61]  (8.26 ns)

 <State 35>: 8.26ns
The critical path consists of the following:
	'fadd' operation ('real_top', src/cpp/video_mandelbrot_generator.cpp:40) [61]  (8.26 ns)

 <State 36>: 8.26ns
The critical path consists of the following:
	'fadd' operation ('real_top', src/cpp/video_mandelbrot_generator.cpp:40) [61]  (8.26 ns)

 <State 37>: 5.78ns
The critical path consists of the following:
	'fmul' operation ('tmp_7', src/cpp/video_mandelbrot_generator.cpp:42) [62]  (5.78 ns)

 <State 38>: 5.78ns
The critical path consists of the following:
	'fmul' operation ('tmp_7', src/cpp/video_mandelbrot_generator.cpp:42) [62]  (5.78 ns)

 <State 39>: 5.78ns
The critical path consists of the following:
	'fmul' operation ('tmp_7', src/cpp/video_mandelbrot_generator.cpp:42) [62]  (5.78 ns)

 <State 40>: 5.78ns
The critical path consists of the following:
	'fmul' operation ('tmp_7', src/cpp/video_mandelbrot_generator.cpp:42) [62]  (5.78 ns)

 <State 41>: 5.78ns
The critical path consists of the following:
	'fmul' operation ('tmp_8', src/cpp/video_mandelbrot_generator.cpp:42) [63]  (5.78 ns)

 <State 42>: 5.78ns
The critical path consists of the following:
	'fmul' operation ('tmp_8', src/cpp/video_mandelbrot_generator.cpp:42) [63]  (5.78 ns)

 <State 43>: 5.78ns
The critical path consists of the following:
	'fmul' operation ('tmp_8', src/cpp/video_mandelbrot_generator.cpp:42) [63]  (5.78 ns)

 <State 44>: 5.78ns
The critical path consists of the following:
	'fmul' operation ('tmp_8', src/cpp/video_mandelbrot_generator.cpp:42) [63]  (5.78 ns)

 <State 45>: 5.78ns
The critical path consists of the following:
	'fmul' operation ('tmp_9', src/cpp/video_mandelbrot_generator.cpp:42) [64]  (5.78 ns)

 <State 46>: 5.78ns
The critical path consists of the following:
	'fmul' operation ('tmp_9', src/cpp/video_mandelbrot_generator.cpp:42) [64]  (5.78 ns)

 <State 47>: 5.78ns
The critical path consists of the following:
	'fmul' operation ('tmp_9', src/cpp/video_mandelbrot_generator.cpp:42) [64]  (5.78 ns)

 <State 48>: 5.78ns
The critical path consists of the following:
	'fmul' operation ('tmp_9', src/cpp/video_mandelbrot_generator.cpp:42) [64]  (5.78 ns)

 <State 49>: 8.26ns
The critical path consists of the following:
	'fadd' operation ('x0', src/cpp/video_mandelbrot_generator.cpp:42) [65]  (8.26 ns)

 <State 50>: 8.26ns
The critical path consists of the following:
	'fadd' operation ('x0', src/cpp/video_mandelbrot_generator.cpp:42) [65]  (8.26 ns)

 <State 51>: 8.26ns
The critical path consists of the following:
	'fadd' operation ('x0', src/cpp/video_mandelbrot_generator.cpp:42) [65]  (8.26 ns)

 <State 52>: 8.26ns
The critical path consists of the following:
	'fadd' operation ('x0', src/cpp/video_mandelbrot_generator.cpp:42) [65]  (8.26 ns)

 <State 53>: 8.26ns
The critical path consists of the following:
	'fadd' operation ('x0', src/cpp/video_mandelbrot_generator.cpp:42) [65]  (8.26 ns)

 <State 54>: 8.26ns
The critical path consists of the following:
	'phi' operation ('rsquare') with incoming values : ('rsquare', src/cpp/video_mandelbrot_generator.cpp:54) [68]  (0 ns)
	'fadd' operation ('tmp_s', src/cpp/video_mandelbrot_generator.cpp:51) [72]  (8.26 ns)

 <State 55>: 8.26ns
The critical path consists of the following:
	'fadd' operation ('tmp_s', src/cpp/video_mandelbrot_generator.cpp:51) [72]  (8.26 ns)

 <State 56>: 8.26ns
The critical path consists of the following:
	'fadd' operation ('tmp_s', src/cpp/video_mandelbrot_generator.cpp:51) [72]  (8.26 ns)

 <State 57>: 8.26ns
The critical path consists of the following:
	'fadd' operation ('tmp_s', src/cpp/video_mandelbrot_generator.cpp:51) [72]  (8.26 ns)

 <State 58>: 8.26ns
The critical path consists of the following:
	'fadd' operation ('tmp_s', src/cpp/video_mandelbrot_generator.cpp:51) [72]  (8.26 ns)

 <State 59>: 5.1ns
The critical path consists of the following:
	'fcmp' operation ('tmp_13', src/cpp/video_mandelbrot_generator.cpp:51) [79]  (5.1 ns)

 <State 60>: 8.26ns
The critical path consists of the following:
	'phi' operation ('zsquare') with incoming values : ('zsquare', src/cpp/video_mandelbrot_generator.cpp:56) [70]  (0 ns)
	'fsub' operation ('tmp_10', src/cpp/video_mandelbrot_generator.cpp:53) [88]  (8.26 ns)

 <State 61>: 8.26ns
The critical path consists of the following:
	'fsub' operation ('tmp_2', src/cpp/video_mandelbrot_generator.cpp:52) [86]  (8.26 ns)

 <State 62>: 8.26ns
The critical path consists of the following:
	'fsub' operation ('tmp_2', src/cpp/video_mandelbrot_generator.cpp:52) [86]  (8.26 ns)

 <State 63>: 8.26ns
The critical path consists of the following:
	'fsub' operation ('tmp_2', src/cpp/video_mandelbrot_generator.cpp:52) [86]  (8.26 ns)

 <State 64>: 8.26ns
The critical path consists of the following:
	'fsub' operation ('tmp_2', src/cpp/video_mandelbrot_generator.cpp:52) [86]  (8.26 ns)

 <State 65>: 8.26ns
The critical path consists of the following:
	'fadd' operation ('x', src/cpp/video_mandelbrot_generator.cpp:52) [87]  (8.26 ns)

 <State 66>: 8.26ns
The critical path consists of the following:
	'fadd' operation ('x', src/cpp/video_mandelbrot_generator.cpp:52) [87]  (8.26 ns)

 <State 67>: 8.26ns
The critical path consists of the following:
	'fadd' operation ('x', src/cpp/video_mandelbrot_generator.cpp:52) [87]  (8.26 ns)

 <State 68>: 8.26ns
The critical path consists of the following:
	'fadd' operation ('x', src/cpp/video_mandelbrot_generator.cpp:52) [87]  (8.26 ns)

 <State 69>: 8.26ns
The critical path consists of the following:
	'fadd' operation ('x', src/cpp/video_mandelbrot_generator.cpp:52) [87]  (8.26 ns)

 <State 70>: 8.26ns
The critical path consists of the following:
	'fadd' operation ('y', src/cpp/video_mandelbrot_generator.cpp:53) [90]  (8.26 ns)

 <State 71>: 8.26ns
The critical path consists of the following:
	'fadd' operation ('y', src/cpp/video_mandelbrot_generator.cpp:53) [90]  (8.26 ns)

 <State 72>: 8.26ns
The critical path consists of the following:
	'fadd' operation ('y', src/cpp/video_mandelbrot_generator.cpp:53) [90]  (8.26 ns)

 <State 73>: 8.26ns
The critical path consists of the following:
	'fadd' operation ('y', src/cpp/video_mandelbrot_generator.cpp:53) [90]  (8.26 ns)

 <State 74>: 8.26ns
The critical path consists of the following:
	'fadd' operation ('y', src/cpp/video_mandelbrot_generator.cpp:53) [90]  (8.26 ns)

 <State 75>: 8.26ns
The critical path consists of the following:
	'fadd' operation ('tmp_12', src/cpp/video_mandelbrot_generator.cpp:56) [93]  (8.26 ns)

 <State 76>: 8.26ns
The critical path consists of the following:
	'fadd' operation ('tmp_12', src/cpp/video_mandelbrot_generator.cpp:56) [93]  (8.26 ns)

 <State 77>: 8.26ns
The critical path consists of the following:
	'fadd' operation ('tmp_12', src/cpp/video_mandelbrot_generator.cpp:56) [93]  (8.26 ns)

 <State 78>: 8.26ns
The critical path consists of the following:
	'fadd' operation ('tmp_12', src/cpp/video_mandelbrot_generator.cpp:56) [93]  (8.26 ns)

 <State 79>: 8.26ns
The critical path consists of the following:
	'fadd' operation ('tmp_12', src/cpp/video_mandelbrot_generator.cpp:56) [93]  (8.26 ns)

 <State 80>: 5.78ns
The critical path consists of the following:
	'fmul' operation ('zsquare', src/cpp/video_mandelbrot_generator.cpp:56) [94]  (5.78 ns)

 <State 81>: 5.78ns
The critical path consists of the following:
	'fmul' operation ('zsquare', src/cpp/video_mandelbrot_generator.cpp:56) [94]  (5.78 ns)

 <State 82>: 5.78ns
The critical path consists of the following:
	'fmul' operation ('zsquare', src/cpp/video_mandelbrot_generator.cpp:56) [94]  (5.78 ns)

 <State 83>: 5.78ns
The critical path consists of the following:
	'fmul' operation ('zsquare', src/cpp/video_mandelbrot_generator.cpp:56) [94]  (5.78 ns)

 <State 84>: 0ns
The critical path consists of the following:


============================================================
+ Verbose Summary: Binding
============================================================
N/A
* FSMD analyzer results:
  - Output states:
 - Input state : 
  - Chain level:
	State 1
	State 2
	State 3
	State 4
	State 5
	State 6
	State 7
	State 8
	State 9
	State 10
	State 11
	State 12
	State 13
	State 14
	State 15
	State 16
	State 17
	State 18
	State 19
	State 20
	State 21
	State 22
	State 23
	State 24
	State 25
	State 26
	State 27
	State 28
	State 29
	State 30
	State 31
	State 32
	State 33
	State 34
	State 35
	State 36
	State 37
	State 38
	State 39
	State 40
	State 41
	State 42
	State 43
	State 44
	State 45
	State 46
	State 47
	State 48
	State 49
	State 50
	State 51
	State 52
	State 53
	State 54
	State 55
	State 56
	State 57
	State 58
	State 59
	State 60
	State 61
	State 62
	State 63
	State 64
	State 65
	State 66
	State 67
	State 68
	State 69
	State 70
	State 71
	State 72
	State 73
	State 74
	State 75
	State 76
	State 77
	State 78
	State 79
	State 80
	State 81
	State 82
	State 83
	State 84


============================================================
+ Verbose Summary: Datapath Resource usage 
============================================================
N/A
